<?xml version="1.0" encoding="UTF-8"?>
<!-- Generated by org.testng.reporters.JUnitReportReporter -->
<testsuite name="org.fcrepo.spec.testsuite.authz.WebACLinking" tests="2" time="0.053" ignored="0" failures="1" timestamp="02 Aug 2019 16:44:26 GMT" skipped="1" hostname="deck" errors="0">
  <testcase name="conflictIfNotSupportingAclLink" time="0.026" classname="org.fcrepo.spec.testsuite.authz.WebACLinking">
    <failure type="java.lang.AssertionError" message="Response does not contain a link of rel type = http://www.w3.org/ns/ldp#constrainedBy">
      <![CDATA[java.lang.AssertionError: Response does not contain a link of rel type = http://www.w3.org/ns/ldp#constrainedBy
	at org.testng.AssertJUnit.fail(AssertJUnit.java:59)
	at org.fcrepo.spec.testsuite.AbstractTest.confirmPresenceOfConstrainedByLink(AbstractTest.java:558)
	at org.fcrepo.spec.testsuite.authz.WebACLinking.conflictIfNotSupportingAclLink(WebACLinking.java:92)
	at sun.reflect.NativeMethodAccessorImpl.invoke0(Native Method)
	at sun.reflect.NativeMethodAccessorImpl.invoke(NativeMethodAccessorImpl.java:62)
	at sun.reflect.DelegatingMethodAccessorImpl.invoke(DelegatingMethodAccessorImpl.java:43)
	at java.lang.reflect.Method.invoke(Method.java:498)
	at org.testng.internal.MethodInvocationHelper.invokeMethod(MethodInvocationHelper.java:104)
	at org.testng.internal.Invoker.invokeMethod(Invoker.java:645)
	at org.testng.internal.Invoker.invokeTestMethod(Invoker.java:851)
	at org.testng.internal.Invoker.invokeTestMethods(Invoker.java:1177)
	at org.testng.internal.TestMethodWorker.invokeTestMethods(TestMethodWorker.java:129)
	at org.testng.internal.TestMethodWorker.run(TestMethodWorker.java:112)
	at org.testng.TestRunner.privateRun(TestRunner.java:756)
	at org.testng.TestRunner.run(TestRunner.java:610)
	at org.testng.SuiteRunner.runTest(SuiteRunner.java:387)
	at org.testng.SuiteRunner.runSequentially(SuiteRunner.java:382)
	at org.testng.SuiteRunner.privateRun(SuiteRunner.java:340)
	at org.testng.SuiteRunner.run(SuiteRunner.java:289)
	at org.testng.SuiteRunnerWorker.runSuite(SuiteRunnerWorker.java:52)
	at org.testng.SuiteRunnerWorker.run(SuiteRunnerWorker.java:86)
	at org.testng.TestNG.runSuitesSequentially(TestNG.java:1293)
	at org.testng.TestNG.runSuitesLocally(TestNG.java:1218)
	at org.testng.TestNG.runSuites(TestNG.java:1133)
	at org.testng.TestNG.run(TestNG.java:1104)
	at org.fcrepo.spec.testsuite.App.main(App.java:309)
]]>
    </failure>
  </testcase> <!-- conflictIfNotSupportingAclLink -->
  <testcase name="linkToAclOnCreation" time="0.027" classname="org.fcrepo.spec.testsuite.authz.WebACLinking">
    <skipped/>
  </testcase> <!-- linkToAclOnCreation -->
</testsuite> <!-- org.fcrepo.spec.testsuite.authz.WebACLinking -->
