<?xml version="1.0" encoding="UTF-8"?>
<!-- Generated by org.testng.reporters.JUnitReportReporter -->
<testsuite name="org.fcrepo.spec.testsuite.crud.HttpGet" tests="12" time="0.603" ignored="0" failures="8" timestamp="02 Aug 2019 16:44:26 GMT" skipped="0" hostname="deck" errors="2">
  <testcase name="additionalValuesForPreferHeaderContainedDescriptions" time="0.116" classname="org.fcrepo.spec.testsuite.crud.HttpGet">
    <failure type="java.lang.AssertionError" message="1 expectation failed.
Response body doesn&#039;t match expectation.
Expected: To contain triple: [http://0.0.0.0:8080/testsuitecontainer08022019124347/3.2.1-B/child, http://xmlns.com/foaf/0.1/name, &quot;Pythagoras&quot;]
  Actual: &lt;http://0.0.0.0:8080/testsuitecontainer08022019124347/3.2.1-B&gt;
        &lt;http://purl.org/dc/terms/description&gt;  &quot;This is a crud container for the Fedora API Test Suite.&quot; ;
        &lt;http://purl.org/dc/terms/title&gt;  &quot;Container class Container&quot; ;
        &lt;http://www.w3.org/ns/ldp#contains&gt;  &lt;http://0.0.0.0:8080/testsuitecontainer08022019124347/3.2.1-B/child&gt; .

">
      <![CDATA[java.lang.AssertionError: 1 expectation failed.
Response body doesn't match expectation.
Expected: To contain triple: [http://0.0.0.0:8080/testsuitecontainer08022019124347/3.2.1-B/child, http://xmlns.com/foaf/0.1/name, "Pythagoras"]
  Actual: <http://0.0.0.0:8080/testsuitecontainer08022019124347/3.2.1-B>
        <http://purl.org/dc/terms/description>  "This is a crud container for the Fedora API Test Suite." ;
        <http://purl.org/dc/terms/title>  "Container class Container" ;
        <http://www.w3.org/ns/ldp#contains>  <http://0.0.0.0:8080/testsuitecontainer08022019124347/3.2.1-B/child> .


	at sun.reflect.NativeConstructorAccessorImpl.newInstance0(Native Method)
	at sun.reflect.NativeConstructorAccessorImpl.newInstance(NativeConstructorAccessorImpl.java:62)
	at sun.reflect.DelegatingConstructorAccessorImpl.newInstance(DelegatingConstructorAccessorImpl.java:45)
	at java.lang.reflect.Constructor.newInstance(Constructor.java:423)
	at org.codehaus.groovy.reflection.CachedConstructor.invoke(CachedConstructor.java:83)
	at org.codehaus.groovy.reflection.CachedConstructor.doConstructorInvoke(CachedConstructor.java:77)
	at org.codehaus.groovy.runtime.callsite.ConstructorSite$ConstructorSiteNoUnwrap.callConstructor(ConstructorSite.java:84)
	at org.codehaus.groovy.runtime.callsite.AbstractCallSite.callConstructor(AbstractCallSite.java:247)
	at io.restassured.internal.ResponseSpecificationImpl$HamcrestAssertionClosure.validate(ResponseSpecificationImpl.groovy:483)
	at io.restassured.internal.ResponseSpecificationImpl$HamcrestAssertionClosure$validate$1.call(Unknown Source)
	at io.restassured.internal.ResponseSpecificationImpl.validateResponseIfRequired(ResponseSpecificationImpl.groovy:655)
	at sun.reflect.GeneratedMethodAccessor148.invoke(Unknown Source)
	at sun.reflect.DelegatingMethodAccessorImpl.invoke(DelegatingMethodAccessorImpl.java:43)
	at java.lang.reflect.Method.invoke(Method.java:498)
	at org.codehaus.groovy.runtime.callsite.PogoMetaMethodSite$PogoCachedMethodSiteNoUnwrapNoCoerce.invoke(PogoMetaMethodSite.java:210)
	at org.codehaus.groovy.runtime.callsite.PogoMetaMethodSite.callCurrent(PogoMetaMethodSite.java:59)
	at org.codehaus.groovy.runtime.callsite.CallSiteArray.defaultCallCurrent(CallSiteArray.java:52)
	at org.codehaus.groovy.runtime.callsite.AbstractCallSite.callCurrent(AbstractCallSite.java:154)
	at org.codehaus.groovy.runtime.callsite.AbstractCallSite.callCurrent(AbstractCallSite.java:166)
	at io.restassured.internal.ResponseSpecificationImpl.content(ResponseSpecificationImpl.groovy:95)
	at io.restassured.specification.ResponseSpecification$content$3.callCurrent(Unknown Source)
	at org.codehaus.groovy.runtime.callsite.CallSiteArray.defaultCallCurrent(CallSiteArray.java:52)
	at org.codehaus.groovy.runtime.callsite.AbstractCallSite.callCurrent(AbstractCallSite.java:154)
	at org.codehaus.groovy.runtime.callsite.AbstractCallSite.callCurrent(AbstractCallSite.java:174)
	at io.restassured.internal.ResponseSpecificationImpl.body(ResponseSpecificationImpl.groovy:254)
	at io.restassured.internal.ValidatableResponseOptionsImpl.body(ValidatableResponseOptionsImpl.java:268)
	at org.fcrepo.spec.testsuite.crud.HttpGet.additionalValuesForPreferHeaderContainedDescriptions(HttpGet.java:107)
	at sun.reflect.NativeMethodAccessorImpl.invoke0(Native Method)
	at sun.reflect.NativeMethodAccessorImpl.invoke(NativeMethodAccessorImpl.java:62)
	at sun.reflect.DelegatingMethodAccessorImpl.invoke(DelegatingMethodAccessorImpl.java:43)
	at java.lang.reflect.Method.invoke(Method.java:498)
	at org.testng.internal.MethodInvocationHelper.invokeMethod(MethodInvocationHelper.java:104)
	at org.testng.internal.Invoker.invokeMethod(Invoker.java:645)
	at org.testng.internal.Invoker.invokeTestMethod(Invoker.java:851)
	at org.testng.internal.Invoker.invokeTestMethods(Invoker.java:1177)
	at org.testng.internal.TestMethodWorker.invokeTestMethods(TestMethodWorker.java:129)
	at org.testng.internal.TestMethodWorker.run(TestMethodWorker.java:112)
	at org.testng.TestRunner.privateRun(TestRunner.java:756)
	at org.testng.TestRunner.run(TestRunner.java:610)
	at org.testng.SuiteRunner.runTest(SuiteRunner.java:387)
	at org.testng.SuiteRunner.runSequentially(SuiteRunner.java:382)
	at org.testng.SuiteRunner.privateRun(SuiteRunner.java:340)
	at org.testng.SuiteRunner.run(SuiteRunner.java:289)
	at org.testng.SuiteRunnerWorker.runSuite(SuiteRunnerWorker.java:52)
	at org.testng.SuiteRunnerWorker.run(SuiteRunnerWorker.java:86)
	at org.testng.TestNG.runSuitesSequentially(TestNG.java:1293)
	at org.testng.TestNG.runSuitesLocally(TestNG.java:1218)
	at org.testng.TestNG.runSuites(TestNG.java:1133)
	at org.testng.TestNG.run(TestNG.java:1104)
	at org.fcrepo.spec.testsuite.App.main(App.java:309)
]]>
    </failure>
  </testcase> <!-- additionalValuesForPreferHeaderContainedDescriptions -->
  <testcase name="additionalValuesForPreferHeader" time="0.034" classname="org.fcrepo.spec.testsuite.crud.HttpGet">
    <failure type="java.lang.AssertionError" message="1 expectation failed.
Expected status code &lt;201&gt; but was &lt;409&gt;.
">
      <![CDATA[java.lang.AssertionError: 1 expectation failed.
Expected status code <201> but was <409>.

	at sun.reflect.NativeConstructorAccessorImpl.newInstance0(Native Method)
	at sun.reflect.NativeConstructorAccessorImpl.newInstance(NativeConstructorAccessorImpl.java:62)
	at sun.reflect.DelegatingConstructorAccessorImpl.newInstance(DelegatingConstructorAccessorImpl.java:45)
	at java.lang.reflect.Constructor.newInstance(Constructor.java:423)
	at org.codehaus.groovy.reflection.CachedConstructor.invoke(CachedConstructor.java:83)
	at org.codehaus.groovy.reflection.CachedConstructor.doConstructorInvoke(CachedConstructor.java:77)
	at org.codehaus.groovy.runtime.callsite.ConstructorSite$ConstructorSiteNoUnwrap.callConstructor(ConstructorSite.java:84)
	at org.codehaus.groovy.runtime.callsite.AbstractCallSite.callConstructor(AbstractCallSite.java:247)
	at io.restassured.internal.ResponseSpecificationImpl$HamcrestAssertionClosure.validate(ResponseSpecificationImpl.groovy:483)
	at io.restassured.internal.ResponseSpecificationImpl$HamcrestAssertionClosure$validate$1.call(Unknown Source)
	at io.restassured.internal.ResponseSpecificationImpl.validateResponseIfRequired(ResponseSpecificationImpl.groovy:655)
	at sun.reflect.GeneratedMethodAccessor148.invoke(Unknown Source)
	at sun.reflect.DelegatingMethodAccessorImpl.invoke(DelegatingMethodAccessorImpl.java:43)
	at java.lang.reflect.Method.invoke(Method.java:498)
	at org.codehaus.groovy.runtime.callsite.PogoMetaMethodSite$PogoCachedMethodSiteNoUnwrapNoCoerce.invoke(PogoMetaMethodSite.java:210)
	at org.codehaus.groovy.runtime.callsite.PogoMetaMethodSite.callCurrent(PogoMetaMethodSite.java:59)
	at org.codehaus.groovy.runtime.callsite.AbstractCallSite.callCurrent(AbstractCallSite.java:166)
	at io.restassured.internal.ResponseSpecificationImpl.statusCode(ResponseSpecificationImpl.groovy:123)
	at io.restassured.specification.ResponseSpecification$statusCode$0.callCurrent(Unknown Source)
	at io.restassured.internal.ResponseSpecificationImpl.statusCode(ResponseSpecificationImpl.groovy:131)
	at io.restassured.internal.ValidatableResponseOptionsImpl.statusCode(ValidatableResponseOptionsImpl.java:119)
	at org.fcrepo.spec.testsuite.AbstractTest.createBasicContainer(AbstractTest.java:187)
	at org.fcrepo.spec.testsuite.AbstractTest.createBasicContainer(AbstractTest.java:173)
	at org.fcrepo.spec.testsuite.crud.HttpGet.additionalValuesForPreferHeader(HttpGet.java:62)
	at sun.reflect.NativeMethodAccessorImpl.invoke0(Native Method)
	at sun.reflect.NativeMethodAccessorImpl.invoke(NativeMethodAccessorImpl.java:62)
	at sun.reflect.DelegatingMethodAccessorImpl.invoke(DelegatingMethodAccessorImpl.java:43)
	at java.lang.reflect.Method.invoke(Method.java:498)
	at org.testng.internal.MethodInvocationHelper.invokeMethod(MethodInvocationHelper.java:104)
	at org.testng.internal.Invoker.invokeMethod(Invoker.java:645)
	at org.testng.internal.Invoker.invokeTestMethod(Invoker.java:851)
	at org.testng.internal.Invoker.invokeTestMethods(Invoker.java:1177)
	at org.testng.internal.TestMethodWorker.invokeTestMethods(TestMethodWorker.java:129)
	at org.testng.internal.TestMethodWorker.run(TestMethodWorker.java:112)
	at org.testng.TestRunner.privateRun(TestRunner.java:756)
	at org.testng.TestRunner.run(TestRunner.java:610)
	at org.testng.SuiteRunner.runTest(SuiteRunner.java:387)
	at org.testng.SuiteRunner.runSequentially(SuiteRunner.java:382)
	at org.testng.SuiteRunner.privateRun(SuiteRunner.java:340)
	at org.testng.SuiteRunner.run(SuiteRunner.java:289)
	at org.testng.SuiteRunnerWorker.runSuite(SuiteRunnerWorker.java:52)
	at org.testng.SuiteRunnerWorker.run(SuiteRunnerWorker.java:86)
	at org.testng.TestNG.runSuitesSequentially(TestNG.java:1293)
	at org.testng.TestNG.runSuitesLocally(TestNG.java:1218)
	at org.testng.TestNG.runSuites(TestNG.java:1133)
	at org.testng.TestNG.run(TestNG.java:1104)
	at org.fcrepo.spec.testsuite.App.main(App.java:309)
]]>
    </failure>
  </testcase> <!-- additionalValuesForPreferHeader -->
  <testcase name="respondWantDigestTwoSupported" time="0.033" classname="org.fcrepo.spec.testsuite.crud.HttpGet">
    <error type="java.lang.NullPointerException">
      <![CDATA[java.lang.NullPointerException
	at org.fcrepo.spec.testsuite.crud.HttpGet.respondWantDigestTwoSupported(HttpGet.java:269)
	at sun.reflect.NativeMethodAccessorImpl.invoke0(Native Method)
	at sun.reflect.NativeMethodAccessorImpl.invoke(NativeMethodAccessorImpl.java:62)
	at sun.reflect.DelegatingMethodAccessorImpl.invoke(DelegatingMethodAccessorImpl.java:43)
	at java.lang.reflect.Method.invoke(Method.java:498)
	at org.testng.internal.MethodInvocationHelper.invokeMethod(MethodInvocationHelper.java:104)
	at org.testng.internal.Invoker.invokeMethod(Invoker.java:645)
	at org.testng.internal.Invoker.invokeTestMethod(Invoker.java:851)
	at org.testng.internal.Invoker.invokeTestMethods(Invoker.java:1177)
	at org.testng.internal.TestMethodWorker.invokeTestMethods(TestMethodWorker.java:129)
	at org.testng.internal.TestMethodWorker.run(TestMethodWorker.java:112)
	at org.testng.TestRunner.privateRun(TestRunner.java:756)
	at org.testng.TestRunner.run(TestRunner.java:610)
	at org.testng.SuiteRunner.runTest(SuiteRunner.java:387)
	at org.testng.SuiteRunner.runSequentially(SuiteRunner.java:382)
	at org.testng.SuiteRunner.privateRun(SuiteRunner.java:340)
	at org.testng.SuiteRunner.run(SuiteRunner.java:289)
	at org.testng.SuiteRunnerWorker.runSuite(SuiteRunnerWorker.java:52)
	at org.testng.SuiteRunnerWorker.run(SuiteRunnerWorker.java:86)
	at org.testng.TestNG.runSuitesSequentially(TestNG.java:1293)
	at org.testng.TestNG.runSuitesLocally(TestNG.java:1218)
	at org.testng.TestNG.runSuites(TestNG.java:1133)
	at org.testng.TestNG.run(TestNG.java:1104)
	at org.fcrepo.spec.testsuite.App.main(App.java:309)
]]>
    </error>
  </testcase> <!-- respondWantDigestTwoSupported -->
  <testcase name="respondWantDigestTwoSupportedQvalueZero" time="0.034" classname="org.fcrepo.spec.testsuite.crud.HttpGet">
    <failure type="java.lang.AssertionError" message="1 expectation failed.
Expected header &quot;Digest&quot; was not a string containing &quot;md5&quot;, was &quot;null&quot;. Headers are:
Accept-Patch=application/sparql-update
Accept-Ranges=bytes
Date=Fri, 02 Aug 2019 16:43:49 GMT
Allow=GET,HEAD,OPTIONS,PUT,DELETE
Connection=keep-alive
ETag=&quot;a9989ba7515a35233a8e0303f983ad2d&quot;
Last-Modified=Fri, 02 Aug 2019 16:43:49 GMT
Vary=Accept
Vary=Accept-Datetime
Vary=Range
Content-Type=text/plain;charset=ISO-8859-1
Content-Length=10
Link=&lt;http://www.w3.org/ns/ldp#NonRDFSource&gt;; rel=&quot;type&quot;
Link=&lt;http://www.w3.org/ns/ldp#Resource&gt;; rel=&quot;type&quot;
Link=&lt;http://0.0.0.0:8080/testsuitecontainer08022019124347/3.2.3-D&gt;; rel=&quot;original timegate&quot;
Link=&lt;http://0.0.0.0:8080/testsuitecontainer08022019124347/3.2.3-D?ext=timemap&gt;; rel=&quot;timemap&quot;; from=&quot;Fri, 2 Aug 2019 16:43:49 GMT&quot;; until=&quot;Fri, 2 Aug 2019 16:43:49 GMT&quot;; type=&quot;application/link-format&quot;
Link=&lt;http://0.0.0.0:8080/testsuitecontainer08022019124347/3.2.3-D?version=1564764229&gt;; rel=&quot;first last memento&quot;; datetime=&quot;Fri, 2 Aug 2019 16:43:49 GMT&quot;
Link=&lt;http://0.0.0.0:8080/testsuitecontainer08022019124347/3.2.3-D&gt;; rel=&quot;canonical&quot;
Link=&lt;http://0.0.0.0:8080/testsuitecontainer08022019124347/3.2.3-D?ext=description&gt;; rel=&quot;describedby&quot;
Link=&lt;http://0.0.0.0:8080/testsuitecontainer08022019124347/3.2.3-D&gt;; rel=&quot;self&quot;
Link=&lt;http://0.0.0.0:8080/testsuitecontainer08022019124347/3.2.3-D?ext=acl&gt;; rel=&quot;acl&quot;
">
      <![CDATA[java.lang.AssertionError: 1 expectation failed.
Expected header "Digest" was not a string containing "md5", was "null". Headers are:
Accept-Patch=application/sparql-update
Accept-Ranges=bytes
Date=Fri, 02 Aug 2019 16:43:49 GMT
Allow=GET,HEAD,OPTIONS,PUT,DELETE
Connection=keep-alive
ETag="a9989ba7515a35233a8e0303f983ad2d"
Last-Modified=Fri, 02 Aug 2019 16:43:49 GMT
Vary=Accept
Vary=Accept-Datetime
Vary=Range
Content-Type=text/plain;charset=ISO-8859-1
Content-Length=10
Link=<http://www.w3.org/ns/ldp#NonRDFSource>; rel="type"
Link=<http://www.w3.org/ns/ldp#Resource>; rel="type"
Link=<http://0.0.0.0:8080/testsuitecontainer08022019124347/3.2.3-D>; rel="original timegate"
Link=<http://0.0.0.0:8080/testsuitecontainer08022019124347/3.2.3-D?ext=timemap>; rel="timemap"; from="Fri, 2 Aug 2019 16:43:49 GMT"; until="Fri, 2 Aug 2019 16:43:49 GMT"; type="application/link-format"
Link=<http://0.0.0.0:8080/testsuitecontainer08022019124347/3.2.3-D?version=1564764229>; rel="first last memento"; datetime="Fri, 2 Aug 2019 16:43:49 GMT"
Link=<http://0.0.0.0:8080/testsuitecontainer08022019124347/3.2.3-D>; rel="canonical"
Link=<http://0.0.0.0:8080/testsuitecontainer08022019124347/3.2.3-D?ext=description>; rel="describedby"
Link=<http://0.0.0.0:8080/testsuitecontainer08022019124347/3.2.3-D>; rel="self"
Link=<http://0.0.0.0:8080/testsuitecontainer08022019124347/3.2.3-D?ext=acl>; rel="acl"

	at sun.reflect.NativeConstructorAccessorImpl.newInstance0(Native Method)
	at sun.reflect.NativeConstructorAccessorImpl.newInstance(NativeConstructorAccessorImpl.java:62)
	at sun.reflect.DelegatingConstructorAccessorImpl.newInstance(DelegatingConstructorAccessorImpl.java:45)
	at java.lang.reflect.Constructor.newInstance(Constructor.java:423)
	at org.codehaus.groovy.reflection.CachedConstructor.invoke(CachedConstructor.java:83)
	at org.codehaus.groovy.reflection.CachedConstructor.doConstructorInvoke(CachedConstructor.java:77)
	at org.codehaus.groovy.runtime.callsite.ConstructorSite$ConstructorSiteNoUnwrap.callConstructor(ConstructorSite.java:84)
	at org.codehaus.groovy.runtime.callsite.AbstractCallSite.callConstructor(AbstractCallSite.java:247)
	at io.restassured.internal.ResponseSpecificationImpl$HamcrestAssertionClosure.validate(ResponseSpecificationImpl.groovy:483)
	at io.restassured.internal.ResponseSpecificationImpl$HamcrestAssertionClosure$validate$1.call(Unknown Source)
	at io.restassured.internal.ResponseSpecificationImpl.validateResponseIfRequired(ResponseSpecificationImpl.groovy:655)
	at sun.reflect.GeneratedMethodAccessor148.invoke(Unknown Source)
	at sun.reflect.DelegatingMethodAccessorImpl.invoke(DelegatingMethodAccessorImpl.java:43)
	at java.lang.reflect.Method.invoke(Method.java:498)
	at org.codehaus.groovy.runtime.callsite.PogoMetaMethodSite$PogoCachedMethodSiteNoUnwrapNoCoerce.invoke(PogoMetaMethodSite.java:210)
	at org.codehaus.groovy.runtime.callsite.PogoMetaMethodSite.callCurrent(PogoMetaMethodSite.java:59)
	at org.codehaus.groovy.runtime.callsite.AbstractCallSite.callCurrent(AbstractCallSite.java:166)
	at io.restassured.internal.ResponseSpecificationImpl.header(ResponseSpecificationImpl.groovy:178)
	at io.restassured.internal.ValidatableResponseOptionsImpl.header(ValidatableResponseOptionsImpl.java:144)
	at org.fcrepo.spec.testsuite.crud.HttpGet.respondWantDigestTwoSupportedQvalueZero(HttpGet.java:326)
	at sun.reflect.NativeMethodAccessorImpl.invoke0(Native Method)
	at sun.reflect.NativeMethodAccessorImpl.invoke(NativeMethodAccessorImpl.java:62)
	at sun.reflect.DelegatingMethodAccessorImpl.invoke(DelegatingMethodAccessorImpl.java:43)
	at java.lang.reflect.Method.invoke(Method.java:498)
	at org.testng.internal.MethodInvocationHelper.invokeMethod(MethodInvocationHelper.java:104)
	at org.testng.internal.Invoker.invokeMethod(Invoker.java:645)
	at org.testng.internal.Invoker.invokeTestMethod(Invoker.java:851)
	at org.testng.internal.Invoker.invokeTestMethods(Invoker.java:1177)
	at org.testng.internal.TestMethodWorker.invokeTestMethods(TestMethodWorker.java:129)
	at org.testng.internal.TestMethodWorker.run(TestMethodWorker.java:112)
	at org.testng.TestRunner.privateRun(TestRunner.java:756)
	at org.testng.TestRunner.run(TestRunner.java:610)
	at org.testng.SuiteRunner.runTest(SuiteRunner.java:387)
	at org.testng.SuiteRunner.runSequentially(SuiteRunner.java:382)
	at org.testng.SuiteRunner.privateRun(SuiteRunner.java:340)
	at org.testng.SuiteRunner.run(SuiteRunner.java:289)
	at org.testng.SuiteRunnerWorker.runSuite(SuiteRunnerWorker.java:52)
	at org.testng.SuiteRunnerWorker.run(SuiteRunnerWorker.java:86)
	at org.testng.TestNG.runSuitesSequentially(TestNG.java:1293)
	at org.testng.TestNG.runSuitesLocally(TestNG.java:1218)
	at org.testng.TestNG.runSuites(TestNG.java:1133)
	at org.testng.TestNG.run(TestNG.java:1104)
	at org.fcrepo.spec.testsuite.App.main(App.java:309)
]]>
    </failure>
  </testcase> <!-- respondWantDigestTwoSupportedQvalueZero -->
  <testcase name="respondWantDigestMd5" time="0.038" classname="org.fcrepo.spec.testsuite.crud.HttpGet">
    <failure type="java.lang.AssertionError" message="1 expectation failed.
Expected header &quot;Digest&quot; was not a string containing &quot;md5&quot;, was &quot;null&quot;. Headers are:
Accept-Patch=application/sparql-update
Accept-Ranges=bytes
Date=Fri, 02 Aug 2019 16:43:49 GMT
Allow=GET,HEAD,OPTIONS,PUT,DELETE
Connection=keep-alive
ETag=&quot;c02a6d222cfe567dff1c807531278eac&quot;
Last-Modified=Fri, 02 Aug 2019 16:43:49 GMT
Vary=Accept
Vary=Accept-Datetime
Vary=Range
Content-Type=text/plain;charset=ISO-8859-1
Content-Length=10
Link=&lt;http://www.w3.org/ns/ldp#NonRDFSource&gt;; rel=&quot;type&quot;
Link=&lt;http://www.w3.org/ns/ldp#Resource&gt;; rel=&quot;type&quot;
Link=&lt;http://0.0.0.0:8080/testsuitecontainer08022019124347/3.2.3-A-1&gt;; rel=&quot;original timegate&quot;
Link=&lt;http://0.0.0.0:8080/testsuitecontainer08022019124347/3.2.3-A-1?ext=timemap&gt;; rel=&quot;timemap&quot;; from=&quot;Fri, 2 Aug 2019 16:43:49 GMT&quot;; until=&quot;Fri, 2 Aug 2019 16:43:49 GMT&quot;; type=&quot;application/link-format&quot;
Link=&lt;http://0.0.0.0:8080/testsuitecontainer08022019124347/3.2.3-A-1?version=1564764229&gt;; rel=&quot;first last memento&quot;; datetime=&quot;Fri, 2 Aug 2019 16:43:49 GMT&quot;
Link=&lt;http://0.0.0.0:8080/testsuitecontainer08022019124347/3.2.3-A-1&gt;; rel=&quot;canonical&quot;
Link=&lt;http://0.0.0.0:8080/testsuitecontainer08022019124347/3.2.3-A-1?ext=description&gt;; rel=&quot;describedby&quot;
Link=&lt;http://0.0.0.0:8080/testsuitecontainer08022019124347/3.2.3-A-1&gt;; rel=&quot;self&quot;
Link=&lt;http://0.0.0.0:8080/testsuitecontainer08022019124347/3.2.3-A-1?ext=acl&gt;; rel=&quot;acl&quot;
">
      <![CDATA[java.lang.AssertionError: 1 expectation failed.
Expected header "Digest" was not a string containing "md5", was "null". Headers are:
Accept-Patch=application/sparql-update
Accept-Ranges=bytes
Date=Fri, 02 Aug 2019 16:43:49 GMT
Allow=GET,HEAD,OPTIONS,PUT,DELETE
Connection=keep-alive
ETag="c02a6d222cfe567dff1c807531278eac"
Last-Modified=Fri, 02 Aug 2019 16:43:49 GMT
Vary=Accept
Vary=Accept-Datetime
Vary=Range
Content-Type=text/plain;charset=ISO-8859-1
Content-Length=10
Link=<http://www.w3.org/ns/ldp#NonRDFSource>; rel="type"
Link=<http://www.w3.org/ns/ldp#Resource>; rel="type"
Link=<http://0.0.0.0:8080/testsuitecontainer08022019124347/3.2.3-A-1>; rel="original timegate"
Link=<http://0.0.0.0:8080/testsuitecontainer08022019124347/3.2.3-A-1?ext=timemap>; rel="timemap"; from="Fri, 2 Aug 2019 16:43:49 GMT"; until="Fri, 2 Aug 2019 16:43:49 GMT"; type="application/link-format"
Link=<http://0.0.0.0:8080/testsuitecontainer08022019124347/3.2.3-A-1?version=1564764229>; rel="first last memento"; datetime="Fri, 2 Aug 2019 16:43:49 GMT"
Link=<http://0.0.0.0:8080/testsuitecontainer08022019124347/3.2.3-A-1>; rel="canonical"
Link=<http://0.0.0.0:8080/testsuitecontainer08022019124347/3.2.3-A-1?ext=description>; rel="describedby"
Link=<http://0.0.0.0:8080/testsuitecontainer08022019124347/3.2.3-A-1>; rel="self"
Link=<http://0.0.0.0:8080/testsuitecontainer08022019124347/3.2.3-A-1?ext=acl>; rel="acl"

	at sun.reflect.NativeConstructorAccessorImpl.newInstance0(Native Method)
	at sun.reflect.NativeConstructorAccessorImpl.newInstance(NativeConstructorAccessorImpl.java:62)
	at sun.reflect.DelegatingConstructorAccessorImpl.newInstance(DelegatingConstructorAccessorImpl.java:45)
	at java.lang.reflect.Constructor.newInstance(Constructor.java:423)
	at org.codehaus.groovy.reflection.CachedConstructor.invoke(CachedConstructor.java:83)
	at org.codehaus.groovy.reflection.CachedConstructor.doConstructorInvoke(CachedConstructor.java:77)
	at org.codehaus.groovy.runtime.callsite.ConstructorSite$ConstructorSiteNoUnwrap.callConstructor(ConstructorSite.java:84)
	at org.codehaus.groovy.runtime.callsite.AbstractCallSite.callConstructor(AbstractCallSite.java:247)
	at io.restassured.internal.ResponseSpecificationImpl$HamcrestAssertionClosure.validate(ResponseSpecificationImpl.groovy:483)
	at io.restassured.internal.ResponseSpecificationImpl$HamcrestAssertionClosure$validate$1.call(Unknown Source)
	at io.restassured.internal.ResponseSpecificationImpl.validateResponseIfRequired(ResponseSpecificationImpl.groovy:655)
	at sun.reflect.GeneratedMethodAccessor148.invoke(Unknown Source)
	at sun.reflect.DelegatingMethodAccessorImpl.invoke(DelegatingMethodAccessorImpl.java:43)
	at java.lang.reflect.Method.invoke(Method.java:498)
	at org.codehaus.groovy.runtime.callsite.PogoMetaMethodSite$PogoCachedMethodSiteNoUnwrapNoCoerce.invoke(PogoMetaMethodSite.java:210)
	at org.codehaus.groovy.runtime.callsite.PogoMetaMethodSite.callCurrent(PogoMetaMethodSite.java:59)
	at org.codehaus.groovy.runtime.callsite.CallSiteArray.defaultCallCurrent(CallSiteArray.java:52)
	at org.codehaus.groovy.runtime.callsite.AbstractCallSite.callCurrent(AbstractCallSite.java:154)
	at org.codehaus.groovy.runtime.callsite.AbstractCallSite.callCurrent(AbstractCallSite.java:166)
	at io.restassured.internal.ResponseSpecificationImpl.header(ResponseSpecificationImpl.groovy:178)
	at io.restassured.internal.ValidatableResponseOptionsImpl.header(ValidatableResponseOptionsImpl.java:144)
	at org.fcrepo.spec.testsuite.crud.HttpGet.respondWantDigestMd5(HttpGet.java:190)
	at sun.reflect.NativeMethodAccessorImpl.invoke0(Native Method)
	at sun.reflect.NativeMethodAccessorImpl.invoke(NativeMethodAccessorImpl.java:62)
	at sun.reflect.DelegatingMethodAccessorImpl.invoke(DelegatingMethodAccessorImpl.java:43)
	at java.lang.reflect.Method.invoke(Method.java:498)
	at org.testng.internal.MethodInvocationHelper.invokeMethod(MethodInvocationHelper.java:104)
	at org.testng.internal.Invoker.invokeMethod(Invoker.java:645)
	at org.testng.internal.Invoker.invokeTestMethod(Invoker.java:851)
	at org.testng.internal.Invoker.invokeTestMethods(Invoker.java:1177)
	at org.testng.internal.TestMethodWorker.invokeTestMethods(TestMethodWorker.java:129)
	at org.testng.internal.TestMethodWorker.run(TestMethodWorker.java:112)
	at org.testng.TestRunner.privateRun(TestRunner.java:756)
	at org.testng.TestRunner.run(TestRunner.java:610)
	at org.testng.SuiteRunner.runTest(SuiteRunner.java:387)
	at org.testng.SuiteRunner.runSequentially(SuiteRunner.java:382)
	at org.testng.SuiteRunner.privateRun(SuiteRunner.java:340)
	at org.testng.SuiteRunner.run(SuiteRunner.java:289)
	at org.testng.SuiteRunnerWorker.runSuite(SuiteRunnerWorker.java:52)
	at org.testng.SuiteRunnerWorker.run(SuiteRunnerWorker.java:86)
	at org.testng.TestNG.runSuitesSequentially(TestNG.java:1293)
	at org.testng.TestNG.runSuitesLocally(TestNG.java:1218)
	at org.testng.TestNG.runSuites(TestNG.java:1133)
	at org.testng.TestNG.run(TestNG.java:1104)
	at org.fcrepo.spec.testsuite.App.main(App.java:309)
]]>
    </failure>
  </testcase> <!-- respondWantDigestMd5 -->
  <testcase name="respondWantDigestSha1" time="0.050" classname="org.fcrepo.spec.testsuite.crud.HttpGet">
    <failure type="java.lang.AssertionError" message="1 expectation failed.
Expected header &quot;Digest&quot; was not a string containing &quot;sha&quot;, was &quot;null&quot;. Headers are:
Accept-Patch=application/sparql-update
Accept-Ranges=bytes
Date=Fri, 02 Aug 2019 16:43:49 GMT
Allow=GET,HEAD,OPTIONS,PUT,DELETE
Connection=keep-alive
ETag=&quot;d950dc4547f89545d74c8d3deeec4d86&quot;
Last-Modified=Fri, 02 Aug 2019 16:43:49 GMT
Vary=Accept
Vary=Accept-Datetime
Vary=Range
Content-Type=text/plain;charset=ISO-8859-1
Content-Length=10
Link=&lt;http://www.w3.org/ns/ldp#NonRDFSource&gt;; rel=&quot;type&quot;
Link=&lt;http://www.w3.org/ns/ldp#Resource&gt;; rel=&quot;type&quot;
Link=&lt;http://0.0.0.0:8080/testsuitecontainer08022019124347/3.2.3-A-2&gt;; rel=&quot;original timegate&quot;
Link=&lt;http://0.0.0.0:8080/testsuitecontainer08022019124347/3.2.3-A-2?ext=timemap&gt;; rel=&quot;timemap&quot;; from=&quot;Fri, 2 Aug 2019 16:43:49 GMT&quot;; until=&quot;Fri, 2 Aug 2019 16:43:49 GMT&quot;; type=&quot;application/link-format&quot;
Link=&lt;http://0.0.0.0:8080/testsuitecontainer08022019124347/3.2.3-A-2?version=1564764229&gt;; rel=&quot;first last memento&quot;; datetime=&quot;Fri, 2 Aug 2019 16:43:49 GMT&quot;
Link=&lt;http://0.0.0.0:8080/testsuitecontainer08022019124347/3.2.3-A-2&gt;; rel=&quot;canonical&quot;
Link=&lt;http://0.0.0.0:8080/testsuitecontainer08022019124347/3.2.3-A-2?ext=description&gt;; rel=&quot;describedby&quot;
Link=&lt;http://0.0.0.0:8080/testsuitecontainer08022019124347/3.2.3-A-2&gt;; rel=&quot;self&quot;
Link=&lt;http://0.0.0.0:8080/testsuitecontainer08022019124347/3.2.3-A-2?ext=acl&gt;; rel=&quot;acl&quot;
">
      <![CDATA[java.lang.AssertionError: 1 expectation failed.
Expected header "Digest" was not a string containing "sha", was "null". Headers are:
Accept-Patch=application/sparql-update
Accept-Ranges=bytes
Date=Fri, 02 Aug 2019 16:43:49 GMT
Allow=GET,HEAD,OPTIONS,PUT,DELETE
Connection=keep-alive
ETag="d950dc4547f89545d74c8d3deeec4d86"
Last-Modified=Fri, 02 Aug 2019 16:43:49 GMT
Vary=Accept
Vary=Accept-Datetime
Vary=Range
Content-Type=text/plain;charset=ISO-8859-1
Content-Length=10
Link=<http://www.w3.org/ns/ldp#NonRDFSource>; rel="type"
Link=<http://www.w3.org/ns/ldp#Resource>; rel="type"
Link=<http://0.0.0.0:8080/testsuitecontainer08022019124347/3.2.3-A-2>; rel="original timegate"
Link=<http://0.0.0.0:8080/testsuitecontainer08022019124347/3.2.3-A-2?ext=timemap>; rel="timemap"; from="Fri, 2 Aug 2019 16:43:49 GMT"; until="Fri, 2 Aug 2019 16:43:49 GMT"; type="application/link-format"
Link=<http://0.0.0.0:8080/testsuitecontainer08022019124347/3.2.3-A-2?version=1564764229>; rel="first last memento"; datetime="Fri, 2 Aug 2019 16:43:49 GMT"
Link=<http://0.0.0.0:8080/testsuitecontainer08022019124347/3.2.3-A-2>; rel="canonical"
Link=<http://0.0.0.0:8080/testsuitecontainer08022019124347/3.2.3-A-2?ext=description>; rel="describedby"
Link=<http://0.0.0.0:8080/testsuitecontainer08022019124347/3.2.3-A-2>; rel="self"
Link=<http://0.0.0.0:8080/testsuitecontainer08022019124347/3.2.3-A-2?ext=acl>; rel="acl"

	at sun.reflect.NativeConstructorAccessorImpl.newInstance0(Native Method)
	at sun.reflect.NativeConstructorAccessorImpl.newInstance(NativeConstructorAccessorImpl.java:62)
	at sun.reflect.DelegatingConstructorAccessorImpl.newInstance(DelegatingConstructorAccessorImpl.java:45)
	at java.lang.reflect.Constructor.newInstance(Constructor.java:423)
	at org.codehaus.groovy.reflection.CachedConstructor.invoke(CachedConstructor.java:83)
	at org.codehaus.groovy.reflection.CachedConstructor.doConstructorInvoke(CachedConstructor.java:77)
	at org.codehaus.groovy.runtime.callsite.ConstructorSite$ConstructorSiteNoUnwrap.callConstructor(ConstructorSite.java:84)
	at org.codehaus.groovy.runtime.callsite.AbstractCallSite.callConstructor(AbstractCallSite.java:247)
	at io.restassured.internal.ResponseSpecificationImpl$HamcrestAssertionClosure.validate(ResponseSpecificationImpl.groovy:483)
	at io.restassured.internal.ResponseSpecificationImpl$HamcrestAssertionClosure$validate$1.call(Unknown Source)
	at io.restassured.internal.ResponseSpecificationImpl.validateResponseIfRequired(ResponseSpecificationImpl.groovy:655)
	at sun.reflect.GeneratedMethodAccessor148.invoke(Unknown Source)
	at sun.reflect.DelegatingMethodAccessorImpl.invoke(DelegatingMethodAccessorImpl.java:43)
	at java.lang.reflect.Method.invoke(Method.java:498)
	at org.codehaus.groovy.runtime.callsite.PogoMetaMethodSite$PogoCachedMethodSiteNoUnwrapNoCoerce.invoke(PogoMetaMethodSite.java:210)
	at org.codehaus.groovy.runtime.callsite.PogoMetaMethodSite.callCurrent(PogoMetaMethodSite.java:59)
	at org.codehaus.groovy.runtime.callsite.AbstractCallSite.callCurrent(AbstractCallSite.java:166)
	at io.restassured.internal.ResponseSpecificationImpl.header(ResponseSpecificationImpl.groovy:178)
	at io.restassured.internal.ValidatableResponseOptionsImpl.header(ValidatableResponseOptionsImpl.java:144)
	at org.fcrepo.spec.testsuite.crud.HttpGet.respondWantDigestSha1(HttpGet.java:214)
	at sun.reflect.NativeMethodAccessorImpl.invoke0(Native Method)
	at sun.reflect.NativeMethodAccessorImpl.invoke(NativeMethodAccessorImpl.java:62)
	at sun.reflect.DelegatingMethodAccessorImpl.invoke(DelegatingMethodAccessorImpl.java:43)
	at java.lang.reflect.Method.invoke(Method.java:498)
	at org.testng.internal.MethodInvocationHelper.invokeMethod(MethodInvocationHelper.java:104)
	at org.testng.internal.Invoker.invokeMethod(Invoker.java:645)
	at org.testng.internal.Invoker.invokeTestMethod(Invoker.java:851)
	at org.testng.internal.Invoker.invokeTestMethods(Invoker.java:1177)
	at org.testng.internal.TestMethodWorker.invokeTestMethods(TestMethodWorker.java:129)
	at org.testng.internal.TestMethodWorker.run(TestMethodWorker.java:112)
	at org.testng.TestRunner.privateRun(TestRunner.java:756)
	at org.testng.TestRunner.run(TestRunner.java:610)
	at org.testng.SuiteRunner.runTest(SuiteRunner.java:387)
	at org.testng.SuiteRunner.runSequentially(SuiteRunner.java:382)
	at org.testng.SuiteRunner.privateRun(SuiteRunner.java:340)
	at org.testng.SuiteRunner.run(SuiteRunner.java:289)
	at org.testng.SuiteRunnerWorker.runSuite(SuiteRunnerWorker.java:52)
	at org.testng.SuiteRunnerWorker.run(SuiteRunnerWorker.java:86)
	at org.testng.TestNG.runSuitesSequentially(TestNG.java:1293)
	at org.testng.TestNG.runSuitesLocally(TestNG.java:1218)
	at org.testng.TestNG.runSuites(TestNG.java:1133)
	at org.testng.TestNG.run(TestNG.java:1104)
	at org.fcrepo.spec.testsuite.App.main(App.java:309)
]]>
    </failure>
  </testcase> <!-- respondWantDigestSha1 -->
  <testcase name="respondWantDigestSha256" time="0.034" classname="org.fcrepo.spec.testsuite.crud.HttpGet">
    <failure type="java.lang.AssertionError" message="1 expectation failed.
Expected header &quot;Digest&quot; was not a string containing &quot;sha-256&quot;, was &quot;null&quot;. Headers are:
Accept-Patch=application/sparql-update
Accept-Ranges=bytes
Date=Fri, 02 Aug 2019 16:43:49 GMT
Allow=GET,HEAD,OPTIONS,PUT,DELETE
Connection=keep-alive
ETag=&quot;fafc28e5216fe470ae1661d39d3f940a&quot;
Last-Modified=Fri, 02 Aug 2019 16:43:49 GMT
Vary=Accept
Vary=Accept-Datetime
Vary=Range
Content-Type=text/plain;charset=ISO-8859-1
Content-Length=10
Link=&lt;http://www.w3.org/ns/ldp#NonRDFSource&gt;; rel=&quot;type&quot;
Link=&lt;http://www.w3.org/ns/ldp#Resource&gt;; rel=&quot;type&quot;
Link=&lt;http://0.0.0.0:8080/testsuitecontainer08022019124347/3.2.3-A-3&gt;; rel=&quot;original timegate&quot;
Link=&lt;http://0.0.0.0:8080/testsuitecontainer08022019124347/3.2.3-A-3?ext=timemap&gt;; rel=&quot;timemap&quot;; from=&quot;Fri, 2 Aug 2019 16:43:49 GMT&quot;; until=&quot;Fri, 2 Aug 2019 16:43:49 GMT&quot;; type=&quot;application/link-format&quot;
Link=&lt;http://0.0.0.0:8080/testsuitecontainer08022019124347/3.2.3-A-3?version=1564764229&gt;; rel=&quot;first last memento&quot;; datetime=&quot;Fri, 2 Aug 2019 16:43:49 GMT&quot;
Link=&lt;http://0.0.0.0:8080/testsuitecontainer08022019124347/3.2.3-A-3&gt;; rel=&quot;canonical&quot;
Link=&lt;http://0.0.0.0:8080/testsuitecontainer08022019124347/3.2.3-A-3?ext=description&gt;; rel=&quot;describedby&quot;
Link=&lt;http://0.0.0.0:8080/testsuitecontainer08022019124347/3.2.3-A-3&gt;; rel=&quot;self&quot;
Link=&lt;http://0.0.0.0:8080/testsuitecontainer08022019124347/3.2.3-A-3?ext=acl&gt;; rel=&quot;acl&quot;
">
      <![CDATA[java.lang.AssertionError: 1 expectation failed.
Expected header "Digest" was not a string containing "sha-256", was "null". Headers are:
Accept-Patch=application/sparql-update
Accept-Ranges=bytes
Date=Fri, 02 Aug 2019 16:43:49 GMT
Allow=GET,HEAD,OPTIONS,PUT,DELETE
Connection=keep-alive
ETag="fafc28e5216fe470ae1661d39d3f940a"
Last-Modified=Fri, 02 Aug 2019 16:43:49 GMT
Vary=Accept
Vary=Accept-Datetime
Vary=Range
Content-Type=text/plain;charset=ISO-8859-1
Content-Length=10
Link=<http://www.w3.org/ns/ldp#NonRDFSource>; rel="type"
Link=<http://www.w3.org/ns/ldp#Resource>; rel="type"
Link=<http://0.0.0.0:8080/testsuitecontainer08022019124347/3.2.3-A-3>; rel="original timegate"
Link=<http://0.0.0.0:8080/testsuitecontainer08022019124347/3.2.3-A-3?ext=timemap>; rel="timemap"; from="Fri, 2 Aug 2019 16:43:49 GMT"; until="Fri, 2 Aug 2019 16:43:49 GMT"; type="application/link-format"
Link=<http://0.0.0.0:8080/testsuitecontainer08022019124347/3.2.3-A-3?version=1564764229>; rel="first last memento"; datetime="Fri, 2 Aug 2019 16:43:49 GMT"
Link=<http://0.0.0.0:8080/testsuitecontainer08022019124347/3.2.3-A-3>; rel="canonical"
Link=<http://0.0.0.0:8080/testsuitecontainer08022019124347/3.2.3-A-3?ext=description>; rel="describedby"
Link=<http://0.0.0.0:8080/testsuitecontainer08022019124347/3.2.3-A-3>; rel="self"
Link=<http://0.0.0.0:8080/testsuitecontainer08022019124347/3.2.3-A-3?ext=acl>; rel="acl"

	at sun.reflect.NativeConstructorAccessorImpl.newInstance0(Native Method)
	at sun.reflect.NativeConstructorAccessorImpl.newInstance(NativeConstructorAccessorImpl.java:62)
	at sun.reflect.DelegatingConstructorAccessorImpl.newInstance(DelegatingConstructorAccessorImpl.java:45)
	at java.lang.reflect.Constructor.newInstance(Constructor.java:423)
	at org.codehaus.groovy.reflection.CachedConstructor.invoke(CachedConstructor.java:83)
	at org.codehaus.groovy.reflection.CachedConstructor.doConstructorInvoke(CachedConstructor.java:77)
	at org.codehaus.groovy.runtime.callsite.ConstructorSite$ConstructorSiteNoUnwrap.callConstructor(ConstructorSite.java:84)
	at org.codehaus.groovy.runtime.callsite.AbstractCallSite.callConstructor(AbstractCallSite.java:247)
	at io.restassured.internal.ResponseSpecificationImpl$HamcrestAssertionClosure.validate(ResponseSpecificationImpl.groovy:483)
	at io.restassured.internal.ResponseSpecificationImpl$HamcrestAssertionClosure$validate$1.call(Unknown Source)
	at io.restassured.internal.ResponseSpecificationImpl.validateResponseIfRequired(ResponseSpecificationImpl.groovy:655)
	at sun.reflect.GeneratedMethodAccessor148.invoke(Unknown Source)
	at sun.reflect.DelegatingMethodAccessorImpl.invoke(DelegatingMethodAccessorImpl.java:43)
	at java.lang.reflect.Method.invoke(Method.java:498)
	at org.codehaus.groovy.runtime.callsite.PogoMetaMethodSite$PogoCachedMethodSiteNoUnwrapNoCoerce.invoke(PogoMetaMethodSite.java:210)
	at org.codehaus.groovy.runtime.callsite.PogoMetaMethodSite.callCurrent(PogoMetaMethodSite.java:59)
	at org.codehaus.groovy.runtime.callsite.AbstractCallSite.callCurrent(AbstractCallSite.java:166)
	at io.restassured.internal.ResponseSpecificationImpl.header(ResponseSpecificationImpl.groovy:178)
	at io.restassured.internal.ValidatableResponseOptionsImpl.header(ValidatableResponseOptionsImpl.java:144)
	at org.fcrepo.spec.testsuite.crud.HttpGet.respondWantDigestSha256(HttpGet.java:238)
	at sun.reflect.NativeMethodAccessorImpl.invoke0(Native Method)
	at sun.reflect.NativeMethodAccessorImpl.invoke(NativeMethodAccessorImpl.java:62)
	at sun.reflect.DelegatingMethodAccessorImpl.invoke(DelegatingMethodAccessorImpl.java:43)
	at java.lang.reflect.Method.invoke(Method.java:498)
	at org.testng.internal.MethodInvocationHelper.invokeMethod(MethodInvocationHelper.java:104)
	at org.testng.internal.Invoker.invokeMethod(Invoker.java:645)
	at org.testng.internal.Invoker.invokeTestMethod(Invoker.java:851)
	at org.testng.internal.Invoker.invokeTestMethods(Invoker.java:1177)
	at org.testng.internal.TestMethodWorker.invokeTestMethods(TestMethodWorker.java:129)
	at org.testng.internal.TestMethodWorker.run(TestMethodWorker.java:112)
	at org.testng.TestRunner.privateRun(TestRunner.java:756)
	at org.testng.TestRunner.run(TestRunner.java:610)
	at org.testng.SuiteRunner.runTest(SuiteRunner.java:387)
	at org.testng.SuiteRunner.runSequentially(SuiteRunner.java:382)
	at org.testng.SuiteRunner.privateRun(SuiteRunner.java:340)
	at org.testng.SuiteRunner.run(SuiteRunner.java:289)
	at org.testng.SuiteRunnerWorker.runSuite(SuiteRunnerWorker.java:52)
	at org.testng.SuiteRunnerWorker.run(SuiteRunnerWorker.java:86)
	at org.testng.TestNG.runSuitesSequentially(TestNG.java:1293)
	at org.testng.TestNG.runSuitesLocally(TestNG.java:1218)
	at org.testng.TestNG.runSuites(TestNG.java:1133)
	at org.testng.TestNG.run(TestNG.java:1104)
	at org.fcrepo.spec.testsuite.App.main(App.java:309)
]]>
    </failure>
  </testcase> <!-- respondWantDigestSha256 -->
  <testcase name="responsePreferenceAppliedHeader" time="0.028" classname="org.fcrepo.spec.testsuite.crud.HttpGet"/>
  <testcase name="respondWantDigestNonSupportedWithSupported" time="0.036" classname="org.fcrepo.spec.testsuite.crud.HttpGet">
    <failure type="java.lang.AssertionError" message="1 expectation failed.
Expected header &quot;Digest&quot; was not a string containing &quot;md5&quot;, was &quot;null&quot;. Headers are:
Accept-Patch=application/sparql-update
Accept-Ranges=bytes
Date=Fri, 02 Aug 2019 16:43:49 GMT
Allow=GET,HEAD,OPTIONS,PUT,DELETE
Connection=keep-alive
ETag=&quot;bb053d38531cf051711ddc281c4b11ab&quot;
Last-Modified=Fri, 02 Aug 2019 16:43:49 GMT
Vary=Accept
Vary=Accept-Datetime
Vary=Range
Content-Type=text/plain;charset=ISO-8859-1
Content-Length=10
Link=&lt;http://www.w3.org/ns/ldp#NonRDFSource&gt;; rel=&quot;type&quot;
Link=&lt;http://www.w3.org/ns/ldp#Resource&gt;; rel=&quot;type&quot;
Link=&lt;http://0.0.0.0:8080/testsuitecontainer08022019124347/3.2.3-E&gt;; rel=&quot;original timegate&quot;
Link=&lt;http://0.0.0.0:8080/testsuitecontainer08022019124347/3.2.3-E?ext=timemap&gt;; rel=&quot;timemap&quot;; from=&quot;Fri, 2 Aug 2019 16:43:49 GMT&quot;; until=&quot;Fri, 2 Aug 2019 16:43:49 GMT&quot;; type=&quot;application/link-format&quot;
Link=&lt;http://0.0.0.0:8080/testsuitecontainer08022019124347/3.2.3-E?version=1564764229&gt;; rel=&quot;first last memento&quot;; datetime=&quot;Fri, 2 Aug 2019 16:43:49 GMT&quot;
Link=&lt;http://0.0.0.0:8080/testsuitecontainer08022019124347/3.2.3-E&gt;; rel=&quot;canonical&quot;
Link=&lt;http://0.0.0.0:8080/testsuitecontainer08022019124347/3.2.3-E?ext=description&gt;; rel=&quot;describedby&quot;
Link=&lt;http://0.0.0.0:8080/testsuitecontainer08022019124347/3.2.3-E&gt;; rel=&quot;self&quot;
Link=&lt;http://0.0.0.0:8080/testsuitecontainer08022019124347/3.2.3-E?ext=acl&gt;; rel=&quot;acl&quot;
">
      <![CDATA[java.lang.AssertionError: 1 expectation failed.
Expected header "Digest" was not a string containing "md5", was "null". Headers are:
Accept-Patch=application/sparql-update
Accept-Ranges=bytes
Date=Fri, 02 Aug 2019 16:43:49 GMT
Allow=GET,HEAD,OPTIONS,PUT,DELETE
Connection=keep-alive
ETag="bb053d38531cf051711ddc281c4b11ab"
Last-Modified=Fri, 02 Aug 2019 16:43:49 GMT
Vary=Accept
Vary=Accept-Datetime
Vary=Range
Content-Type=text/plain;charset=ISO-8859-1
Content-Length=10
Link=<http://www.w3.org/ns/ldp#NonRDFSource>; rel="type"
Link=<http://www.w3.org/ns/ldp#Resource>; rel="type"
Link=<http://0.0.0.0:8080/testsuitecontainer08022019124347/3.2.3-E>; rel="original timegate"
Link=<http://0.0.0.0:8080/testsuitecontainer08022019124347/3.2.3-E?ext=timemap>; rel="timemap"; from="Fri, 2 Aug 2019 16:43:49 GMT"; until="Fri, 2 Aug 2019 16:43:49 GMT"; type="application/link-format"
Link=<http://0.0.0.0:8080/testsuitecontainer08022019124347/3.2.3-E?version=1564764229>; rel="first last memento"; datetime="Fri, 2 Aug 2019 16:43:49 GMT"
Link=<http://0.0.0.0:8080/testsuitecontainer08022019124347/3.2.3-E>; rel="canonical"
Link=<http://0.0.0.0:8080/testsuitecontainer08022019124347/3.2.3-E?ext=description>; rel="describedby"
Link=<http://0.0.0.0:8080/testsuitecontainer08022019124347/3.2.3-E>; rel="self"
Link=<http://0.0.0.0:8080/testsuitecontainer08022019124347/3.2.3-E?ext=acl>; rel="acl"

	at sun.reflect.NativeConstructorAccessorImpl.newInstance0(Native Method)
	at sun.reflect.NativeConstructorAccessorImpl.newInstance(NativeConstructorAccessorImpl.java:62)
	at sun.reflect.DelegatingConstructorAccessorImpl.newInstance(DelegatingConstructorAccessorImpl.java:45)
	at java.lang.reflect.Constructor.newInstance(Constructor.java:423)
	at org.codehaus.groovy.reflection.CachedConstructor.invoke(CachedConstructor.java:83)
	at org.codehaus.groovy.reflection.CachedConstructor.doConstructorInvoke(CachedConstructor.java:77)
	at org.codehaus.groovy.runtime.callsite.ConstructorSite$ConstructorSiteNoUnwrap.callConstructor(ConstructorSite.java:84)
	at org.codehaus.groovy.runtime.callsite.AbstractCallSite.callConstructor(AbstractCallSite.java:247)
	at io.restassured.internal.ResponseSpecificationImpl$HamcrestAssertionClosure.validate(ResponseSpecificationImpl.groovy:483)
	at io.restassured.internal.ResponseSpecificationImpl$HamcrestAssertionClosure$validate$1.call(Unknown Source)
	at io.restassured.internal.ResponseSpecificationImpl.validateResponseIfRequired(ResponseSpecificationImpl.groovy:655)
	at sun.reflect.GeneratedMethodAccessor148.invoke(Unknown Source)
	at sun.reflect.DelegatingMethodAccessorImpl.invoke(DelegatingMethodAccessorImpl.java:43)
	at java.lang.reflect.Method.invoke(Method.java:498)
	at org.codehaus.groovy.runtime.callsite.PogoMetaMethodSite$PogoCachedMethodSiteNoUnwrapNoCoerce.invoke(PogoMetaMethodSite.java:210)
	at org.codehaus.groovy.runtime.callsite.PogoMetaMethodSite.callCurrent(PogoMetaMethodSite.java:59)
	at org.codehaus.groovy.runtime.callsite.AbstractCallSite.callCurrent(AbstractCallSite.java:166)
	at io.restassured.internal.ResponseSpecificationImpl.header(ResponseSpecificationImpl.groovy:178)
	at io.restassured.internal.ValidatableResponseOptionsImpl.header(ValidatableResponseOptionsImpl.java:144)
	at org.fcrepo.spec.testsuite.crud.HttpGet.respondWantDigestNonSupportedWithSupported(HttpGet.java:349)
	at sun.reflect.NativeMethodAccessorImpl.invoke0(Native Method)
	at sun.reflect.NativeMethodAccessorImpl.invoke(NativeMethodAccessorImpl.java:62)
	at sun.reflect.DelegatingMethodAccessorImpl.invoke(DelegatingMethodAccessorImpl.java:43)
	at java.lang.reflect.Method.invoke(Method.java:498)
	at org.testng.internal.MethodInvocationHelper.invokeMethod(MethodInvocationHelper.java:104)
	at org.testng.internal.Invoker.invokeMethod(Invoker.java:645)
	at org.testng.internal.Invoker.invokeTestMethod(Invoker.java:851)
	at org.testng.internal.Invoker.invokeTestMethods(Invoker.java:1177)
	at org.testng.internal.TestMethodWorker.invokeTestMethods(TestMethodWorker.java:129)
	at org.testng.internal.TestMethodWorker.run(TestMethodWorker.java:112)
	at org.testng.TestRunner.privateRun(TestRunner.java:756)
	at org.testng.TestRunner.run(TestRunner.java:610)
	at org.testng.SuiteRunner.runTest(SuiteRunner.java:387)
	at org.testng.SuiteRunner.runSequentially(SuiteRunner.java:382)
	at org.testng.SuiteRunner.privateRun(SuiteRunner.java:340)
	at org.testng.SuiteRunner.run(SuiteRunner.java:289)
	at org.testng.SuiteRunnerWorker.runSuite(SuiteRunnerWorker.java:52)
	at org.testng.SuiteRunnerWorker.run(SuiteRunnerWorker.java:86)
	at org.testng.TestNG.runSuitesSequentially(TestNG.java:1293)
	at org.testng.TestNG.runSuitesLocally(TestNG.java:1218)
	at org.testng.TestNG.runSuites(TestNG.java:1133)
	at org.testng.TestNG.run(TestNG.java:1104)
	at org.fcrepo.spec.testsuite.App.main(App.java:309)
]]>
    </failure>
  </testcase> <!-- respondWantDigestNonSupportedWithSupported -->
  <testcase name="respondWantDigestNonSupported" time="0.033" classname="org.fcrepo.spec.testsuite.crud.HttpGet">
    <failure type="java.lang.AssertionError" message="1 expectation failed.
Expected status code &lt;400&gt; but was &lt;200&gt;.
">
      <![CDATA[java.lang.AssertionError: 1 expectation failed.
Expected status code <400> but was <200>.

	at sun.reflect.NativeConstructorAccessorImpl.newInstance0(Native Method)
	at sun.reflect.NativeConstructorAccessorImpl.newInstance(NativeConstructorAccessorImpl.java:62)
	at sun.reflect.DelegatingConstructorAccessorImpl.newInstance(DelegatingConstructorAccessorImpl.java:45)
	at java.lang.reflect.Constructor.newInstance(Constructor.java:423)
	at org.codehaus.groovy.reflection.CachedConstructor.invoke(CachedConstructor.java:83)
	at org.codehaus.groovy.reflection.CachedConstructor.doConstructorInvoke(CachedConstructor.java:77)
	at org.codehaus.groovy.runtime.callsite.ConstructorSite$ConstructorSiteNoUnwrap.callConstructor(ConstructorSite.java:84)
	at org.codehaus.groovy.runtime.callsite.AbstractCallSite.callConstructor(AbstractCallSite.java:247)
	at io.restassured.internal.ResponseSpecificationImpl$HamcrestAssertionClosure.validate(ResponseSpecificationImpl.groovy:483)
	at io.restassured.internal.ResponseSpecificationImpl$HamcrestAssertionClosure$validate$1.call(Unknown Source)
	at io.restassured.internal.ResponseSpecificationImpl.validateResponseIfRequired(ResponseSpecificationImpl.groovy:655)
	at sun.reflect.GeneratedMethodAccessor148.invoke(Unknown Source)
	at sun.reflect.DelegatingMethodAccessorImpl.invoke(DelegatingMethodAccessorImpl.java:43)
	at java.lang.reflect.Method.invoke(Method.java:498)
	at org.codehaus.groovy.runtime.callsite.PogoMetaMethodSite$PogoCachedMethodSiteNoUnwrapNoCoerce.invoke(PogoMetaMethodSite.java:210)
	at org.codehaus.groovy.runtime.callsite.PogoMetaMethodSite.callCurrent(PogoMetaMethodSite.java:59)
	at org.codehaus.groovy.runtime.callsite.AbstractCallSite.callCurrent(AbstractCallSite.java:166)
	at io.restassured.internal.ResponseSpecificationImpl.statusCode(ResponseSpecificationImpl.groovy:123)
	at io.restassured.specification.ResponseSpecification$statusCode$0.callCurrent(Unknown Source)
	at io.restassured.internal.ResponseSpecificationImpl.statusCode(ResponseSpecificationImpl.groovy:131)
	at io.restassured.internal.ValidatableResponseOptionsImpl.statusCode(ValidatableResponseOptionsImpl.java:119)
	at org.fcrepo.spec.testsuite.crud.HttpGet.respondWantDigestNonSupported(HttpGet.java:372)
	at sun.reflect.NativeMethodAccessorImpl.invoke0(Native Method)
	at sun.reflect.NativeMethodAccessorImpl.invoke(NativeMethodAccessorImpl.java:62)
	at sun.reflect.DelegatingMethodAccessorImpl.invoke(DelegatingMethodAccessorImpl.java:43)
	at java.lang.reflect.Method.invoke(Method.java:498)
	at org.testng.internal.MethodInvocationHelper.invokeMethod(MethodInvocationHelper.java:104)
	at org.testng.internal.Invoker.invokeMethod(Invoker.java:645)
	at org.testng.internal.Invoker.invokeTestMethod(Invoker.java:851)
	at org.testng.internal.Invoker.invokeTestMethods(Invoker.java:1177)
	at org.testng.internal.TestMethodWorker.invokeTestMethods(TestMethodWorker.java:129)
	at org.testng.internal.TestMethodWorker.run(TestMethodWorker.java:112)
	at org.testng.TestRunner.privateRun(TestRunner.java:756)
	at org.testng.TestRunner.run(TestRunner.java:610)
	at org.testng.SuiteRunner.runTest(SuiteRunner.java:387)
	at org.testng.SuiteRunner.runSequentially(SuiteRunner.java:382)
	at org.testng.SuiteRunner.privateRun(SuiteRunner.java:340)
	at org.testng.SuiteRunner.run(SuiteRunner.java:289)
	at org.testng.SuiteRunnerWorker.runSuite(SuiteRunnerWorker.java:52)
	at org.testng.SuiteRunnerWorker.run(SuiteRunnerWorker.java:86)
	at org.testng.TestNG.runSuitesSequentially(TestNG.java:1293)
	at org.testng.TestNG.runSuitesLocally(TestNG.java:1218)
	at org.testng.TestNG.runSuites(TestNG.java:1133)
	at org.testng.TestNG.run(TestNG.java:1104)
	at org.fcrepo.spec.testsuite.App.main(App.java:309)
]]>
    </failure>
  </testcase> <!-- respondWantDigestNonSupported -->
  <testcase name="respondWantDigestTwoSupportedQvalueNonZero" time="0.030" classname="org.fcrepo.spec.testsuite.crud.HttpGet">
    <error type="java.lang.NullPointerException">
      <![CDATA[java.lang.NullPointerException
	at org.fcrepo.spec.testsuite.crud.HttpGet.respondWantDigestTwoSupportedQvalueNonZero(HttpGet.java:302)
	at sun.reflect.NativeMethodAccessorImpl.invoke0(Native Method)
	at sun.reflect.NativeMethodAccessorImpl.invoke(NativeMethodAccessorImpl.java:62)
	at sun.reflect.DelegatingMethodAccessorImpl.invoke(DelegatingMethodAccessorImpl.java:43)
	at java.lang.reflect.Method.invoke(Method.java:498)
	at org.testng.internal.MethodInvocationHelper.invokeMethod(MethodInvocationHelper.java:104)
	at org.testng.internal.Invoker.invokeMethod(Invoker.java:645)
	at org.testng.internal.Invoker.invokeTestMethod(Invoker.java:851)
	at org.testng.internal.Invoker.invokeTestMethods(Invoker.java:1177)
	at org.testng.internal.TestMethodWorker.invokeTestMethods(TestMethodWorker.java:129)
	at org.testng.internal.TestMethodWorker.run(TestMethodWorker.java:112)
	at org.testng.TestRunner.privateRun(TestRunner.java:756)
	at org.testng.TestRunner.run(TestRunner.java:610)
	at org.testng.SuiteRunner.runTest(SuiteRunner.java:387)
	at org.testng.SuiteRunner.runSequentially(SuiteRunner.java:382)
	at org.testng.SuiteRunner.privateRun(SuiteRunner.java:340)
	at org.testng.SuiteRunner.run(SuiteRunner.java:289)
	at org.testng.SuiteRunnerWorker.runSuite(SuiteRunnerWorker.java:52)
	at org.testng.SuiteRunnerWorker.run(SuiteRunnerWorker.java:86)
	at org.testng.TestNG.runSuitesSequentially(TestNG.java:1293)
	at org.testng.TestNG.runSuitesLocally(TestNG.java:1218)
	at org.testng.TestNG.runSuites(TestNG.java:1133)
	at org.testng.TestNG.run(TestNG.java:1104)
	at org.fcrepo.spec.testsuite.App.main(App.java:309)
]]>
    </error>
  </testcase> <!-- respondWantDigestTwoSupportedQvalueNonZero -->
  <testcase name="responseDescribesHeader" time="0.137" classname="org.fcrepo.spec.testsuite.crud.HttpGet"/>
</testsuite> <!-- org.fcrepo.spec.testsuite.crud.HttpGet -->
