<?xml version="1.0" encoding="UTF-8"?>
<!-- Generated by org.testng.reporters.JUnitXMLReporter -->
<testsuite hostname="deck" ignored="0" name="Fedora API Specification Tests" tests="239" failures="86" timestamp="02 Aug 2019 16:44:26 GMT" time="37.705" errors="0">
  <testcase name="createLDPC" time="0.072" classname="org.fcrepo.spec.testsuite.crud.Container"/>
  <testcase name="createLDPDirectContainer" time="0.046" classname="org.fcrepo.spec.testsuite.crud.Container">
    <skipped/>
  </testcase> <!-- createLDPDirectContainer -->
  <testcase name="createLDPIndirectContainer" time="0.033" classname="org.fcrepo.spec.testsuite.crud.Container">
    <skipped/>
  </testcase> <!-- createLDPIndirectContainer -->
  <testcase name="ldpDirectContainerMayAllowLdpHasMemberRelationPredicateToBeUpdatedByPut" time="0.001" classname="org.fcrepo.spec.testsuite.crud.Container">
    <skipped/>
  </testcase> <!-- ldpDirectContainerMayAllowLdpHasMemberRelationPredicateToBeUpdatedByPut -->
  <testcase name="ldpDirectContainerMayAllowLdpHasMemberRelationToBeUpdatedByPatch" time="0.0" classname="org.fcrepo.spec.testsuite.crud.Container">
    <skipped/>
  </testcase> <!-- ldpDirectContainerMayAllowLdpHasMemberRelationToBeUpdatedByPatch -->
  <testcase name="ldpDirectContainerMayAllowLdpIsMemberRelationPredicateToBeUpdatedByPut" time="0.0" classname="org.fcrepo.spec.testsuite.crud.Container">
    <skipped/>
  </testcase> <!-- ldpDirectContainerMayAllowLdpIsMemberRelationPredicateToBeUpdatedByPut -->
  <testcase name="ldpDirectContainerMayAllowLdpIsMemberRelationToBeUpdatedByPatch" time="0.0" classname="org.fcrepo.spec.testsuite.crud.Container">
    <skipped/>
  </testcase> <!-- ldpDirectContainerMayAllowLdpIsMemberRelationToBeUpdatedByPatch -->
  <testcase name="ldpDirectContainerMayAllowLdpMembershipToBeUpdatedByPatch" time="0.0" classname="org.fcrepo.spec.testsuite.crud.Container">
    <skipped/>
  </testcase> <!-- ldpDirectContainerMayAllowLdpMembershipToBeUpdatedByPatch -->
  <testcase name="ldpDirectContainerMayAllowLdpMembershipToBeUpdatedByPut" time="0.0" classname="org.fcrepo.spec.testsuite.crud.Container">
    <skipped/>
  </testcase> <!-- ldpDirectContainerMayAllowLdpMembershipToBeUpdatedByPut -->
  <testcase name="ldpDirectContainerMustAllowHasMemberRelationPredicateToBeSetOnCreate" time="0.0" classname="org.fcrepo.spec.testsuite.crud.Container">
    <skipped/>
  </testcase> <!-- ldpDirectContainerMustAllowHasMemberRelationPredicateToBeSetOnCreate -->
  <testcase name="ldpDirectContainerMustAllowIsMemberOfRelationPredicateToBeSetOnCreate" time="0.0" classname="org.fcrepo.spec.testsuite.crud.Container">
    <skipped/>
  </testcase> <!-- ldpDirectContainerMustAllowIsMemberOfRelationPredicateToBeSetOnCreate -->
  <testcase name="ldpDirectContainerMustAllowMembershipConstantURIToBeSet" time="0.0" classname="org.fcrepo.spec.testsuite.crud.Container">
    <skipped/>
  </testcase> <!-- ldpDirectContainerMustAllowMembershipConstantURIToBeSet -->
  <testcase name="ldpDirectContainerMustAllowMembershipPredicateToBeSetByDefault" time="0.001" classname="org.fcrepo.spec.testsuite.crud.Container">
    <skipped/>
  </testcase> <!-- ldpDirectContainerMustAllowMembershipPredicateToBeSetByDefault -->
  <testcase name="ldpDirectContainerMustSetLdpMembershipResourceByDefault" time="0.0" classname="org.fcrepo.spec.testsuite.crud.Container">
    <skipped/>
  </testcase> <!-- ldpDirectContainerMustSetLdpMembershipResourceByDefault -->
  <testcase name="ldpDirectContainerMustSetLdpMembershipResourceValueToLDPCByDefault" time="0.0" classname="org.fcrepo.spec.testsuite.crud.Container">
    <skipped/>
  </testcase> <!-- ldpDirectContainerMustSetLdpMembershipResourceValueToLDPCByDefault -->
  <testcase name="ldpDirectContainerShouldUseLdpMemberByDefault" time="0.0" classname="org.fcrepo.spec.testsuite.crud.Container">
    <skipped/>
  </testcase> <!-- ldpDirectContainerShouldUseLdpMemberByDefault -->
  <testcase name="ldpIndirectContainerMayAllowLdpHasMemberRelationPredicateToBeUpdatedByPut" time="0.0" classname="org.fcrepo.spec.testsuite.crud.Container">
    <skipped/>
  </testcase> <!-- ldpIndirectContainerMayAllowLdpHasMemberRelationPredicateToBeUpdatedByPut -->
  <testcase name="ldpIndirectContainerMayAllowLdpHasMemberRelationToBeUpdatedByPatch" time="0.0" classname="org.fcrepo.spec.testsuite.crud.Container">
    <skipped/>
  </testcase> <!-- ldpIndirectContainerMayAllowLdpHasMemberRelationToBeUpdatedByPatch -->
  <testcase name="ldpIndirectContainerMayAllowLdpInsertedContentRelationPredicateToBeUpdatedByPut" time="0.0" classname="org.fcrepo.spec.testsuite.crud.Container">
    <skipped/>
  </testcase> <!-- ldpIndirectContainerMayAllowLdpInsertedContentRelationPredicateToBeUpdatedByPut -->
  <testcase name="ldpIndirectContainerMayAllowLdpInsertedContentRelationToBeUpdatedByPatch" time="0.0" classname="org.fcrepo.spec.testsuite.crud.Container">
    <skipped/>
  </testcase> <!-- ldpIndirectContainerMayAllowLdpInsertedContentRelationToBeUpdatedByPatch -->
  <testcase name="ldpIndirectContainerMayAllowLdpIsMemberRelationPredicateToBeUpdatedByPut" time="0.0" classname="org.fcrepo.spec.testsuite.crud.Container">
    <skipped/>
  </testcase> <!-- ldpIndirectContainerMayAllowLdpIsMemberRelationPredicateToBeUpdatedByPut -->
  <testcase name="ldpIndirectContainerMayAllowLdpIsMemberRelationToBeUpdatedByPatch" time="0.0" classname="org.fcrepo.spec.testsuite.crud.Container">
    <skipped/>
  </testcase> <!-- ldpIndirectContainerMayAllowLdpIsMemberRelationToBeUpdatedByPatch -->
  <testcase name="ldpIndirectContainerMayAllowLdpMembershipToBeUpdatedByPatch" time="0.001" classname="org.fcrepo.spec.testsuite.crud.Container">
    <skipped/>
  </testcase> <!-- ldpIndirectContainerMayAllowLdpMembershipToBeUpdatedByPatch -->
  <testcase name="ldpIndirectContainerMayAllowLdpMembershipToBeUpdatedByPut" time="0.0" classname="org.fcrepo.spec.testsuite.crud.Container">
    <skipped/>
  </testcase> <!-- ldpIndirectContainerMayAllowLdpMembershipToBeUpdatedByPut -->
  <testcase name="ldpIndirectContainerMustAllowHasMemberRelationPredicateToBeSetOnCreate" time="0.0" classname="org.fcrepo.spec.testsuite.crud.Container">
    <skipped/>
  </testcase> <!-- ldpIndirectContainerMustAllowHasMemberRelationPredicateToBeSetOnCreate -->
  <testcase name="ldpIndirectContainerMustAllowInsertedContentRelationPredicateToBeSetOnCreate" time="0.0" classname="org.fcrepo.spec.testsuite.crud.Container">
    <skipped/>
  </testcase> <!-- ldpIndirectContainerMustAllowInsertedContentRelationPredicateToBeSetOnCreate -->
  <testcase name="ldpIndirectContainerMustAllowInsertedContentRelationToBeSetByDefault" time="0.0" classname="org.fcrepo.spec.testsuite.crud.Container">
    <skipped/>
  </testcase> <!-- ldpIndirectContainerMustAllowInsertedContentRelationToBeSetByDefault -->
  <testcase name="ldpIndirectContainerMustAllowIsMemberOfRelationPredicateToBeSetOnCreate" time="0.001" classname="org.fcrepo.spec.testsuite.crud.Container">
    <skipped/>
  </testcase> <!-- ldpIndirectContainerMustAllowIsMemberOfRelationPredicateToBeSetOnCreate -->
  <testcase name="ldpIndirectContainerMustAllowMembershipConstantURIToBeSet" time="0.0" classname="org.fcrepo.spec.testsuite.crud.Container">
    <skipped/>
  </testcase> <!-- ldpIndirectContainerMustAllowMembershipConstantURIToBeSet -->
  <testcase name="ldpIndirectContainerMustAllowMembershipPredicateToBeSetByDefault" time="0.0" classname="org.fcrepo.spec.testsuite.crud.Container">
    <skipped/>
  </testcase> <!-- ldpIndirectContainerMustAllowMembershipPredicateToBeSetByDefault -->
  <testcase name="ldpIndirectContainerMustSetLdpMembershipResourceByDefault" time="0.0" classname="org.fcrepo.spec.testsuite.crud.Container">
    <skipped/>
  </testcase> <!-- ldpIndirectContainerMustSetLdpMembershipResourceByDefault -->
  <testcase name="ldpIndirectContainerMustSetLdpMembershipResourceValueToLDPCByDefault" time="0.0" classname="org.fcrepo.spec.testsuite.crud.Container">
    <skipped/>
  </testcase> <!-- ldpIndirectContainerMustSetLdpMembershipResourceValueToLDPCByDefault -->
  <testcase name="ldpIndirectContainerShouldUseLdpMemberByDefault" time="0.001" classname="org.fcrepo.spec.testsuite.crud.Container">
    <skipped/>
  </testcase> <!-- ldpIndirectContainerShouldUseLdpMemberByDefault -->
  <testcase name="ldpIndirectContainerShouldUseLdpMemberSubjectByDefault" time="0.0" classname="org.fcrepo.spec.testsuite.crud.Container">
    <skipped/>
  </testcase> <!-- ldpIndirectContainerShouldUseLdpMemberSubjectByDefault -->
  <testcase name="ldpcContainmentTriples" time="0.081" classname="org.fcrepo.spec.testsuite.crud.Container">
    <failure type="java.lang.AssertionError" message="1 expectation failed.
Expected status code &amp;lt;201&amp;gt; but was &amp;lt;400&amp;gt;.
">
      <![CDATA[java.lang.AssertionError: 1 expectation failed.
Expected status code <201> but was <400>.

	at org.codehaus.groovy.runtime.callsite.ConstructorSite$ConstructorSiteNoUnwrap.callConstructor(ConstructorSite.java:84)
	at org.codehaus.groovy.runtime.callsite.CallSiteArray.defaultCallConstructor(CallSiteArray.java:60)
	at org.codehaus.groovy.runtime.callsite.AbstractCallSite.callConstructor(AbstractCallSite.java:235)
	at org.codehaus.groovy.runtime.callsite.AbstractCallSite.callConstructor(AbstractCallSite.java:247)
	at io.restassured.internal.ResponseSpecificationImpl$HamcrestAssertionClosure.validate(ResponseSpecificationImpl.groovy:483)
	at io.restassured.internal.ResponseSpecificationImpl$HamcrestAssertionClosure$validate$1.call(Unknown Source)
	at io.restassured.internal.ResponseSpecificationImpl.validateResponseIfRequired(ResponseSpecificationImpl.groovy:655)
	at org.codehaus.groovy.runtime.callsite.PogoMetaMethodSite$PogoCachedMethodSiteNoUnwrapNoCoerce.invoke(PogoMetaMethodSite.java:210)
	at org.codehaus.groovy.runtime.callsite.PogoMetaMethodSite.callCurrent(PogoMetaMethodSite.java:59)
	at org.codehaus.groovy.runtime.callsite.AbstractCallSite.callCurrent(AbstractCallSite.java:166)
	at io.restassured.internal.ResponseSpecificationImpl.statusCode(ResponseSpecificationImpl.groovy:123)
	at io.restassured.specification.ResponseSpecification$statusCode$0.callCurrent(Unknown Source)
	at io.restassured.internal.ResponseSpecificationImpl.statusCode(ResponseSpecificationImpl.groovy:131)
	at io.restassured.internal.ValidatableResponseOptionsImpl.statusCode(ValidatableResponseOptionsImpl.java:119)
	at org.fcrepo.spec.testsuite.AbstractTest.createDirectContainer(AbstractTest.java:196)
	at org.fcrepo.spec.testsuite.crud.Container.ldpcContainmentTriples(Container.java:141)
	at org.fcrepo.spec.testsuite.App.main(App.java:309)
... Removed 32 stack frames]]>
    </failure>
  </testcase> <!-- ldpcContainmentTriples -->
  <testcase name="ldpcMembershipTriples" time="0.085" classname="org.fcrepo.spec.testsuite.crud.Container">
    <failure type="java.lang.AssertionError" message="Unexpected response code: 400">
      <![CDATA[java.lang.AssertionError: Unexpected response code: 400
	at org.fcrepo.spec.testsuite.crud.Container.ldpcMembershipTriples(Container.java:243)
	at org.fcrepo.spec.testsuite.App.main(App.java:309)
... Removed 23 stack frames]]>
    </failure>
  </testcase> <!-- ldpcMembershipTriples -->
  <testcase name="ldpcMinimalContainerTriples" time="0.122" classname="org.fcrepo.spec.testsuite.crud.Container">
    <failure type="java.lang.AssertionError" message="1 expectation failed.
Expected status code &amp;lt;201&amp;gt; but was &amp;lt;400&amp;gt;.
">
      <![CDATA[java.lang.AssertionError: 1 expectation failed.
Expected status code <201> but was <400>.

	at org.codehaus.groovy.runtime.callsite.ConstructorSite$ConstructorSiteNoUnwrap.callConstructor(ConstructorSite.java:84)
	at org.codehaus.groovy.runtime.callsite.AbstractCallSite.callConstructor(AbstractCallSite.java:247)
	at io.restassured.internal.ResponseSpecificationImpl$HamcrestAssertionClosure.validate(ResponseSpecificationImpl.groovy:483)
	at io.restassured.internal.ResponseSpecificationImpl$HamcrestAssertionClosure$validate$1.call(Unknown Source)
	at io.restassured.internal.ResponseSpecificationImpl.validateResponseIfRequired(ResponseSpecificationImpl.groovy:655)
	at org.codehaus.groovy.runtime.callsite.PogoMetaMethodSite$PogoCachedMethodSiteNoUnwrapNoCoerce.invoke(PogoMetaMethodSite.java:210)
	at org.codehaus.groovy.runtime.callsite.PogoMetaMethodSite.callCurrent(PogoMetaMethodSite.java:59)
	at org.codehaus.groovy.runtime.callsite.AbstractCallSite.callCurrent(AbstractCallSite.java:166)
	at io.restassured.internal.ResponseSpecificationImpl.statusCode(ResponseSpecificationImpl.groovy:123)
	at io.restassured.specification.ResponseSpecification$statusCode$0.callCurrent(Unknown Source)
	at io.restassured.internal.ResponseSpecificationImpl.statusCode(ResponseSpecificationImpl.groovy:131)
	at io.restassured.internal.ValidatableResponseOptionsImpl.statusCode(ValidatableResponseOptionsImpl.java:119)
	at org.fcrepo.spec.testsuite.AbstractTest.createDirectContainer(AbstractTest.java:196)
	at org.fcrepo.spec.testsuite.crud.Container.ldpcMinimalContainerTriples(Container.java:266)
	at org.fcrepo.spec.testsuite.App.main(App.java:309)
... Removed 32 stack frames]]>
    </failure>
  </testcase> <!-- ldpcMinimalContainerTriples -->
  <testcase name="ldpnrCreationLinkType" time="0.054" classname="org.fcrepo.spec.testsuite.crud.Ldpnr"/>
  <testcase name="ldpnrCreationWrongLinkType" time="0.014" classname="org.fcrepo.spec.testsuite.crud.Ldpnr"/>
  <testcase name="additionalValuesForPreferHeader" time="0.034" classname="org.fcrepo.spec.testsuite.crud.HttpGet">
    <failure type="java.lang.AssertionError" message="1 expectation failed.
Expected status code &amp;lt;201&amp;gt; but was &amp;lt;409&amp;gt;.
">
      <![CDATA[java.lang.AssertionError: 1 expectation failed.
Expected status code <201> but was <409>.

	at org.codehaus.groovy.runtime.callsite.ConstructorSite$ConstructorSiteNoUnwrap.callConstructor(ConstructorSite.java:84)
	at org.codehaus.groovy.runtime.callsite.AbstractCallSite.callConstructor(AbstractCallSite.java:247)
	at io.restassured.internal.ResponseSpecificationImpl$HamcrestAssertionClosure.validate(ResponseSpecificationImpl.groovy:483)
	at io.restassured.internal.ResponseSpecificationImpl$HamcrestAssertionClosure$validate$1.call(Unknown Source)
	at io.restassured.internal.ResponseSpecificationImpl.validateResponseIfRequired(ResponseSpecificationImpl.groovy:655)
	at org.codehaus.groovy.runtime.callsite.PogoMetaMethodSite$PogoCachedMethodSiteNoUnwrapNoCoerce.invoke(PogoMetaMethodSite.java:210)
	at org.codehaus.groovy.runtime.callsite.PogoMetaMethodSite.callCurrent(PogoMetaMethodSite.java:59)
	at org.codehaus.groovy.runtime.callsite.AbstractCallSite.callCurrent(AbstractCallSite.java:166)
	at io.restassured.internal.ResponseSpecificationImpl.statusCode(ResponseSpecificationImpl.groovy:123)
	at io.restassured.specification.ResponseSpecification$statusCode$0.callCurrent(Unknown Source)
	at io.restassured.internal.ResponseSpecificationImpl.statusCode(ResponseSpecificationImpl.groovy:131)
	at io.restassured.internal.ValidatableResponseOptionsImpl.statusCode(ValidatableResponseOptionsImpl.java:119)
	at org.fcrepo.spec.testsuite.AbstractTest.createBasicContainer(AbstractTest.java:187)
	at org.fcrepo.spec.testsuite.AbstractTest.createBasicContainer(AbstractTest.java:173)
	at org.fcrepo.spec.testsuite.crud.HttpGet.additionalValuesForPreferHeader(HttpGet.java:62)
	at org.fcrepo.spec.testsuite.App.main(App.java:309)
... Removed 31 stack frames]]>
    </failure>
  </testcase> <!-- additionalValuesForPreferHeader -->
  <testcase name="additionalValuesForPreferHeaderContainedDescriptions" time="0.116" classname="org.fcrepo.spec.testsuite.crud.HttpGet">
    <failure type="java.lang.AssertionError" message="1 expectation failed.
Response body doesn&amp;apos;t match expectation.
Expected: To contain triple: [http://0.0.0.0:8080/testsuitecontainer08022019124347/3.2.1-B/child, http://xmlns.com/foaf/0.1/name, &amp;quot;Pythagoras&amp;quot;]
  Actual: &amp;lt;http://0.0.0.0:8080/testsuitecontainer08022019124347/3.2.1-B&amp;gt;
        &amp;lt;http://purl.org/dc/terms/description&amp;gt;  &amp;quot;This is a crud container for the Fedora API Test Suite.&amp;quot; ;
        &amp;lt;http://purl.org/dc/terms/title&amp;gt;  &amp;quot;Container class Container&amp;quot; ;
        &amp;lt;http://www.w3.org/ns/ldp#contains&amp;gt;  &amp;lt;http://0.0.0.0:8080/testsuitecontainer08022019124347/3.2.1-B/child&amp;gt; .

">
      <![CDATA[java.lang.AssertionError: 1 expectation failed.
Response body doesn't match expectation.
Expected: To contain triple: [http://0.0.0.0:8080/testsuitecontainer08022019124347/3.2.1-B/child, http://xmlns.com/foaf/0.1/name, "Pythagoras"]
  Actual: <http://0.0.0.0:8080/testsuitecontainer08022019124347/3.2.1-B>
        <http://purl.org/dc/terms/description>  "This is a crud container for the Fedora API Test Suite." ;
        <http://purl.org/dc/terms/title>  "Container class Container" ;
        <http://www.w3.org/ns/ldp#contains>  <http://0.0.0.0:8080/testsuitecontainer08022019124347/3.2.1-B/child> .


	at org.codehaus.groovy.runtime.callsite.ConstructorSite$ConstructorSiteNoUnwrap.callConstructor(ConstructorSite.java:84)
	at org.codehaus.groovy.runtime.callsite.AbstractCallSite.callConstructor(AbstractCallSite.java:247)
	at io.restassured.internal.ResponseSpecificationImpl$HamcrestAssertionClosure.validate(ResponseSpecificationImpl.groovy:483)
	at io.restassured.internal.ResponseSpecificationImpl$HamcrestAssertionClosure$validate$1.call(Unknown Source)
	at io.restassured.internal.ResponseSpecificationImpl.validateResponseIfRequired(ResponseSpecificationImpl.groovy:655)
	at org.codehaus.groovy.runtime.callsite.PogoMetaMethodSite$PogoCachedMethodSiteNoUnwrapNoCoerce.invoke(PogoMetaMethodSite.java:210)
	at org.codehaus.groovy.runtime.callsite.PogoMetaMethodSite.callCurrent(PogoMetaMethodSite.java:59)
	at org.codehaus.groovy.runtime.callsite.CallSiteArray.defaultCallCurrent(CallSiteArray.java:52)
	at org.codehaus.groovy.runtime.callsite.AbstractCallSite.callCurrent(AbstractCallSite.java:154)
	at org.codehaus.groovy.runtime.callsite.AbstractCallSite.callCurrent(AbstractCallSite.java:166)
	at io.restassured.internal.ResponseSpecificationImpl.content(ResponseSpecificationImpl.groovy:95)
	at io.restassured.specification.ResponseSpecification$content$3.callCurrent(Unknown Source)
	at org.codehaus.groovy.runtime.callsite.CallSiteArray.defaultCallCurrent(CallSiteArray.java:52)
	at org.codehaus.groovy.runtime.callsite.AbstractCallSite.callCurrent(AbstractCallSite.java:154)
	at org.codehaus.groovy.runtime.callsite.AbstractCallSite.callCurrent(AbstractCallSite.java:174)
	at io.restassured.internal.ResponseSpecificationImpl.body(ResponseSpecificationImpl.groovy:254)
	at io.restassured.internal.ValidatableResponseOptionsImpl.body(ValidatableResponseOptionsImpl.java:268)
	at org.fcrepo.spec.testsuite.crud.HttpGet.additionalValuesForPreferHeaderContainedDescriptions(HttpGet.java:107)
	at org.fcrepo.spec.testsuite.App.main(App.java:309)
... Removed 31 stack frames]]>
    </failure>
  </testcase> <!-- additionalValuesForPreferHeaderContainedDescriptions -->
  <testcase name="respondWantDigestMd5" time="0.038" classname="org.fcrepo.spec.testsuite.crud.HttpGet">
    <failure type="java.lang.AssertionError" message="1 expectation failed.
Expected header &amp;quot;Digest&amp;quot; was not a string containing &amp;quot;md5&amp;quot;, was &amp;quot;null&amp;quot;. Headers are:
Accept-Patch=application/sparql-update
Accept-Ranges=bytes
Date=Fri, 02 Aug 2019 16:43:49 GMT
Allow=GET,HEAD,OPTIONS,PUT,DELETE
Connection=keep-alive
ETag=&amp;quot;c02a6d222cfe567dff1c807531278eac&amp;quot;
Last-Modified=Fri, 02 Aug 2019 16:43:49 GMT
Vary=Accept
Vary=Accept-Datetime
Vary=Range
Content-Type=text/plain;charset=ISO-8859-1
Content-Length=10
Link=&amp;lt;http://www.w3.org/ns/ldp#NonRDFSource&amp;gt;; rel=&amp;quot;type&amp;quot;
Link=&amp;lt;http://www.w3.org/ns/ldp#Resource&amp;gt;; rel=&amp;quot;type&amp;quot;
Link=&amp;lt;http://0.0.0.0:8080/testsuitecontainer08022019124347/3.2.3-A-1&amp;gt;; rel=&amp;quot;original timegate&amp;quot;
Link=&amp;lt;http://0.0.0.0:8080/testsuitecontainer08022019124347/3.2.3-A-1?ext=timemap&amp;gt;; rel=&amp;quot;timemap&amp;quot;; from=&amp;quot;Fri, 2 Aug 2019 16:43:49 GMT&amp;quot;; until=&amp;quot;Fri, 2 Aug 2019 16:43:49 GMT&amp;quot;; type=&amp;quot;application/link-format&amp;quot;
Link=&amp;lt;http://0.0.0.0:8080/testsuitecontainer08022019124347/3.2.3-A-1?version=1564764229&amp;gt;; rel=&amp;quot;first last memento&amp;quot;; datetime=&amp;quot;Fri, 2 Aug 2019 16:43:49 GMT&amp;quot;
Link=&amp;lt;http://0.0.0.0:8080/testsuitecontainer08022019124347/3.2.3-A-1&amp;gt;; rel=&amp;quot;canonical&amp;quot;
Link=&amp;lt;http://0.0.0.0:8080/testsuitecontainer08022019124347/3.2.3-A-1?ext=description&amp;gt;; rel=&amp;quot;describedby&amp;quot;
Link=&amp;lt;http://0.0.0.0:8080/testsuitecontainer08022019124347/3.2.3-A-1&amp;gt;; rel=&amp;quot;self&amp;quot;
Link=&amp;lt;http://0.0.0.0:8080/testsuitecontainer08022019124347/3.2.3-A-1?ext=acl&amp;gt;; rel=&amp;quot;acl&amp;quot;
">
      <![CDATA[java.lang.AssertionError: 1 expectation failed.
Expected header "Digest" was not a string containing "md5", was "null". Headers are:
Accept-Patch=application/sparql-update
Accept-Ranges=bytes
Date=Fri, 02 Aug 2019 16:43:49 GMT
Allow=GET,HEAD,OPTIONS,PUT,DELETE
Connection=keep-alive
ETag="c02a6d222cfe567dff1c807531278eac"
Last-Modified=Fri, 02 Aug 2019 16:43:49 GMT
Vary=Accept
Vary=Accept-Datetime
Vary=Range
Content-Type=text/plain;charset=ISO-8859-1
Content-Length=10
Link=<http://www.w3.org/ns/ldp#NonRDFSource>; rel="type"
Link=<http://www.w3.org/ns/ldp#Resource>; rel="type"
Link=<http://0.0.0.0:8080/testsuitecontainer08022019124347/3.2.3-A-1>; rel="original timegate"
Link=<http://0.0.0.0:8080/testsuitecontainer08022019124347/3.2.3-A-1?ext=timemap>; rel="timemap"; from="Fri, 2 Aug 2019 16:43:49 GMT"; until="Fri, 2 Aug 2019 16:43:49 GMT"; type="application/link-format"
Link=<http://0.0.0.0:8080/testsuitecontainer08022019124347/3.2.3-A-1?version=1564764229>; rel="first last memento"; datetime="Fri, 2 Aug 2019 16:43:49 GMT"
Link=<http://0.0.0.0:8080/testsuitecontainer08022019124347/3.2.3-A-1>; rel="canonical"
Link=<http://0.0.0.0:8080/testsuitecontainer08022019124347/3.2.3-A-1?ext=description>; rel="describedby"
Link=<http://0.0.0.0:8080/testsuitecontainer08022019124347/3.2.3-A-1>; rel="self"
Link=<http://0.0.0.0:8080/testsuitecontainer08022019124347/3.2.3-A-1?ext=acl>; rel="acl"

	at org.codehaus.groovy.runtime.callsite.ConstructorSite$ConstructorSiteNoUnwrap.callConstructor(ConstructorSite.java:84)
	at org.codehaus.groovy.runtime.callsite.AbstractCallSite.callConstructor(AbstractCallSite.java:247)
	at io.restassured.internal.ResponseSpecificationImpl$HamcrestAssertionClosure.validate(ResponseSpecificationImpl.groovy:483)
	at io.restassured.internal.ResponseSpecificationImpl$HamcrestAssertionClosure$validate$1.call(Unknown Source)
	at io.restassured.internal.ResponseSpecificationImpl.validateResponseIfRequired(ResponseSpecificationImpl.groovy:655)
	at org.codehaus.groovy.runtime.callsite.PogoMetaMethodSite$PogoCachedMethodSiteNoUnwrapNoCoerce.invoke(PogoMetaMethodSite.java:210)
	at org.codehaus.groovy.runtime.callsite.PogoMetaMethodSite.callCurrent(PogoMetaMethodSite.java:59)
	at org.codehaus.groovy.runtime.callsite.CallSiteArray.defaultCallCurrent(CallSiteArray.java:52)
	at org.codehaus.groovy.runtime.callsite.AbstractCallSite.callCurrent(AbstractCallSite.java:154)
	at org.codehaus.groovy.runtime.callsite.AbstractCallSite.callCurrent(AbstractCallSite.java:166)
	at io.restassured.internal.ResponseSpecificationImpl.header(ResponseSpecificationImpl.groovy:178)
	at io.restassured.internal.ValidatableResponseOptionsImpl.header(ValidatableResponseOptionsImpl.java:144)
	at org.fcrepo.spec.testsuite.crud.HttpGet.respondWantDigestMd5(HttpGet.java:190)
	at org.fcrepo.spec.testsuite.App.main(App.java:309)
... Removed 31 stack frames]]>
    </failure>
  </testcase> <!-- respondWantDigestMd5 -->
  <testcase name="respondWantDigestNonSupported" time="0.033" classname="org.fcrepo.spec.testsuite.crud.HttpGet">
    <failure type="java.lang.AssertionError" message="1 expectation failed.
Expected status code &amp;lt;400&amp;gt; but was &amp;lt;200&amp;gt;.
">
      <![CDATA[java.lang.AssertionError: 1 expectation failed.
Expected status code <400> but was <200>.

	at org.codehaus.groovy.runtime.callsite.ConstructorSite$ConstructorSiteNoUnwrap.callConstructor(ConstructorSite.java:84)
	at org.codehaus.groovy.runtime.callsite.AbstractCallSite.callConstructor(AbstractCallSite.java:247)
	at io.restassured.internal.ResponseSpecificationImpl$HamcrestAssertionClosure.validate(ResponseSpecificationImpl.groovy:483)
	at io.restassured.internal.ResponseSpecificationImpl$HamcrestAssertionClosure$validate$1.call(Unknown Source)
	at io.restassured.internal.ResponseSpecificationImpl.validateResponseIfRequired(ResponseSpecificationImpl.groovy:655)
	at org.codehaus.groovy.runtime.callsite.PogoMetaMethodSite$PogoCachedMethodSiteNoUnwrapNoCoerce.invoke(PogoMetaMethodSite.java:210)
	at org.codehaus.groovy.runtime.callsite.PogoMetaMethodSite.callCurrent(PogoMetaMethodSite.java:59)
	at org.codehaus.groovy.runtime.callsite.AbstractCallSite.callCurrent(AbstractCallSite.java:166)
	at io.restassured.internal.ResponseSpecificationImpl.statusCode(ResponseSpecificationImpl.groovy:123)
	at io.restassured.specification.ResponseSpecification$statusCode$0.callCurrent(Unknown Source)
	at io.restassured.internal.ResponseSpecificationImpl.statusCode(ResponseSpecificationImpl.groovy:131)
	at io.restassured.internal.ValidatableResponseOptionsImpl.statusCode(ValidatableResponseOptionsImpl.java:119)
	at org.fcrepo.spec.testsuite.crud.HttpGet.respondWantDigestNonSupported(HttpGet.java:372)
	at org.fcrepo.spec.testsuite.App.main(App.java:309)
... Removed 31 stack frames]]>
    </failure>
  </testcase> <!-- respondWantDigestNonSupported -->
  <testcase name="respondWantDigestNonSupportedWithSupported" time="0.035" classname="org.fcrepo.spec.testsuite.crud.HttpGet">
    <failure type="java.lang.AssertionError" message="1 expectation failed.
Expected header &amp;quot;Digest&amp;quot; was not a string containing &amp;quot;md5&amp;quot;, was &amp;quot;null&amp;quot;. Headers are:
Accept-Patch=application/sparql-update
Accept-Ranges=bytes
Date=Fri, 02 Aug 2019 16:43:49 GMT
Allow=GET,HEAD,OPTIONS,PUT,DELETE
Connection=keep-alive
ETag=&amp;quot;bb053d38531cf051711ddc281c4b11ab&amp;quot;
Last-Modified=Fri, 02 Aug 2019 16:43:49 GMT
Vary=Accept
Vary=Accept-Datetime
Vary=Range
Content-Type=text/plain;charset=ISO-8859-1
Content-Length=10
Link=&amp;lt;http://www.w3.org/ns/ldp#NonRDFSource&amp;gt;; rel=&amp;quot;type&amp;quot;
Link=&amp;lt;http://www.w3.org/ns/ldp#Resource&amp;gt;; rel=&amp;quot;type&amp;quot;
Link=&amp;lt;http://0.0.0.0:8080/testsuitecontainer08022019124347/3.2.3-E&amp;gt;; rel=&amp;quot;original timegate&amp;quot;
Link=&amp;lt;http://0.0.0.0:8080/testsuitecontainer08022019124347/3.2.3-E?ext=timemap&amp;gt;; rel=&amp;quot;timemap&amp;quot;; from=&amp;quot;Fri, 2 Aug 2019 16:43:49 GMT&amp;quot;; until=&amp;quot;Fri, 2 Aug 2019 16:43:49 GMT&amp;quot;; type=&amp;quot;application/link-format&amp;quot;
Link=&amp;lt;http://0.0.0.0:8080/testsuitecontainer08022019124347/3.2.3-E?version=1564764229&amp;gt;; rel=&amp;quot;first last memento&amp;quot;; datetime=&amp;quot;Fri, 2 Aug 2019 16:43:49 GMT&amp;quot;
Link=&amp;lt;http://0.0.0.0:8080/testsuitecontainer08022019124347/3.2.3-E&amp;gt;; rel=&amp;quot;canonical&amp;quot;
Link=&amp;lt;http://0.0.0.0:8080/testsuitecontainer08022019124347/3.2.3-E?ext=description&amp;gt;; rel=&amp;quot;describedby&amp;quot;
Link=&amp;lt;http://0.0.0.0:8080/testsuitecontainer08022019124347/3.2.3-E&amp;gt;; rel=&amp;quot;self&amp;quot;
Link=&amp;lt;http://0.0.0.0:8080/testsuitecontainer08022019124347/3.2.3-E?ext=acl&amp;gt;; rel=&amp;quot;acl&amp;quot;
">
      <![CDATA[java.lang.AssertionError: 1 expectation failed.
Expected header "Digest" was not a string containing "md5", was "null". Headers are:
Accept-Patch=application/sparql-update
Accept-Ranges=bytes
Date=Fri, 02 Aug 2019 16:43:49 GMT
Allow=GET,HEAD,OPTIONS,PUT,DELETE
Connection=keep-alive
ETag="bb053d38531cf051711ddc281c4b11ab"
Last-Modified=Fri, 02 Aug 2019 16:43:49 GMT
Vary=Accept
Vary=Accept-Datetime
Vary=Range
Content-Type=text/plain;charset=ISO-8859-1
Content-Length=10
Link=<http://www.w3.org/ns/ldp#NonRDFSource>; rel="type"
Link=<http://www.w3.org/ns/ldp#Resource>; rel="type"
Link=<http://0.0.0.0:8080/testsuitecontainer08022019124347/3.2.3-E>; rel="original timegate"
Link=<http://0.0.0.0:8080/testsuitecontainer08022019124347/3.2.3-E?ext=timemap>; rel="timemap"; from="Fri, 2 Aug 2019 16:43:49 GMT"; until="Fri, 2 Aug 2019 16:43:49 GMT"; type="application/link-format"
Link=<http://0.0.0.0:8080/testsuitecontainer08022019124347/3.2.3-E?version=1564764229>; rel="first last memento"; datetime="Fri, 2 Aug 2019 16:43:49 GMT"
Link=<http://0.0.0.0:8080/testsuitecontainer08022019124347/3.2.3-E>; rel="canonical"
Link=<http://0.0.0.0:8080/testsuitecontainer08022019124347/3.2.3-E?ext=description>; rel="describedby"
Link=<http://0.0.0.0:8080/testsuitecontainer08022019124347/3.2.3-E>; rel="self"
Link=<http://0.0.0.0:8080/testsuitecontainer08022019124347/3.2.3-E?ext=acl>; rel="acl"

	at org.codehaus.groovy.runtime.callsite.ConstructorSite$ConstructorSiteNoUnwrap.callConstructor(ConstructorSite.java:84)
	at org.codehaus.groovy.runtime.callsite.AbstractCallSite.callConstructor(AbstractCallSite.java:247)
	at io.restassured.internal.ResponseSpecificationImpl$HamcrestAssertionClosure.validate(ResponseSpecificationImpl.groovy:483)
	at io.restassured.internal.ResponseSpecificationImpl$HamcrestAssertionClosure$validate$1.call(Unknown Source)
	at io.restassured.internal.ResponseSpecificationImpl.validateResponseIfRequired(ResponseSpecificationImpl.groovy:655)
	at org.codehaus.groovy.runtime.callsite.PogoMetaMethodSite$PogoCachedMethodSiteNoUnwrapNoCoerce.invoke(PogoMetaMethodSite.java:210)
	at org.codehaus.groovy.runtime.callsite.PogoMetaMethodSite.callCurrent(PogoMetaMethodSite.java:59)
	at org.codehaus.groovy.runtime.callsite.AbstractCallSite.callCurrent(AbstractCallSite.java:166)
	at io.restassured.internal.ResponseSpecificationImpl.header(ResponseSpecificationImpl.groovy:178)
	at io.restassured.internal.ValidatableResponseOptionsImpl.header(ValidatableResponseOptionsImpl.java:144)
	at org.fcrepo.spec.testsuite.crud.HttpGet.respondWantDigestNonSupportedWithSupported(HttpGet.java:349)
	at org.fcrepo.spec.testsuite.App.main(App.java:309)
... Removed 31 stack frames]]>
    </failure>
  </testcase> <!-- respondWantDigestNonSupportedWithSupported -->
  <testcase name="respondWantDigestSha1" time="0.049" classname="org.fcrepo.spec.testsuite.crud.HttpGet">
    <failure type="java.lang.AssertionError" message="1 expectation failed.
Expected header &amp;quot;Digest&amp;quot; was not a string containing &amp;quot;sha&amp;quot;, was &amp;quot;null&amp;quot;. Headers are:
Accept-Patch=application/sparql-update
Accept-Ranges=bytes
Date=Fri, 02 Aug 2019 16:43:49 GMT
Allow=GET,HEAD,OPTIONS,PUT,DELETE
Connection=keep-alive
ETag=&amp;quot;d950dc4547f89545d74c8d3deeec4d86&amp;quot;
Last-Modified=Fri, 02 Aug 2019 16:43:49 GMT
Vary=Accept
Vary=Accept-Datetime
Vary=Range
Content-Type=text/plain;charset=ISO-8859-1
Content-Length=10
Link=&amp;lt;http://www.w3.org/ns/ldp#NonRDFSource&amp;gt;; rel=&amp;quot;type&amp;quot;
Link=&amp;lt;http://www.w3.org/ns/ldp#Resource&amp;gt;; rel=&amp;quot;type&amp;quot;
Link=&amp;lt;http://0.0.0.0:8080/testsuitecontainer08022019124347/3.2.3-A-2&amp;gt;; rel=&amp;quot;original timegate&amp;quot;
Link=&amp;lt;http://0.0.0.0:8080/testsuitecontainer08022019124347/3.2.3-A-2?ext=timemap&amp;gt;; rel=&amp;quot;timemap&amp;quot;; from=&amp;quot;Fri, 2 Aug 2019 16:43:49 GMT&amp;quot;; until=&amp;quot;Fri, 2 Aug 2019 16:43:49 GMT&amp;quot;; type=&amp;quot;application/link-format&amp;quot;
Link=&amp;lt;http://0.0.0.0:8080/testsuitecontainer08022019124347/3.2.3-A-2?version=1564764229&amp;gt;; rel=&amp;quot;first last memento&amp;quot;; datetime=&amp;quot;Fri, 2 Aug 2019 16:43:49 GMT&amp;quot;
Link=&amp;lt;http://0.0.0.0:8080/testsuitecontainer08022019124347/3.2.3-A-2&amp;gt;; rel=&amp;quot;canonical&amp;quot;
Link=&amp;lt;http://0.0.0.0:8080/testsuitecontainer08022019124347/3.2.3-A-2?ext=description&amp;gt;; rel=&amp;quot;describedby&amp;quot;
Link=&amp;lt;http://0.0.0.0:8080/testsuitecontainer08022019124347/3.2.3-A-2&amp;gt;; rel=&amp;quot;self&amp;quot;
Link=&amp;lt;http://0.0.0.0:8080/testsuitecontainer08022019124347/3.2.3-A-2?ext=acl&amp;gt;; rel=&amp;quot;acl&amp;quot;
">
      <![CDATA[java.lang.AssertionError: 1 expectation failed.
Expected header "Digest" was not a string containing "sha", was "null". Headers are:
Accept-Patch=application/sparql-update
Accept-Ranges=bytes
Date=Fri, 02 Aug 2019 16:43:49 GMT
Allow=GET,HEAD,OPTIONS,PUT,DELETE
Connection=keep-alive
ETag="d950dc4547f89545d74c8d3deeec4d86"
Last-Modified=Fri, 02 Aug 2019 16:43:49 GMT
Vary=Accept
Vary=Accept-Datetime
Vary=Range
Content-Type=text/plain;charset=ISO-8859-1
Content-Length=10
Link=<http://www.w3.org/ns/ldp#NonRDFSource>; rel="type"
Link=<http://www.w3.org/ns/ldp#Resource>; rel="type"
Link=<http://0.0.0.0:8080/testsuitecontainer08022019124347/3.2.3-A-2>; rel="original timegate"
Link=<http://0.0.0.0:8080/testsuitecontainer08022019124347/3.2.3-A-2?ext=timemap>; rel="timemap"; from="Fri, 2 Aug 2019 16:43:49 GMT"; until="Fri, 2 Aug 2019 16:43:49 GMT"; type="application/link-format"
Link=<http://0.0.0.0:8080/testsuitecontainer08022019124347/3.2.3-A-2?version=1564764229>; rel="first last memento"; datetime="Fri, 2 Aug 2019 16:43:49 GMT"
Link=<http://0.0.0.0:8080/testsuitecontainer08022019124347/3.2.3-A-2>; rel="canonical"
Link=<http://0.0.0.0:8080/testsuitecontainer08022019124347/3.2.3-A-2?ext=description>; rel="describedby"
Link=<http://0.0.0.0:8080/testsuitecontainer08022019124347/3.2.3-A-2>; rel="self"
Link=<http://0.0.0.0:8080/testsuitecontainer08022019124347/3.2.3-A-2?ext=acl>; rel="acl"

	at org.codehaus.groovy.runtime.callsite.ConstructorSite$ConstructorSiteNoUnwrap.callConstructor(ConstructorSite.java:84)
	at org.codehaus.groovy.runtime.callsite.AbstractCallSite.callConstructor(AbstractCallSite.java:247)
	at io.restassured.internal.ResponseSpecificationImpl$HamcrestAssertionClosure.validate(ResponseSpecificationImpl.groovy:483)
	at io.restassured.internal.ResponseSpecificationImpl$HamcrestAssertionClosure$validate$1.call(Unknown Source)
	at io.restassured.internal.ResponseSpecificationImpl.validateResponseIfRequired(ResponseSpecificationImpl.groovy:655)
	at org.codehaus.groovy.runtime.callsite.PogoMetaMethodSite$PogoCachedMethodSiteNoUnwrapNoCoerce.invoke(PogoMetaMethodSite.java:210)
	at org.codehaus.groovy.runtime.callsite.PogoMetaMethodSite.callCurrent(PogoMetaMethodSite.java:59)
	at org.codehaus.groovy.runtime.callsite.AbstractCallSite.callCurrent(AbstractCallSite.java:166)
	at io.restassured.internal.ResponseSpecificationImpl.header(ResponseSpecificationImpl.groovy:178)
	at io.restassured.internal.ValidatableResponseOptionsImpl.header(ValidatableResponseOptionsImpl.java:144)
	at org.fcrepo.spec.testsuite.crud.HttpGet.respondWantDigestSha1(HttpGet.java:214)
	at org.fcrepo.spec.testsuite.App.main(App.java:309)
... Removed 31 stack frames]]>
    </failure>
  </testcase> <!-- respondWantDigestSha1 -->
  <testcase name="respondWantDigestSha256" time="0.034" classname="org.fcrepo.spec.testsuite.crud.HttpGet">
    <failure type="java.lang.AssertionError" message="1 expectation failed.
Expected header &amp;quot;Digest&amp;quot; was not a string containing &amp;quot;sha-256&amp;quot;, was &amp;quot;null&amp;quot;. Headers are:
Accept-Patch=application/sparql-update
Accept-Ranges=bytes
Date=Fri, 02 Aug 2019 16:43:49 GMT
Allow=GET,HEAD,OPTIONS,PUT,DELETE
Connection=keep-alive
ETag=&amp;quot;fafc28e5216fe470ae1661d39d3f940a&amp;quot;
Last-Modified=Fri, 02 Aug 2019 16:43:49 GMT
Vary=Accept
Vary=Accept-Datetime
Vary=Range
Content-Type=text/plain;charset=ISO-8859-1
Content-Length=10
Link=&amp;lt;http://www.w3.org/ns/ldp#NonRDFSource&amp;gt;; rel=&amp;quot;type&amp;quot;
Link=&amp;lt;http://www.w3.org/ns/ldp#Resource&amp;gt;; rel=&amp;quot;type&amp;quot;
Link=&amp;lt;http://0.0.0.0:8080/testsuitecontainer08022019124347/3.2.3-A-3&amp;gt;; rel=&amp;quot;original timegate&amp;quot;
Link=&amp;lt;http://0.0.0.0:8080/testsuitecontainer08022019124347/3.2.3-A-3?ext=timemap&amp;gt;; rel=&amp;quot;timemap&amp;quot;; from=&amp;quot;Fri, 2 Aug 2019 16:43:49 GMT&amp;quot;; until=&amp;quot;Fri, 2 Aug 2019 16:43:49 GMT&amp;quot;; type=&amp;quot;application/link-format&amp;quot;
Link=&amp;lt;http://0.0.0.0:8080/testsuitecontainer08022019124347/3.2.3-A-3?version=1564764229&amp;gt;; rel=&amp;quot;first last memento&amp;quot;; datetime=&amp;quot;Fri, 2 Aug 2019 16:43:49 GMT&amp;quot;
Link=&amp;lt;http://0.0.0.0:8080/testsuitecontainer08022019124347/3.2.3-A-3&amp;gt;; rel=&amp;quot;canonical&amp;quot;
Link=&amp;lt;http://0.0.0.0:8080/testsuitecontainer08022019124347/3.2.3-A-3?ext=description&amp;gt;; rel=&amp;quot;describedby&amp;quot;
Link=&amp;lt;http://0.0.0.0:8080/testsuitecontainer08022019124347/3.2.3-A-3&amp;gt;; rel=&amp;quot;self&amp;quot;
Link=&amp;lt;http://0.0.0.0:8080/testsuitecontainer08022019124347/3.2.3-A-3?ext=acl&amp;gt;; rel=&amp;quot;acl&amp;quot;
">
      <![CDATA[java.lang.AssertionError: 1 expectation failed.
Expected header "Digest" was not a string containing "sha-256", was "null". Headers are:
Accept-Patch=application/sparql-update
Accept-Ranges=bytes
Date=Fri, 02 Aug 2019 16:43:49 GMT
Allow=GET,HEAD,OPTIONS,PUT,DELETE
Connection=keep-alive
ETag="fafc28e5216fe470ae1661d39d3f940a"
Last-Modified=Fri, 02 Aug 2019 16:43:49 GMT
Vary=Accept
Vary=Accept-Datetime
Vary=Range
Content-Type=text/plain;charset=ISO-8859-1
Content-Length=10
Link=<http://www.w3.org/ns/ldp#NonRDFSource>; rel="type"
Link=<http://www.w3.org/ns/ldp#Resource>; rel="type"
Link=<http://0.0.0.0:8080/testsuitecontainer08022019124347/3.2.3-A-3>; rel="original timegate"
Link=<http://0.0.0.0:8080/testsuitecontainer08022019124347/3.2.3-A-3?ext=timemap>; rel="timemap"; from="Fri, 2 Aug 2019 16:43:49 GMT"; until="Fri, 2 Aug 2019 16:43:49 GMT"; type="application/link-format"
Link=<http://0.0.0.0:8080/testsuitecontainer08022019124347/3.2.3-A-3?version=1564764229>; rel="first last memento"; datetime="Fri, 2 Aug 2019 16:43:49 GMT"
Link=<http://0.0.0.0:8080/testsuitecontainer08022019124347/3.2.3-A-3>; rel="canonical"
Link=<http://0.0.0.0:8080/testsuitecontainer08022019124347/3.2.3-A-3?ext=description>; rel="describedby"
Link=<http://0.0.0.0:8080/testsuitecontainer08022019124347/3.2.3-A-3>; rel="self"
Link=<http://0.0.0.0:8080/testsuitecontainer08022019124347/3.2.3-A-3?ext=acl>; rel="acl"

	at org.codehaus.groovy.runtime.callsite.ConstructorSite$ConstructorSiteNoUnwrap.callConstructor(ConstructorSite.java:84)
	at org.codehaus.groovy.runtime.callsite.AbstractCallSite.callConstructor(AbstractCallSite.java:247)
	at io.restassured.internal.ResponseSpecificationImpl$HamcrestAssertionClosure.validate(ResponseSpecificationImpl.groovy:483)
	at io.restassured.internal.ResponseSpecificationImpl$HamcrestAssertionClosure$validate$1.call(Unknown Source)
	at io.restassured.internal.ResponseSpecificationImpl.validateResponseIfRequired(ResponseSpecificationImpl.groovy:655)
	at org.codehaus.groovy.runtime.callsite.PogoMetaMethodSite$PogoCachedMethodSiteNoUnwrapNoCoerce.invoke(PogoMetaMethodSite.java:210)
	at org.codehaus.groovy.runtime.callsite.PogoMetaMethodSite.callCurrent(PogoMetaMethodSite.java:59)
	at org.codehaus.groovy.runtime.callsite.AbstractCallSite.callCurrent(AbstractCallSite.java:166)
	at io.restassured.internal.ResponseSpecificationImpl.header(ResponseSpecificationImpl.groovy:178)
	at io.restassured.internal.ValidatableResponseOptionsImpl.header(ValidatableResponseOptionsImpl.java:144)
	at org.fcrepo.spec.testsuite.crud.HttpGet.respondWantDigestSha256(HttpGet.java:238)
	at org.fcrepo.spec.testsuite.App.main(App.java:309)
... Removed 31 stack frames]]>
    </failure>
  </testcase> <!-- respondWantDigestSha256 -->
  <testcase name="respondWantDigestTwoSupported" time="0.033" classname="org.fcrepo.spec.testsuite.crud.HttpGet">
    <failure type="java.lang.NullPointerException">
      <![CDATA[java.lang.NullPointerException
	at org.fcrepo.spec.testsuite.crud.HttpGet.respondWantDigestTwoSupported(HttpGet.java:269)
	at org.fcrepo.spec.testsuite.App.main(App.java:309)
... Removed 22 stack frames]]>
    </failure>
  </testcase> <!-- respondWantDigestTwoSupported -->
  <testcase name="respondWantDigestTwoSupportedQvalueNonZero" time="0.03" classname="org.fcrepo.spec.testsuite.crud.HttpGet">
    <failure type="java.lang.NullPointerException">
      <![CDATA[java.lang.NullPointerException
	at org.fcrepo.spec.testsuite.crud.HttpGet.respondWantDigestTwoSupportedQvalueNonZero(HttpGet.java:302)
	at org.fcrepo.spec.testsuite.App.main(App.java:309)
... Removed 22 stack frames]]>
    </failure>
  </testcase> <!-- respondWantDigestTwoSupportedQvalueNonZero -->
  <testcase name="respondWantDigestTwoSupportedQvalueZero" time="0.034" classname="org.fcrepo.spec.testsuite.crud.HttpGet">
    <failure type="java.lang.AssertionError" message="1 expectation failed.
Expected header &amp;quot;Digest&amp;quot; was not a string containing &amp;quot;md5&amp;quot;, was &amp;quot;null&amp;quot;. Headers are:
Accept-Patch=application/sparql-update
Accept-Ranges=bytes
Date=Fri, 02 Aug 2019 16:43:49 GMT
Allow=GET,HEAD,OPTIONS,PUT,DELETE
Connection=keep-alive
ETag=&amp;quot;a9989ba7515a35233a8e0303f983ad2d&amp;quot;
Last-Modified=Fri, 02 Aug 2019 16:43:49 GMT
Vary=Accept
Vary=Accept-Datetime
Vary=Range
Content-Type=text/plain;charset=ISO-8859-1
Content-Length=10
Link=&amp;lt;http://www.w3.org/ns/ldp#NonRDFSource&amp;gt;; rel=&amp;quot;type&amp;quot;
Link=&amp;lt;http://www.w3.org/ns/ldp#Resource&amp;gt;; rel=&amp;quot;type&amp;quot;
Link=&amp;lt;http://0.0.0.0:8080/testsuitecontainer08022019124347/3.2.3-D&amp;gt;; rel=&amp;quot;original timegate&amp;quot;
Link=&amp;lt;http://0.0.0.0:8080/testsuitecontainer08022019124347/3.2.3-D?ext=timemap&amp;gt;; rel=&amp;quot;timemap&amp;quot;; from=&amp;quot;Fri, 2 Aug 2019 16:43:49 GMT&amp;quot;; until=&amp;quot;Fri, 2 Aug 2019 16:43:49 GMT&amp;quot;; type=&amp;quot;application/link-format&amp;quot;
Link=&amp;lt;http://0.0.0.0:8080/testsuitecontainer08022019124347/3.2.3-D?version=1564764229&amp;gt;; rel=&amp;quot;first last memento&amp;quot;; datetime=&amp;quot;Fri, 2 Aug 2019 16:43:49 GMT&amp;quot;
Link=&amp;lt;http://0.0.0.0:8080/testsuitecontainer08022019124347/3.2.3-D&amp;gt;; rel=&amp;quot;canonical&amp;quot;
Link=&amp;lt;http://0.0.0.0:8080/testsuitecontainer08022019124347/3.2.3-D?ext=description&amp;gt;; rel=&amp;quot;describedby&amp;quot;
Link=&amp;lt;http://0.0.0.0:8080/testsuitecontainer08022019124347/3.2.3-D&amp;gt;; rel=&amp;quot;self&amp;quot;
Link=&amp;lt;http://0.0.0.0:8080/testsuitecontainer08022019124347/3.2.3-D?ext=acl&amp;gt;; rel=&amp;quot;acl&amp;quot;
">
      <![CDATA[java.lang.AssertionError: 1 expectation failed.
Expected header "Digest" was not a string containing "md5", was "null". Headers are:
Accept-Patch=application/sparql-update
Accept-Ranges=bytes
Date=Fri, 02 Aug 2019 16:43:49 GMT
Allow=GET,HEAD,OPTIONS,PUT,DELETE
Connection=keep-alive
ETag="a9989ba7515a35233a8e0303f983ad2d"
Last-Modified=Fri, 02 Aug 2019 16:43:49 GMT
Vary=Accept
Vary=Accept-Datetime
Vary=Range
Content-Type=text/plain;charset=ISO-8859-1
Content-Length=10
Link=<http://www.w3.org/ns/ldp#NonRDFSource>; rel="type"
Link=<http://www.w3.org/ns/ldp#Resource>; rel="type"
Link=<http://0.0.0.0:8080/testsuitecontainer08022019124347/3.2.3-D>; rel="original timegate"
Link=<http://0.0.0.0:8080/testsuitecontainer08022019124347/3.2.3-D?ext=timemap>; rel="timemap"; from="Fri, 2 Aug 2019 16:43:49 GMT"; until="Fri, 2 Aug 2019 16:43:49 GMT"; type="application/link-format"
Link=<http://0.0.0.0:8080/testsuitecontainer08022019124347/3.2.3-D?version=1564764229>; rel="first last memento"; datetime="Fri, 2 Aug 2019 16:43:49 GMT"
Link=<http://0.0.0.0:8080/testsuitecontainer08022019124347/3.2.3-D>; rel="canonical"
Link=<http://0.0.0.0:8080/testsuitecontainer08022019124347/3.2.3-D?ext=description>; rel="describedby"
Link=<http://0.0.0.0:8080/testsuitecontainer08022019124347/3.2.3-D>; rel="self"
Link=<http://0.0.0.0:8080/testsuitecontainer08022019124347/3.2.3-D?ext=acl>; rel="acl"

	at org.codehaus.groovy.runtime.callsite.ConstructorSite$ConstructorSiteNoUnwrap.callConstructor(ConstructorSite.java:84)
	at org.codehaus.groovy.runtime.callsite.AbstractCallSite.callConstructor(AbstractCallSite.java:247)
	at io.restassured.internal.ResponseSpecificationImpl$HamcrestAssertionClosure.validate(ResponseSpecificationImpl.groovy:483)
	at io.restassured.internal.ResponseSpecificationImpl$HamcrestAssertionClosure$validate$1.call(Unknown Source)
	at io.restassured.internal.ResponseSpecificationImpl.validateResponseIfRequired(ResponseSpecificationImpl.groovy:655)
	at org.codehaus.groovy.runtime.callsite.PogoMetaMethodSite$PogoCachedMethodSiteNoUnwrapNoCoerce.invoke(PogoMetaMethodSite.java:210)
	at org.codehaus.groovy.runtime.callsite.PogoMetaMethodSite.callCurrent(PogoMetaMethodSite.java:59)
	at org.codehaus.groovy.runtime.callsite.AbstractCallSite.callCurrent(AbstractCallSite.java:166)
	at io.restassured.internal.ResponseSpecificationImpl.header(ResponseSpecificationImpl.groovy:178)
	at io.restassured.internal.ValidatableResponseOptionsImpl.header(ValidatableResponseOptionsImpl.java:144)
	at org.fcrepo.spec.testsuite.crud.HttpGet.respondWantDigestTwoSupportedQvalueZero(HttpGet.java:326)
	at org.fcrepo.spec.testsuite.App.main(App.java:309)
... Removed 31 stack frames]]>
    </failure>
  </testcase> <!-- respondWantDigestTwoSupportedQvalueZero -->
  <testcase name="responseDescribesHeader" time="0.136" classname="org.fcrepo.spec.testsuite.crud.HttpGet"/>
  <testcase name="responsePreferenceAppliedHeader" time="0.028" classname="org.fcrepo.spec.testsuite.crud.HttpGet"/>
  <testcase name="httpHeadResponseDigest" time="0.039" classname="org.fcrepo.spec.testsuite.crud.HttpHead"/>
  <testcase name="httpHeadResponseHeadersSameAsHttpGet" time="0.033" classname="org.fcrepo.spec.testsuite.crud.HttpHead">
    <failure type="java.lang.AssertionError" message="Comparable headers should be the same between GET and HEAD: Lists differ at element [9]: Content-Type=text/turtle != Content-Type=text/turtle;charset=UTF-8 expected [Content-Type=text/turtle] but found [Content-Type=text/turtle;charset=UTF-8]">
      <![CDATA[java.lang.AssertionError: Comparable headers should be the same between GET and HEAD: Lists differ at element [9]: Content-Type=text/turtle != Content-Type=text/turtle;charset=UTF-8 expected [Content-Type=text/turtle] but found [Content-Type=text/turtle;charset=UTF-8]
	at org.fcrepo.spec.testsuite.crud.HttpHead.httpHeadResponseHeadersSameAsHttpGet(HttpHead.java:164)
	at org.fcrepo.spec.testsuite.App.main(App.java:309)
... Removed 26 stack frames]]>
    </failure>
  </testcase> <!-- httpHeadResponseHeadersSameAsHttpGet -->
  <testcase name="httpHeadResponseNoBody" time="0.02" classname="org.fcrepo.spec.testsuite.crud.HttpHead"/>
  <testcase name="httpOptionsSupport" time="0.009" classname="org.fcrepo.spec.testsuite.crud.HttpOptions"/>
  <testcase name="httpOptionsSupportAllow" time="0.008" classname="org.fcrepo.spec.testsuite.crud.HttpOptions"/>
  <testcase name="httpPost" time="0.014" classname="org.fcrepo.spec.testsuite.crud.HttpPost"/>
  <testcase name="postDigestResponseHeaderAuthentication" time="0.014" classname="org.fcrepo.spec.testsuite.crud.HttpPost">
    <failure type="java.lang.AssertionError" message="1 expectation failed.
Expected status code &amp;lt;409&amp;gt; but was &amp;lt;201&amp;gt;.
">
      <![CDATA[java.lang.AssertionError: 1 expectation failed.
Expected status code <409> but was <201>.

	at org.codehaus.groovy.runtime.callsite.ConstructorSite$ConstructorSiteNoUnwrap.callConstructor(ConstructorSite.java:84)
	at org.codehaus.groovy.runtime.callsite.AbstractCallSite.callConstructor(AbstractCallSite.java:247)
	at io.restassured.internal.ResponseSpecificationImpl$HamcrestAssertionClosure.validate(ResponseSpecificationImpl.groovy:483)
	at io.restassured.internal.ResponseSpecificationImpl$HamcrestAssertionClosure$validate$1.call(Unknown Source)
	at io.restassured.internal.ResponseSpecificationImpl.validateResponseIfRequired(ResponseSpecificationImpl.groovy:655)
	at org.codehaus.groovy.runtime.callsite.PogoMetaMethodSite$PogoCachedMethodSiteNoUnwrapNoCoerce.invoke(PogoMetaMethodSite.java:210)
	at org.codehaus.groovy.runtime.callsite.PogoMetaMethodSite.callCurrent(PogoMetaMethodSite.java:59)
	at org.codehaus.groovy.runtime.callsite.AbstractCallSite.callCurrent(AbstractCallSite.java:166)
	at io.restassured.internal.ResponseSpecificationImpl.statusCode(ResponseSpecificationImpl.groovy:123)
	at io.restassured.specification.ResponseSpecification$statusCode$0.callCurrent(Unknown Source)
	at io.restassured.internal.ResponseSpecificationImpl.statusCode(ResponseSpecificationImpl.groovy:131)
	at io.restassured.internal.ValidatableResponseOptionsImpl.statusCode(ValidatableResponseOptionsImpl.java:119)
	at org.fcrepo.spec.testsuite.crud.HttpPost.postDigestResponseHeaderAuthentication(HttpPost.java:102)
	at org.fcrepo.spec.testsuite.App.main(App.java:309)
... Removed 31 stack frames]]>
    </failure>
  </testcase> <!-- postDigestResponseHeaderAuthentication -->
  <testcase name="postDigestResponseHeaderVerification" time="0.019" classname="org.fcrepo.spec.testsuite.crud.HttpPost">
    <failure type="java.lang.AssertionError" message="1 expectation failed.
Expected status code &amp;lt;400&amp;gt; but was &amp;lt;201&amp;gt;.
">
      <![CDATA[java.lang.AssertionError: 1 expectation failed.
Expected status code <400> but was <201>.

	at org.codehaus.groovy.runtime.callsite.ConstructorSite$ConstructorSiteNoUnwrap.callConstructor(ConstructorSite.java:84)
	at org.codehaus.groovy.runtime.callsite.AbstractCallSite.callConstructor(AbstractCallSite.java:247)
	at io.restassured.internal.ResponseSpecificationImpl$HamcrestAssertionClosure.validate(ResponseSpecificationImpl.groovy:483)
	at io.restassured.internal.ResponseSpecificationImpl$HamcrestAssertionClosure$validate$1.call(Unknown Source)
	at io.restassured.internal.ResponseSpecificationImpl.validateResponseIfRequired(ResponseSpecificationImpl.groovy:655)
	at org.codehaus.groovy.runtime.callsite.PogoMetaMethodSite$PogoCachedMethodSiteNoUnwrapNoCoerce.invoke(PogoMetaMethodSite.java:210)
	at org.codehaus.groovy.runtime.callsite.PogoMetaMethodSite.callCurrent(PogoMetaMethodSite.java:59)
	at org.codehaus.groovy.runtime.callsite.AbstractCallSite.callCurrent(AbstractCallSite.java:166)
	at io.restassured.internal.ResponseSpecificationImpl.statusCode(ResponseSpecificationImpl.groovy:123)
	at io.restassured.specification.ResponseSpecification$statusCode$0.callCurrent(Unknown Source)
	at io.restassured.internal.ResponseSpecificationImpl.statusCode(ResponseSpecificationImpl.groovy:131)
	at io.restassured.internal.ValidatableResponseOptionsImpl.statusCode(ValidatableResponseOptionsImpl.java:119)
	at org.fcrepo.spec.testsuite.crud.HttpPost.postDigestResponseHeaderVerification(HttpPost.java:122)
	at org.fcrepo.spec.testsuite.App.main(App.java:309)
... Removed 31 stack frames]]>
    </failure>
  </testcase> <!-- postDigestResponseHeaderVerification -->
  <testcase name="postNonRDFSource" time="0.012" classname="org.fcrepo.spec.testsuite.crud.HttpPost"/>
  <testcase name="postResourceAndCheckAssociatedResource" time="0.013" classname="org.fcrepo.spec.testsuite.crud.HttpPost"/>
  <testcase name="httpPutChangeTypeAllowed" time="0.024" classname="org.fcrepo.spec.testsuite.crud.HttpPut"/>
  <testcase name="httpPutChangeTypeNotAllowed" time="0.02" classname="org.fcrepo.spec.testsuite.crud.HttpPut"/>
  <testcase name="httpPutNR" time="0.034" classname="org.fcrepo.spec.testsuite.crud.HttpPut"/>
  <testcase name="httpPutUpdateDisallowedTriples" time="0.044" classname="org.fcrepo.spec.testsuite.crud.HttpPut">
    <failure type="java.lang.AssertionError" message="1 expectation failed.
Expected status code (a value equal to or greater than &amp;lt;400&amp;gt; and a value less than &amp;lt;500&amp;gt;) but a value equal to or greater than &amp;lt;400&amp;gt; &amp;lt;204&amp;gt; was less than &amp;lt;400&amp;gt;.
">
      <![CDATA[java.lang.AssertionError: 1 expectation failed.
Expected status code (a value equal to or greater than <400> and a value less than <500>) but a value equal to or greater than <400> <204> was less than <400>.

	at org.codehaus.groovy.runtime.callsite.ConstructorSite$ConstructorSiteNoUnwrap.callConstructor(ConstructorSite.java:84)
	at org.codehaus.groovy.runtime.callsite.AbstractCallSite.callConstructor(AbstractCallSite.java:247)
	at io.restassured.internal.ResponseSpecificationImpl$HamcrestAssertionClosure.validate(ResponseSpecificationImpl.groovy:483)
	at io.restassured.internal.ResponseSpecificationImpl$HamcrestAssertionClosure$validate$1.call(Unknown Source)
	at io.restassured.internal.ResponseSpecificationImpl.validateResponseIfRequired(ResponseSpecificationImpl.groovy:655)
	at org.codehaus.groovy.runtime.callsite.PogoMetaMethodSite$PogoCachedMethodSiteNoUnwrapNoCoerce.invoke(PogoMetaMethodSite.java:210)
	at org.codehaus.groovy.runtime.callsite.PogoMetaMethodSite.callCurrent(PogoMetaMethodSite.java:59)
	at org.codehaus.groovy.runtime.callsite.AbstractCallSite.callCurrent(AbstractCallSite.java:166)
	at io.restassured.internal.ResponseSpecificationImpl.statusCode(ResponseSpecificationImpl.groovy:123)
	at io.restassured.internal.ValidatableResponseOptionsImpl.statusCode(ValidatableResponseOptionsImpl.java:114)
	at org.fcrepo.spec.testsuite.crud.HttpPut.httpPutUpdateDisallowedTriples(HttpPut.java:188)
	at org.fcrepo.spec.testsuite.App.main(App.java:309)
... Removed 31 stack frames]]>
    </failure>
  </testcase> <!-- httpPutUpdateDisallowedTriples -->
  <testcase name="httpPutUpdateDisallowedTriplesConstrainedByHeader" time="0.044" classname="org.fcrepo.spec.testsuite.crud.HttpPut">
    <failure type="java.lang.AssertionError" message="1 expectation failed.
Expected status code &amp;lt;409&amp;gt; but was &amp;lt;204&amp;gt;.
">
      <![CDATA[java.lang.AssertionError: 1 expectation failed.
Expected status code <409> but was <204>.

	at org.codehaus.groovy.runtime.callsite.ConstructorSite$ConstructorSiteNoUnwrap.callConstructor(ConstructorSite.java:84)
	at org.codehaus.groovy.runtime.callsite.AbstractCallSite.callConstructor(AbstractCallSite.java:247)
	at io.restassured.internal.ResponseSpecificationImpl$HamcrestAssertionClosure.validate(ResponseSpecificationImpl.groovy:483)
	at io.restassured.internal.ResponseSpecificationImpl$HamcrestAssertionClosure$validate$1.call(Unknown Source)
	at io.restassured.internal.ResponseSpecificationImpl.validateResponseIfRequired(ResponseSpecificationImpl.groovy:655)
	at org.codehaus.groovy.runtime.callsite.PogoMetaMethodSite$PogoCachedMethodSiteNoUnwrapNoCoerce.invoke(PogoMetaMethodSite.java:210)
	at org.codehaus.groovy.runtime.callsite.PogoMetaMethodSite.callCurrent(PogoMetaMethodSite.java:59)
	at org.codehaus.groovy.runtime.callsite.AbstractCallSite.callCurrent(AbstractCallSite.java:166)
	at io.restassured.internal.ResponseSpecificationImpl.statusCode(ResponseSpecificationImpl.groovy:123)
	at io.restassured.specification.ResponseSpecification$statusCode$0.callCurrent(Unknown Source)
	at io.restassured.internal.ResponseSpecificationImpl.statusCode(ResponseSpecificationImpl.groovy:131)
	at io.restassured.internal.ValidatableResponseOptionsImpl.statusCode(ValidatableResponseOptionsImpl.java:119)
	at org.fcrepo.spec.testsuite.crud.HttpPut.httpPutUpdateDisallowedTriplesConstrainedByHeader(HttpPut.java:274)
	at org.fcrepo.spec.testsuite.App.main(App.java:309)
... Removed 31 stack frames]]>
    </failure>
  </testcase> <!-- httpPutUpdateDisallowedTriplesConstrainedByHeader -->
  <testcase name="httpPutUpdateDisallowedTriplesResponse" time="0.043" classname="org.fcrepo.spec.testsuite.crud.HttpPut">
    <failure type="java.lang.AssertionError" message="1 expectation failed.
Expected status code &amp;lt;409&amp;gt; but was &amp;lt;204&amp;gt;.
">
      <![CDATA[java.lang.AssertionError: 1 expectation failed.
Expected status code <409> but was <204>.

	at org.codehaus.groovy.runtime.callsite.ConstructorSite$ConstructorSiteNoUnwrap.callConstructor(ConstructorSite.java:84)
	at org.codehaus.groovy.runtime.callsite.AbstractCallSite.callConstructor(AbstractCallSite.java:247)
	at io.restassured.internal.ResponseSpecificationImpl$HamcrestAssertionClosure.validate(ResponseSpecificationImpl.groovy:483)
	at io.restassured.internal.ResponseSpecificationImpl$HamcrestAssertionClosure$validate$1.call(Unknown Source)
	at io.restassured.internal.ResponseSpecificationImpl.validateResponseIfRequired(ResponseSpecificationImpl.groovy:655)
	at org.codehaus.groovy.runtime.callsite.PogoMetaMethodSite$PogoCachedMethodSiteNoUnwrapNoCoerce.invoke(PogoMetaMethodSite.java:210)
	at org.codehaus.groovy.runtime.callsite.PogoMetaMethodSite.callCurrent(PogoMetaMethodSite.java:59)
	at org.codehaus.groovy.runtime.callsite.AbstractCallSite.callCurrent(AbstractCallSite.java:166)
	at io.restassured.internal.ResponseSpecificationImpl.statusCode(ResponseSpecificationImpl.groovy:123)
	at io.restassured.specification.ResponseSpecification$statusCode$0.callCurrent(Unknown Source)
	at io.restassured.internal.ResponseSpecificationImpl.statusCode(ResponseSpecificationImpl.groovy:131)
	at io.restassured.internal.ValidatableResponseOptionsImpl.statusCode(ValidatableResponseOptionsImpl.java:119)
	at org.fcrepo.spec.testsuite.crud.HttpPut.httpPutUpdateDisallowedTriplesResponse(HttpPut.java:229)
	at org.fcrepo.spec.testsuite.App.main(App.java:309)
... Removed 31 stack frames]]>
    </failure>
  </testcase> <!-- httpPutUpdateDisallowedTriplesResponse -->
  <testcase name="httpPutUpdateTriples" time="0.029" classname="org.fcrepo.spec.testsuite.crud.HttpPut"/>
  <testcase name="nonRDFSourcePutDigestResponseHeaderAuthentication" time="0.021" classname="org.fcrepo.spec.testsuite.crud.HttpPut">
    <failure type="java.lang.AssertionError" message="1 expectation failed.
Expected status code &amp;lt;409&amp;gt; but was &amp;lt;204&amp;gt;.
">
      <![CDATA[java.lang.AssertionError: 1 expectation failed.
Expected status code <409> but was <204>.

	at org.codehaus.groovy.runtime.callsite.ConstructorSite$ConstructorSiteNoUnwrap.callConstructor(ConstructorSite.java:84)
	at org.codehaus.groovy.runtime.callsite.AbstractCallSite.callConstructor(AbstractCallSite.java:247)
	at io.restassured.internal.ResponseSpecificationImpl$HamcrestAssertionClosure.validate(ResponseSpecificationImpl.groovy:483)
	at io.restassured.internal.ResponseSpecificationImpl$HamcrestAssertionClosure$validate$1.call(Unknown Source)
	at io.restassured.internal.ResponseSpecificationImpl.validateResponseIfRequired(ResponseSpecificationImpl.groovy:655)
	at org.codehaus.groovy.runtime.callsite.PogoMetaMethodSite$PogoCachedMethodSiteNoUnwrapNoCoerce.invoke(PogoMetaMethodSite.java:210)
	at org.codehaus.groovy.runtime.callsite.PogoMetaMethodSite.callCurrent(PogoMetaMethodSite.java:59)
	at org.codehaus.groovy.runtime.callsite.AbstractCallSite.callCurrent(AbstractCallSite.java:166)
	at io.restassured.internal.ResponseSpecificationImpl.statusCode(ResponseSpecificationImpl.groovy:123)
	at io.restassured.specification.ResponseSpecification$statusCode$0.callCurrent(Unknown Source)
	at io.restassured.internal.ResponseSpecificationImpl.statusCode(ResponseSpecificationImpl.groovy:131)
	at io.restassured.internal.ValidatableResponseOptionsImpl.statusCode(ValidatableResponseOptionsImpl.java:119)
	at org.fcrepo.spec.testsuite.crud.HttpPut.nonRDFSourcePutDigestResponseHeaderAuthentication(HttpPut.java:337)
	at org.fcrepo.spec.testsuite.App.main(App.java:309)
... Removed 31 stack frames]]>
    </failure>
  </testcase> <!-- nonRDFSourcePutDigestResponseHeaderAuthentication -->
  <testcase name="nonRDFSourcePutDigestResponseHeaderVerification" time="0.02" classname="org.fcrepo.spec.testsuite.crud.HttpPut">
    <failure type="java.lang.AssertionError" message="1 expectation failed.
Expected status code &amp;lt;400&amp;gt; but was &amp;lt;204&amp;gt;.
">
      <![CDATA[java.lang.AssertionError: 1 expectation failed.
Expected status code <400> but was <204>.

	at org.codehaus.groovy.runtime.callsite.ConstructorSite$ConstructorSiteNoUnwrap.callConstructor(ConstructorSite.java:84)
	at org.codehaus.groovy.runtime.callsite.AbstractCallSite.callConstructor(AbstractCallSite.java:247)
	at io.restassured.internal.ResponseSpecificationImpl$HamcrestAssertionClosure.validate(ResponseSpecificationImpl.groovy:483)
	at io.restassured.internal.ResponseSpecificationImpl$HamcrestAssertionClosure$validate$1.call(Unknown Source)
	at io.restassured.internal.ResponseSpecificationImpl.validateResponseIfRequired(ResponseSpecificationImpl.groovy:655)
	at org.codehaus.groovy.runtime.callsite.PogoMetaMethodSite$PogoCachedMethodSiteNoUnwrapNoCoerce.invoke(PogoMetaMethodSite.java:210)
	at org.codehaus.groovy.runtime.callsite.PogoMetaMethodSite.callCurrent(PogoMetaMethodSite.java:59)
	at org.codehaus.groovy.runtime.callsite.AbstractCallSite.callCurrent(AbstractCallSite.java:166)
	at io.restassured.internal.ResponseSpecificationImpl.statusCode(ResponseSpecificationImpl.groovy:123)
	at io.restassured.specification.ResponseSpecification$statusCode$0.callCurrent(Unknown Source)
	at io.restassured.internal.ResponseSpecificationImpl.statusCode(ResponseSpecificationImpl.groovy:131)
	at io.restassured.internal.ValidatableResponseOptionsImpl.statusCode(ValidatableResponseOptionsImpl.java:119)
	at org.fcrepo.spec.testsuite.crud.HttpPut.nonRDFSourcePutDigestResponseHeaderVerification(HttpPut.java:362)
	at org.fcrepo.spec.testsuite.App.main(App.java:309)
... Removed 30 stack frames]]>
    </failure>
  </testcase> <!-- nonRDFSourcePutDigestResponseHeaderVerification -->
  <testcase name="putCreateNonRDFSource" time="0.024" classname="org.fcrepo.spec.testsuite.crud.HttpPut">
    <failure type="java.lang.IllegalArgumentException" message="path cannot be null">
      <![CDATA[java.lang.IllegalArgumentException: path cannot be null
	at org.codehaus.groovy.runtime.callsite.ConstructorSite$ConstructorSiteNoUnwrap.callConstructor(ConstructorSite.java:84)
	at org.codehaus.groovy.runtime.callsite.CallSiteArray.defaultCallConstructor(CallSiteArray.java:60)
	at org.codehaus.groovy.runtime.callsite.AbstractCallSite.callConstructor(AbstractCallSite.java:235)
	at org.codehaus.groovy.runtime.callsite.AbstractCallSite.callConstructor(AbstractCallSite.java:247)
	at io.restassured.internal.assertion.AssertParameter.notNull(AssertParameter.groovy:26)
	at io.restassured.internal.assertion.AssertParameter$notNull.callStatic(Unknown Source)
	at org.codehaus.groovy.runtime.callsite.CallSiteArray.defaultCallStatic(CallSiteArray.java:56)
	at io.restassured.internal.assertion.AssertParameter$notNull.callStatic(Unknown Source)
	at io.restassured.internal.RequestSpecificationImpl.applyPathParamsAndSendRequest(RequestSpecificationImpl.groovy:1680)
	at groovy.lang.MetaMethod.doMethodInvoke(MetaMethod.java:325)
	at groovy.lang.MetaClassImpl.invokeMethod(MetaClassImpl.java:1213)
	at groovy.lang.MetaClassImpl.invokeMethod(MetaClassImpl.java:1022)
	at groovy.lang.MetaClassImpl.invokeMethod(MetaClassImpl.java:810)
	at io.restassured.internal.RequestSpecificationImpl.invokeMethod(RequestSpecificationImpl.groovy)
	at org.codehaus.groovy.runtime.callsite.PogoInterceptableSite.call(PogoInterceptableSite.java:48)
	at org.codehaus.groovy.runtime.callsite.PogoInterceptableSite.callCurrent(PogoInterceptableSite.java:58)
	at org.codehaus.groovy.runtime.callsite.AbstractCallSite.callCurrent(AbstractCallSite.java:182)
	at io.restassured.internal.RequestSpecificationImpl.applyPathParamsAndSendRequest(RequestSpecificationImpl.groovy:1738)
	at groovy.lang.MetaMethod.doMethodInvoke(MetaMethod.java:325)
	at groovy.lang.MetaClassImpl.invokeMethod(MetaClassImpl.java:1213)
	at groovy.lang.MetaClassImpl.invokeMethod(MetaClassImpl.java:1022)
	at groovy.lang.MetaClassImpl.invokeMethod(MetaClassImpl.java:810)
	at io.restassured.internal.RequestSpecificationImpl.invokeMethod(RequestSpecificationImpl.groovy)
	at org.codehaus.groovy.runtime.callsite.PogoInterceptableSite.call(PogoInterceptableSite.java:48)
	at org.codehaus.groovy.runtime.callsite.PogoInterceptableSite.callCurrent(PogoInterceptableSite.java:58)
	at org.codehaus.groovy.runtime.callsite.AbstractCallSite.callCurrent(AbstractCallSite.java:182)
	at io.restassured.internal.RequestSpecificationImpl.head(RequestSpecificationImpl.groovy:186)
	at io.restassured.internal.RequestSpecificationImpl.head(RequestSpecificationImpl.groovy)
	at org.fcrepo.spec.testsuite.AbstractTest.doHeadUnverified(AbstractTest.java:426)
	at org.fcrepo.spec.testsuite.AbstractTest.doHead(AbstractTest.java:430)
	at org.fcrepo.spec.testsuite.AbstractTest.doHead(AbstractTest.java:438)
	at org.fcrepo.spec.testsuite.crud.HttpPut.putCreateNonRDFSource(HttpPut.java:420)
	at org.fcrepo.spec.testsuite.App.main(App.java:309)
... Removed 36 stack frames]]>
    </failure>
  </testcase> <!-- putCreateNonRDFSource -->
  <testcase name="putCreateRDFSource" time="0.069" classname="org.fcrepo.spec.testsuite.crud.HttpPut">
    <failure type="java.lang.IllegalArgumentException" message="path cannot be null">
      <![CDATA[java.lang.IllegalArgumentException: path cannot be null
	at org.codehaus.groovy.runtime.callsite.ConstructorSite$ConstructorSiteNoUnwrap.callConstructor(ConstructorSite.java:84)
	at org.codehaus.groovy.runtime.callsite.AbstractCallSite.callConstructor(AbstractCallSite.java:247)
	at io.restassured.internal.assertion.AssertParameter.notNull(AssertParameter.groovy:26)
	at io.restassured.internal.assertion.AssertParameter$notNull.callStatic(Unknown Source)
	at org.codehaus.groovy.runtime.callsite.CallSiteArray.defaultCallStatic(CallSiteArray.java:56)
	at io.restassured.internal.assertion.AssertParameter$notNull.callStatic(Unknown Source)
	at io.restassured.internal.RequestSpecificationImpl.applyPathParamsAndSendRequest(RequestSpecificationImpl.groovy:1680)
	at groovy.lang.MetaMethod.doMethodInvoke(MetaMethod.java:325)
	at groovy.lang.MetaClassImpl.invokeMethod(MetaClassImpl.java:1213)
	at groovy.lang.MetaClassImpl.invokeMethod(MetaClassImpl.java:1022)
	at groovy.lang.MetaClassImpl.invokeMethod(MetaClassImpl.java:810)
	at io.restassured.internal.RequestSpecificationImpl.invokeMethod(RequestSpecificationImpl.groovy)
	at org.codehaus.groovy.runtime.callsite.PogoInterceptableSite.call(PogoInterceptableSite.java:48)
	at org.codehaus.groovy.runtime.callsite.PogoInterceptableSite.callCurrent(PogoInterceptableSite.java:58)
	at org.codehaus.groovy.runtime.callsite.AbstractCallSite.callCurrent(AbstractCallSite.java:182)
	at io.restassured.internal.RequestSpecificationImpl.applyPathParamsAndSendRequest(RequestSpecificationImpl.groovy:1738)
	at groovy.lang.MetaMethod.doMethodInvoke(MetaMethod.java:325)
	at groovy.lang.MetaClassImpl.invokeMethod(MetaClassImpl.java:1213)
	at groovy.lang.MetaClassImpl.invokeMethod(MetaClassImpl.java:1022)
	at groovy.lang.MetaClassImpl.invokeMethod(MetaClassImpl.java:810)
	at io.restassured.internal.RequestSpecificationImpl.invokeMethod(RequestSpecificationImpl.groovy)
	at org.codehaus.groovy.runtime.callsite.PogoInterceptableSite.call(PogoInterceptableSite.java:48)
	at org.codehaus.groovy.runtime.callsite.PogoInterceptableSite.callCurrent(PogoInterceptableSite.java:58)
	at org.codehaus.groovy.runtime.callsite.AbstractCallSite.callCurrent(AbstractCallSite.java:182)
	at io.restassured.internal.RequestSpecificationImpl.head(RequestSpecificationImpl.groovy:186)
	at io.restassured.internal.RequestSpecificationImpl.head(RequestSpecificationImpl.groovy)
	at org.fcrepo.spec.testsuite.AbstractTest.doHeadUnverified(AbstractTest.java:426)
	at org.fcrepo.spec.testsuite.AbstractTest.doHead(AbstractTest.java:430)
	at org.fcrepo.spec.testsuite.AbstractTest.doHead(AbstractTest.java:438)
	at org.fcrepo.spec.testsuite.crud.HttpPut.putCreateRDFSource(HttpPut.java:390)
	at org.fcrepo.spec.testsuite.App.main(App.java:309)
... Removed 36 stack frames]]>
    </failure>
  </testcase> <!-- putCreateRDFSource -->
  <testcase name="putNonRDFSourceCreateLDPRS" time="0.024" classname="org.fcrepo.spec.testsuite.crud.HttpPut"/>
  <testcase name="disallowChangeResourceType" time="0.031" classname="org.fcrepo.spec.testsuite.crud.HttpPatch">
    <failure type="java.lang.AssertionError" message="1 expectation failed.
Expected status code &amp;lt;409&amp;gt; but was &amp;lt;204&amp;gt;.
">
      <![CDATA[java.lang.AssertionError: 1 expectation failed.
Expected status code <409> but was <204>.

	at org.codehaus.groovy.runtime.callsite.ConstructorSite$ConstructorSiteNoUnwrap.callConstructor(ConstructorSite.java:84)
	at org.codehaus.groovy.runtime.callsite.AbstractCallSite.callConstructor(AbstractCallSite.java:247)
	at io.restassured.internal.ResponseSpecificationImpl$HamcrestAssertionClosure.validate(ResponseSpecificationImpl.groovy:483)
	at io.restassured.internal.ResponseSpecificationImpl$HamcrestAssertionClosure$validate$1.call(Unknown Source)
	at io.restassured.internal.ResponseSpecificationImpl.validateResponseIfRequired(ResponseSpecificationImpl.groovy:655)
	at org.codehaus.groovy.runtime.callsite.PogoMetaMethodSite$PogoCachedMethodSiteNoUnwrapNoCoerce.invoke(PogoMetaMethodSite.java:210)
	at org.codehaus.groovy.runtime.callsite.PogoMetaMethodSite.callCurrent(PogoMetaMethodSite.java:59)
	at org.codehaus.groovy.runtime.callsite.AbstractCallSite.callCurrent(AbstractCallSite.java:166)
	at io.restassured.internal.ResponseSpecificationImpl.statusCode(ResponseSpecificationImpl.groovy:123)
	at io.restassured.specification.ResponseSpecification$statusCode$0.callCurrent(Unknown Source)
	at io.restassured.internal.ResponseSpecificationImpl.statusCode(ResponseSpecificationImpl.groovy:131)
	at io.restassured.internal.ValidatableResponseOptionsImpl.statusCode(ValidatableResponseOptionsImpl.java:119)
	at org.fcrepo.spec.testsuite.crud.HttpPatch.disallowChangeResourceType(HttpPatch.java:246)
	at org.fcrepo.spec.testsuite.App.main(App.java:309)
... Removed 30 stack frames]]>
    </failure>
  </testcase> <!-- disallowChangeResourceType -->
  <testcase name="disallowPatchContainmentTriples" time="0.037" classname="org.fcrepo.spec.testsuite.crud.HttpPatch"/>
  <testcase name="ldpPatchContentTypeSupport" time="0.024" classname="org.fcrepo.spec.testsuite.crud.HttpPatch">
    <skipped/>
  </testcase> <!-- ldpPatchContentTypeSupport -->
  <testcase name="serverManagedPropertiesModification" time="0.03" classname="org.fcrepo.spec.testsuite.crud.HttpPatch"/>
  <testcase name="statementNotPersistedConstrainedBy" time="0.368" classname="org.fcrepo.spec.testsuite.crud.HttpPatch">
    <failure type="java.lang.AssertionError" message="1 expectation failed.
Expected status code &amp;lt;200&amp;gt; but was &amp;lt;301&amp;gt;.
">
      <![CDATA[java.lang.AssertionError: 1 expectation failed.
Expected status code <200> but was <301>.

	at org.codehaus.groovy.runtime.callsite.ConstructorSite$ConstructorSiteNoUnwrap.callConstructor(ConstructorSite.java:84)
	at org.codehaus.groovy.runtime.callsite.AbstractCallSite.callConstructor(AbstractCallSite.java:247)
	at io.restassured.internal.ResponseSpecificationImpl$HamcrestAssertionClosure.validate(ResponseSpecificationImpl.groovy:483)
	at io.restassured.internal.ResponseSpecificationImpl$HamcrestAssertionClosure$validate$1.call(Unknown Source)
	at io.restassured.internal.ResponseSpecificationImpl.validateResponseIfRequired(ResponseSpecificationImpl.groovy:655)
	at org.codehaus.groovy.runtime.callsite.PogoMetaMethodSite$PogoCachedMethodSiteNoUnwrapNoCoerce.invoke(PogoMetaMethodSite.java:210)
	at org.codehaus.groovy.runtime.callsite.PogoMetaMethodSite.callCurrent(PogoMetaMethodSite.java:59)
	at org.codehaus.groovy.runtime.callsite.AbstractCallSite.callCurrent(AbstractCallSite.java:166)
	at io.restassured.internal.ResponseSpecificationImpl.statusCode(ResponseSpecificationImpl.groovy:123)
	at io.restassured.specification.ResponseSpecification$statusCode$0.callCurrent(Unknown Source)
	at io.restassured.internal.ResponseSpecificationImpl.statusCode(ResponseSpecificationImpl.groovy:131)
	at io.restassured.internal.ValidatableResponseOptionsImpl.statusCode(ValidatableResponseOptionsImpl.java:119)
	at org.fcrepo.spec.testsuite.AbstractTest.doGet(AbstractTest.java:388)
	at org.fcrepo.spec.testsuite.AbstractTest.doGet(AbstractTest.java:394)
	at org.fcrepo.spec.testsuite.AbstractTest.confirmPresenceOfConstrainedByLink(AbstractTest.java:561)
	at org.fcrepo.spec.testsuite.crud.HttpPatch.statementNotPersistedConstrainedBy(HttpPatch.java:171)
	at org.fcrepo.spec.testsuite.App.main(App.java:309)
... Removed 30 stack frames]]>
    </failure>
  </testcase> <!-- statementNotPersistedConstrainedBy -->
  <testcase name="statementNotPersistedResponseBody" time="0.025" classname="org.fcrepo.spec.testsuite.crud.HttpPatch"/>
  <testcase name="successfulPatchStatusCode" time="0.035" classname="org.fcrepo.spec.testsuite.crud.HttpPatch"/>
  <testcase name="supportPatch" time="0.032" classname="org.fcrepo.spec.testsuite.crud.HttpPatch"/>
  <testcase name="httpDeleteOptionsCheck" time="0.087" classname="org.fcrepo.spec.testsuite.crud.HttpDelete">
    <failure type="java.lang.AssertionError" message="1 expectation failed.
Expected status code &amp;lt;410&amp;gt; but was &amp;lt;404&amp;gt;.
">
      <![CDATA[java.lang.AssertionError: 1 expectation failed.
Expected status code <410> but was <404>.

	at org.codehaus.groovy.runtime.callsite.ConstructorSite$ConstructorSiteNoUnwrap.callConstructor(ConstructorSite.java:84)
	at org.codehaus.groovy.runtime.callsite.AbstractCallSite.callConstructor(AbstractCallSite.java:247)
	at io.restassured.internal.ResponseSpecificationImpl$HamcrestAssertionClosure.validate(ResponseSpecificationImpl.groovy:483)
	at io.restassured.internal.ResponseSpecificationImpl$HamcrestAssertionClosure$validate$1.call(Unknown Source)
	at io.restassured.internal.ResponseSpecificationImpl.validateResponseIfRequired(ResponseSpecificationImpl.groovy:655)
	at org.codehaus.groovy.runtime.callsite.PogoMetaMethodSite$PogoCachedMethodSiteNoUnwrapNoCoerce.invoke(PogoMetaMethodSite.java:210)
	at org.codehaus.groovy.runtime.callsite.PogoMetaMethodSite.callCurrent(PogoMetaMethodSite.java:59)
	at org.codehaus.groovy.runtime.callsite.AbstractCallSite.callCurrent(AbstractCallSite.java:166)
	at io.restassured.internal.ResponseSpecificationImpl.statusCode(ResponseSpecificationImpl.groovy:123)
	at io.restassured.specification.ResponseSpecification$statusCode$0.callCurrent(Unknown Source)
	at io.restassured.internal.ResponseSpecificationImpl.statusCode(ResponseSpecificationImpl.groovy:131)
	at io.restassured.internal.ValidatableResponseOptionsImpl.statusCode(ValidatableResponseOptionsImpl.java:119)
	at org.fcrepo.spec.testsuite.crud.HttpDelete.httpDeleteOptionsCheck(HttpDelete.java:94)
	at org.fcrepo.spec.testsuite.App.main(App.java:309)
... Removed 30 stack frames]]>
    </failure>
  </testcase> <!-- httpDeleteOptionsCheck -->
  <testcase name="httpDeleteStatusCheck" time="0.134" classname="org.fcrepo.spec.testsuite.crud.HttpDelete">
    <failure type="java.lang.AssertionError" message="null">
      <![CDATA[java.lang.AssertionError: null
	at org.fcrepo.spec.testsuite.crud.HttpDelete.httpDeleteStatusCheck(HttpDelete.java:167)
	at org.fcrepo.spec.testsuite.App.main(App.java:309)
... Removed 24 stack frames]]>
    </failure>
  </testcase> <!-- httpDeleteStatusCheck -->
  <testcase name="httpDeleteStatusCheckTwo" time="0.119" classname="org.fcrepo.spec.testsuite.crud.HttpDelete">
    <failure type="java.lang.AssertionError" message="null">
      <![CDATA[java.lang.AssertionError: null
	at org.fcrepo.spec.testsuite.crud.HttpDelete.httpDeleteStatusCheckTwo(HttpDelete.java:246)
	at org.fcrepo.spec.testsuite.App.main(App.java:309)
... Removed 24 stack frames]]>
    </failure>
  </testcase> <!-- httpDeleteStatusCheckTwo -->
  <testcase name="binaryContentContentTypeAndNoType" time="0.008" classname="org.fcrepo.spec.testsuite.crud.ExternalBinaryContent">
    <skipped/>
  </testcase> <!-- binaryContentContentTypeAndNoType -->
  <testcase name="binaryContentContentTypeAndType" time="0.0" classname="org.fcrepo.spec.testsuite.crud.ExternalBinaryContent">
    <skipped/>
  </testcase> <!-- binaryContentContentTypeAndType -->
  <testcase name="binaryContentGuaranteeHeaders" time="0.0" classname="org.fcrepo.spec.testsuite.crud.ExternalBinaryContent">
    <skipped/>
  </testcase> <!-- binaryContentGuaranteeHeaders -->
  <testcase name="binaryContentMediaType" time="0.0" classname="org.fcrepo.spec.testsuite.crud.ExternalBinaryContent">
    <skipped/>
  </testcase> <!-- binaryContentMediaType -->
  <testcase name="binaryContentNoTypeDefault" time="0.0" classname="org.fcrepo.spec.testsuite.crud.ExternalBinaryContent">
    <skipped/>
  </testcase> <!-- binaryContentNoTypeDefault -->
  <testcase name="binaryContentNoTypeExternalType" time="0.0" classname="org.fcrepo.spec.testsuite.crud.ExternalBinaryContent">
    <skipped/>
  </testcase> <!-- binaryContentNoTypeExternalType -->
  <testcase name="binaryContentNoTypeUnsupported" time="0.0" classname="org.fcrepo.spec.testsuite.crud.ExternalBinaryContent">
    <skipped/>
  </testcase> <!-- binaryContentNoTypeUnsupported -->
  <testcase name="binaryContentOptions" time="0.0" classname="org.fcrepo.spec.testsuite.crud.ExternalBinaryContent">
    <skipped/>
  </testcase> <!-- binaryContentOptions -->
  <testcase name="binaryContentProxyWantDigest" time="0.001" classname="org.fcrepo.spec.testsuite.crud.ExternalBinaryContent">
    <skipped/>
  </testcase> <!-- binaryContentProxyWantDigest -->
  <testcase name="binaryContentRedirectStatusGet" time="0.0" classname="org.fcrepo.spec.testsuite.crud.ExternalBinaryContent">
    <skipped/>
  </testcase> <!-- binaryContentRedirectStatusGet -->
  <testcase name="binaryContentRedirectStatusHead" time="0.0" classname="org.fcrepo.spec.testsuite.crud.ExternalBinaryContent">
    <skipped/>
  </testcase> <!-- binaryContentRedirectStatusHead -->
  <testcase name="binaryContentRedirectWantDigest" time="0.001" classname="org.fcrepo.spec.testsuite.crud.ExternalBinaryContent">
    <skipped/>
  </testcase> <!-- binaryContentRedirectWantDigest -->
  <testcase name="externalBinaryContentHandlingAttribute" time="0.0" classname="org.fcrepo.spec.testsuite.crud.ExternalBinaryContent">
    <skipped/>
  </testcase> <!-- externalBinaryContentHandlingAttribute -->
  <testcase name="externalBinaryContentHandlingStatus" time="0.0" classname="org.fcrepo.spec.testsuite.crud.ExternalBinaryContent">
    <skipped/>
  </testcase> <!-- externalBinaryContentHandlingStatus -->
  <testcase name="postCreateExternalBinaryContentCopy" time="0.0" classname="org.fcrepo.spec.testsuite.crud.ExternalBinaryContent">
    <skipped/>
  </testcase> <!-- postCreateExternalBinaryContentCopy -->
  <testcase name="postCreateExternalBinaryContentProxy" time="0.0" classname="org.fcrepo.spec.testsuite.crud.ExternalBinaryContent">
    <skipped/>
  </testcase> <!-- postCreateExternalBinaryContentProxy -->
  <testcase name="postCreateExternalBinaryContentRedirect" time="0.0" classname="org.fcrepo.spec.testsuite.crud.ExternalBinaryContent">
    <skipped/>
  </testcase> <!-- postCreateExternalBinaryContentRedirect -->
  <testcase name="postCreateExternalFileUriBinaryCopy" time="0.0" classname="org.fcrepo.spec.testsuite.crud.ExternalBinaryContent">
    <skipped/>
  </testcase> <!-- postCreateExternalFileUriBinaryCopy -->
  <testcase name="postCreateExternalFileUriBinaryProxy" time="0.0" classname="org.fcrepo.spec.testsuite.crud.ExternalBinaryContent">
    <skipped/>
  </testcase> <!-- postCreateExternalFileUriBinaryProxy -->
  <testcase name="postCreateExternalFileUriBinaryRedirect" time="0.0" classname="org.fcrepo.spec.testsuite.crud.ExternalBinaryContent">
    <skipped/>
  </testcase> <!-- postCreateExternalFileUriBinaryRedirect -->
  <testcase name="putCreateExternalBinaryContentCopy" time="0.0" classname="org.fcrepo.spec.testsuite.crud.ExternalBinaryContent">
    <skipped/>
  </testcase> <!-- putCreateExternalBinaryContentCopy -->
  <testcase name="putCreateExternalBinaryContentProxy" time="0.0" classname="org.fcrepo.spec.testsuite.crud.ExternalBinaryContent">
    <skipped/>
  </testcase> <!-- putCreateExternalBinaryContentProxy -->
  <testcase name="putCreateExternalBinaryContentRedirect" time="0.001" classname="org.fcrepo.spec.testsuite.crud.ExternalBinaryContent">
    <skipped/>
  </testcase> <!-- putCreateExternalBinaryContentRedirect -->
  <testcase name="putCreateExternalFileUriBinaryCopy" time="0.0" classname="org.fcrepo.spec.testsuite.crud.ExternalBinaryContent">
    <skipped/>
  </testcase> <!-- putCreateExternalFileUriBinaryCopy -->
  <testcase name="putCreateExternalFileUriBinaryProxy" time="0.0" classname="org.fcrepo.spec.testsuite.crud.ExternalBinaryContent">
    <skipped/>
  </testcase> <!-- putCreateExternalFileUriBinaryProxy -->
  <testcase name="putCreateExternalFileUriBinaryRedirect" time="0.001" classname="org.fcrepo.spec.testsuite.crud.ExternalBinaryContent">
    <skipped/>
  </testcase> <!-- putCreateExternalFileUriBinaryRedirect -->
  <testcase name="putUpdateExternalBinaryContentCopy" time="0.0" classname="org.fcrepo.spec.testsuite.crud.ExternalBinaryContent">
    <skipped/>
  </testcase> <!-- putUpdateExternalBinaryContentCopy -->
  <testcase name="putUpdateExternalBinaryContentProxy" time="0.0" classname="org.fcrepo.spec.testsuite.crud.ExternalBinaryContent">
    <skipped/>
  </testcase> <!-- putUpdateExternalBinaryContentProxy -->
  <testcase name="putUpdateExternalBinaryContentRedirect" time="0.0" classname="org.fcrepo.spec.testsuite.crud.ExternalBinaryContent">
    <skipped/>
  </testcase> <!-- putUpdateExternalBinaryContentRedirect -->
  <testcase name="putUpdateExternalFileUriBinaryCopy" time="0.0" classname="org.fcrepo.spec.testsuite.crud.ExternalBinaryContent">
    <skipped/>
  </testcase> <!-- putUpdateExternalFileUriBinaryCopy -->
  <testcase name="putUpdateExternalFileUriBinaryProxy" time="0.0" classname="org.fcrepo.spec.testsuite.crud.ExternalBinaryContent">
    <skipped/>
  </testcase> <!-- putUpdateExternalFileUriBinaryProxy -->
  <testcase name="putUpdateExternalFileUriBinaryRedirect" time="0.0" classname="org.fcrepo.spec.testsuite.crud.ExternalBinaryContent">
    <skipped/>
  </testcase> <!-- putUpdateExternalFileUriBinaryRedirect -->
  <testcase name="unsupportedBinaryContentHandlingAttribute" time="0.0" classname="org.fcrepo.spec.testsuite.crud.ExternalBinaryContent">
    <skipped/>
  </testcase> <!-- unsupportedBinaryContentHandlingAttribute -->
  <testcase name="unsupportedExternalBinaryContentConstraint" time="0.013" classname="org.fcrepo.spec.testsuite.crud.ExternalBinaryContent">
    <failure type="java.lang.AssertionError" message="Response does not contain a link of rel type = http://www.w3.org/ns/ldp#constrainedBy">
      <![CDATA[java.lang.AssertionError: Response does not contain a link of rel type = http://www.w3.org/ns/ldp#constrainedBy
	at org.fcrepo.spec.testsuite.AbstractTest.confirmPresenceOfConstrainedByLink(AbstractTest.java:558)
	at org.fcrepo.spec.testsuite.crud.ExternalBinaryContent.unsupportedExternalBinaryContentConstraint(ExternalBinaryContent.java:536)
	at org.fcrepo.spec.testsuite.App.main(App.java:309)
... Removed 23 stack frames]]>
    </failure>
  </testcase> <!-- unsupportedExternalBinaryContentConstraint -->
  <testcase name="unsupportedExternalBinaryContentStatus" time="0.011" classname="org.fcrepo.spec.testsuite.crud.ExternalBinaryContent">
    <failure type="java.lang.AssertionError" message="1 expectation failed.
Expected status code (a value equal to or greater than &amp;lt;400&amp;gt; and a value less than &amp;lt;500&amp;gt;) but a value equal to or greater than &amp;lt;400&amp;gt; &amp;lt;201&amp;gt; was less than &amp;lt;400&amp;gt;.
">
      <![CDATA[java.lang.AssertionError: 1 expectation failed.
Expected status code (a value equal to or greater than <400> and a value less than <500>) but a value equal to or greater than <400> <201> was less than <400>.

	at org.codehaus.groovy.runtime.callsite.ConstructorSite$ConstructorSiteNoUnwrap.callConstructor(ConstructorSite.java:84)
	at org.codehaus.groovy.runtime.callsite.AbstractCallSite.callConstructor(AbstractCallSite.java:247)
	at io.restassured.internal.ResponseSpecificationImpl$HamcrestAssertionClosure.validate(ResponseSpecificationImpl.groovy:483)
	at io.restassured.internal.ResponseSpecificationImpl$HamcrestAssertionClosure$validate$1.call(Unknown Source)
	at io.restassured.internal.ResponseSpecificationImpl.validateResponseIfRequired(ResponseSpecificationImpl.groovy:655)
	at org.codehaus.groovy.runtime.callsite.PogoMetaMethodSite$PogoCachedMethodSiteNoUnwrapNoCoerce.invoke(PogoMetaMethodSite.java:210)
	at org.codehaus.groovy.runtime.callsite.PogoMetaMethodSite.callCurrent(PogoMetaMethodSite.java:59)
	at org.codehaus.groovy.runtime.callsite.AbstractCallSite.callCurrent(AbstractCallSite.java:166)
	at io.restassured.internal.ResponseSpecificationImpl.statusCode(ResponseSpecificationImpl.groovy:123)
	at io.restassured.internal.ValidatableResponseOptionsImpl.statusCode(ValidatableResponseOptionsImpl.java:114)
	at org.fcrepo.spec.testsuite.crud.ExternalBinaryContent.unsupportedExternalBinaryContentStatus(ExternalBinaryContent.java:514)
	at org.fcrepo.spec.testsuite.App.main(App.java:309)
... Removed 30 stack frames]]>
    </failure>
  </testcase> <!-- unsupportedExternalBinaryContentStatus -->
  <testcase name="badStateTokenOnPatchWhenStateTokensIgnored" time="0.034" classname="org.fcrepo.spec.testsuite.crud.StateToken"/>
  <testcase name="badStateTokenOnPatchWhenStateTokensSupported" time="0.02" classname="org.fcrepo.spec.testsuite.crud.StateToken">
    <skipped/>
  </testcase> <!-- badStateTokenOnPatchWhenStateTokensSupported -->
  <testcase name="badStateTokenOnPutWhenStateTokensIgnored" time="0.032" classname="org.fcrepo.spec.testsuite.crud.StateToken"/>
  <testcase name="badStateTokenOnPutWhenStateTokensSupported" time="0.021" classname="org.fcrepo.spec.testsuite.crud.StateToken">
    <skipped/>
  </testcase> <!-- badStateTokenOnPutWhenStateTokensSupported -->
  <testcase name="goodStateTokenOnPatchWhenStateTokensSupported" time="0.017" classname="org.fcrepo.spec.testsuite.crud.StateToken">
    <skipped/>
  </testcase> <!-- goodStateTokenOnPatchWhenStateTokensSupported -->
  <testcase name="goodStateTokenOnPutSucceedsWhenStateTokensSupported" time="0.017" classname="org.fcrepo.spec.testsuite.crud.StateToken">
    <skipped/>
  </testcase> <!-- goodStateTokenOnPutSucceedsWhenStateTokensSupported -->
  <testcase name="stateTokenGet" time="0.02" classname="org.fcrepo.spec.testsuite.crud.StateToken">
    <skipped/>
  </testcase> <!-- stateTokenGet -->
  <testcase name="stateTokenHead" time="0.021" classname="org.fcrepo.spec.testsuite.crud.StateToken">
    <skipped/>
  </testcase> <!-- stateTokenHead -->
  <testcase name="ldpvGetMustReturnHeaderOriginalTypeLink" time="0.021" classname="org.fcrepo.spec.testsuite.versioning.LdprvHttpGet"/>
  <testcase name="ldpvGetMustReturnHeaderTimeGateTypeLink" time="0.019" classname="org.fcrepo.spec.testsuite.versioning.LdprvHttpGet"/>
  <testcase name="ldpvGetMustReturnOriginalResourceLink" time="0.021" classname="org.fcrepo.spec.testsuite.versioning.LdprvHttpGet">
    <failure type="java.lang.AssertionError" message="Link header with a value of &amp;lt;http://mementoweb.org/ns#OriginalResource&amp;gt;; rel=&amp;quot;type&amp;quot; must be present but is not! expected [1] but found [0]">
      <![CDATA[java.lang.AssertionError: Link header with a value of <http://mementoweb.org/ns#OriginalResource>; rel="type" must be present but is not! expected [1] but found [0]
	at org.fcrepo.spec.testsuite.AbstractTest.confirmPresenceOfLinkValue(AbstractTest.java:528)
	at org.fcrepo.spec.testsuite.AbstractTest.confirmPresenceOfLinkValue(AbstractTest.java:524)
	at org.fcrepo.spec.testsuite.versioning.LdprvHttpGet.ldpvGetMustReturnOriginalResourceLink(LdprvHttpGet.java:168)
	at org.fcrepo.spec.testsuite.App.main(App.java:309)
... Removed 27 stack frames]]>
    </failure>
  </testcase> <!-- ldpvGetMustReturnOriginalResourceLink -->
  <testcase name="ldpvGetMustReturnTimeGateTypeLink" time="0.022" classname="org.fcrepo.spec.testsuite.versioning.LdprvHttpGet">
    <failure type="java.lang.AssertionError" message="Link header with a value of &amp;lt;http://mementoweb.org/ns#TimeGate&amp;gt;; rel=&amp;quot;type&amp;quot; must be present but is not! expected [1] but found [0]">
      <![CDATA[java.lang.AssertionError: Link header with a value of <http://mementoweb.org/ns#TimeGate>; rel="type" must be present but is not! expected [1] but found [0]
	at org.fcrepo.spec.testsuite.AbstractTest.confirmPresenceOfLinkValue(AbstractTest.java:528)
	at org.fcrepo.spec.testsuite.AbstractTest.confirmPresenceOfLinkValue(AbstractTest.java:524)
	at org.fcrepo.spec.testsuite.versioning.LdprvHttpGet.ldpvGetMustReturnTimeGateTypeLink(LdprvHttpGet.java:186)
	at org.fcrepo.spec.testsuite.App.main(App.java:309)
... Removed 27 stack frames]]>
    </failure>
  </testcase> <!-- ldpvGetMustReturnTimeGateTypeLink -->
  <testcase name="ldpvGetMustReturnTimeMapLink" time="0.023" classname="org.fcrepo.spec.testsuite.versioning.LdprvHttpGet"/>
  <testcase name="ldpvGetMustReturnVaryHeader" time="0.02" classname="org.fcrepo.spec.testsuite.versioning.LdprvHttpGet"/>
  <testcase name="shouldReturn302WhenLdprmFromTimeGate" time="0.077" classname="org.fcrepo.spec.testsuite.versioning.LdprvHttpGet">
    <failure type="java.lang.AssertionError" message="1 expectation failed.
Expected status code &amp;lt;302&amp;gt; but was &amp;lt;406&amp;gt;.
">
      <![CDATA[java.lang.AssertionError: 1 expectation failed.
Expected status code <302> but was <406>.

	at org.codehaus.groovy.runtime.callsite.ConstructorSite$ConstructorSiteNoUnwrap.callConstructor(ConstructorSite.java:84)
	at org.codehaus.groovy.runtime.callsite.AbstractCallSite.callConstructor(AbstractCallSite.java:247)
	at io.restassured.internal.ResponseSpecificationImpl$HamcrestAssertionClosure.validate(ResponseSpecificationImpl.groovy:483)
	at io.restassured.internal.ResponseSpecificationImpl$HamcrestAssertionClosure$validate$1.call(Unknown Source)
	at io.restassured.internal.ResponseSpecificationImpl.validateResponseIfRequired(ResponseSpecificationImpl.groovy:655)
	at org.codehaus.groovy.runtime.callsite.PogoMetaMethodSite$PogoCachedMethodSiteNoUnwrapNoCoerce.invoke(PogoMetaMethodSite.java:210)
	at org.codehaus.groovy.runtime.callsite.PogoMetaMethodSite.callCurrent(PogoMetaMethodSite.java:59)
	at org.codehaus.groovy.runtime.callsite.AbstractCallSite.callCurrent(AbstractCallSite.java:166)
	at io.restassured.internal.ResponseSpecificationImpl.statusCode(ResponseSpecificationImpl.groovy:123)
	at io.restassured.specification.ResponseSpecification$statusCode$0.callCurrent(Unknown Source)
	at io.restassured.internal.ResponseSpecificationImpl.statusCode(ResponseSpecificationImpl.groovy:131)
	at io.restassured.internal.ValidatableResponseOptionsImpl.statusCode(ValidatableResponseOptionsImpl.java:119)
	at org.fcrepo.spec.testsuite.versioning.LdprvHttpGet.shouldReturn302WhenLdprmFromTimeGate(LdprvHttpGet.java:110)
	at org.fcrepo.spec.testsuite.App.main(App.java:309)
... Removed 30 stack frames]]>
    </failure>
  </testcase> <!-- shouldReturn302WhenLdprmFromTimeGate -->
  <testcase name="shouldReturn406WhenNoLdprm" time="0.027" classname="org.fcrepo.spec.testsuite.versioning.LdprvHttpGet"/>
  <testcase name="changeLDPRToAnLDPRv" time="0.045" classname="org.fcrepo.spec.testsuite.versioning.LdprvHttpPut">
    <failure type="java.lang.AssertionError" message="Link header with a value of &amp;lt;http://mementoweb.org/ns#OriginalResource&amp;gt;; rel=&amp;quot;type&amp;quot; must be present but is not! expected [1] but found [0]">
      <![CDATA[java.lang.AssertionError: Link header with a value of <http://mementoweb.org/ns#OriginalResource>; rel="type" must be present but is not! expected [1] but found [0]
	at org.fcrepo.spec.testsuite.AbstractTest.confirmPresenceOfLinkValue(AbstractTest.java:528)
	at org.fcrepo.spec.testsuite.AbstractTest.confirmPresenceOfLinkValue(AbstractTest.java:524)
	at org.fcrepo.spec.testsuite.versioning.LdprvHttpPut.changeLDPRToAnLDPRv(LdprvHttpPut.java:62)
	at org.fcrepo.spec.testsuite.App.main(App.java:309)
... Removed 27 stack frames]]>
    </failure>
  </testcase> <!-- changeLDPRToAnLDPRv -->
  <testcase name="ldpnrvMustSupportPUT" time="0.011" classname="org.fcrepo.spec.testsuite.versioning.LdprvHttpPut">
    <failure type="java.lang.IllegalArgumentException" message="path cannot be null">
      <![CDATA[java.lang.IllegalArgumentException: path cannot be null
	at org.codehaus.groovy.runtime.callsite.ConstructorSite$ConstructorSiteNoUnwrap.callConstructor(ConstructorSite.java:84)
	at org.codehaus.groovy.runtime.callsite.AbstractCallSite.callConstructor(AbstractCallSite.java:247)
	at io.restassured.internal.assertion.AssertParameter.notNull(AssertParameter.groovy:26)
	at io.restassured.internal.assertion.AssertParameter$notNull.callStatic(Unknown Source)
	at org.codehaus.groovy.runtime.callsite.CallSiteArray.defaultCallStatic(CallSiteArray.java:56)
	at io.restassured.internal.assertion.AssertParameter$notNull.callStatic(Unknown Source)
	at io.restassured.internal.RequestSpecificationImpl.applyPathParamsAndSendRequest(RequestSpecificationImpl.groovy:1680)
	at groovy.lang.MetaMethod.doMethodInvoke(MetaMethod.java:325)
	at groovy.lang.MetaClassImpl.invokeMethod(MetaClassImpl.java:1213)
	at groovy.lang.MetaClassImpl.invokeMethod(MetaClassImpl.java:1022)
	at groovy.lang.MetaClassImpl.invokeMethod(MetaClassImpl.java:810)
	at io.restassured.internal.RequestSpecificationImpl.invokeMethod(RequestSpecificationImpl.groovy)
	at org.codehaus.groovy.runtime.callsite.PogoInterceptableSite.call(PogoInterceptableSite.java:48)
	at org.codehaus.groovy.runtime.callsite.PogoInterceptableSite.callCurrent(PogoInterceptableSite.java:58)
	at org.codehaus.groovy.runtime.callsite.AbstractCallSite.callCurrent(AbstractCallSite.java:182)
	at io.restassured.internal.RequestSpecificationImpl.applyPathParamsAndSendRequest(RequestSpecificationImpl.groovy:1738)
	at groovy.lang.MetaMethod.doMethodInvoke(MetaMethod.java:325)
	at groovy.lang.MetaClassImpl.invokeMethod(MetaClassImpl.java:1213)
	at groovy.lang.MetaClassImpl.invokeMethod(MetaClassImpl.java:1022)
	at groovy.lang.MetaClassImpl.invokeMethod(MetaClassImpl.java:810)
	at io.restassured.internal.RequestSpecificationImpl.invokeMethod(RequestSpecificationImpl.groovy)
	at org.codehaus.groovy.runtime.callsite.PogoInterceptableSite.call(PogoInterceptableSite.java:48)
	at org.codehaus.groovy.runtime.callsite.PogoInterceptableSite.callCurrent(PogoInterceptableSite.java:58)
	at org.codehaus.groovy.runtime.callsite.AbstractCallSite.callCurrent(AbstractCallSite.java:182)
	at io.restassured.internal.RequestSpecificationImpl.get(RequestSpecificationImpl.groovy:170)
	at io.restassured.internal.RequestSpecificationImpl.get(RequestSpecificationImpl.groovy)
	at org.fcrepo.spec.testsuite.AbstractTest.doGetUnverified(AbstractTest.java:406)
	at org.fcrepo.spec.testsuite.AbstractTest.doGet(AbstractTest.java:386)
	at org.fcrepo.spec.testsuite.AbstractTest.doGet(AbstractTest.java:394)
	at org.fcrepo.spec.testsuite.versioning.LdprvHttpPut.ldpnrvMustSupportPUT(LdprvHttpPut.java:140)
	at org.fcrepo.spec.testsuite.App.main(App.java:309)
... Removed 36 stack frames]]>
    </failure>
  </testcase> <!-- ldpnrvMustSupportPUT -->
  <testcase name="ldpnrvMustSupportPUTForExistingResources" time="0.01" classname="org.fcrepo.spec.testsuite.versioning.LdprvHttpPut">
    <failure type="java.lang.IllegalArgumentException" message="path cannot be null">
      <![CDATA[java.lang.IllegalArgumentException: path cannot be null
	at org.codehaus.groovy.runtime.callsite.ConstructorSite$ConstructorSiteNoUnwrap.callConstructor(ConstructorSite.java:84)
	at org.codehaus.groovy.runtime.callsite.AbstractCallSite.callConstructor(AbstractCallSite.java:247)
	at io.restassured.internal.assertion.AssertParameter.notNull(AssertParameter.groovy:26)
	at io.restassured.internal.assertion.AssertParameter$notNull.callStatic(Unknown Source)
	at org.codehaus.groovy.runtime.callsite.CallSiteArray.defaultCallStatic(CallSiteArray.java:56)
	at io.restassured.internal.assertion.AssertParameter$notNull.callStatic(Unknown Source)
	at io.restassured.internal.RequestSpecificationImpl.applyPathParamsAndSendRequest(RequestSpecificationImpl.groovy:1680)
	at groovy.lang.MetaMethod.doMethodInvoke(MetaMethod.java:325)
	at groovy.lang.MetaClassImpl.invokeMethod(MetaClassImpl.java:1213)
	at groovy.lang.MetaClassImpl.invokeMethod(MetaClassImpl.java:1022)
	at groovy.lang.MetaClassImpl.invokeMethod(MetaClassImpl.java:810)
	at io.restassured.internal.RequestSpecificationImpl.invokeMethod(RequestSpecificationImpl.groovy)
	at org.codehaus.groovy.runtime.callsite.PogoInterceptableSite.call(PogoInterceptableSite.java:48)
	at org.codehaus.groovy.runtime.callsite.PogoInterceptableSite.callCurrent(PogoInterceptableSite.java:58)
	at org.codehaus.groovy.runtime.callsite.AbstractCallSite.callCurrent(AbstractCallSite.java:182)
	at io.restassured.internal.RequestSpecificationImpl.applyPathParamsAndSendRequest(RequestSpecificationImpl.groovy:1738)
	at groovy.lang.MetaMethod.doMethodInvoke(MetaMethod.java:325)
	at groovy.lang.MetaClassImpl.invokeMethod(MetaClassImpl.java:1213)
	at groovy.lang.MetaClassImpl.invokeMethod(MetaClassImpl.java:1022)
	at groovy.lang.MetaClassImpl.invokeMethod(MetaClassImpl.java:810)
	at io.restassured.internal.RequestSpecificationImpl.invokeMethod(RequestSpecificationImpl.groovy)
	at org.codehaus.groovy.runtime.callsite.PogoInterceptableSite.call(PogoInterceptableSite.java:48)
	at org.codehaus.groovy.runtime.callsite.PogoInterceptableSite.callCurrent(PogoInterceptableSite.java:58)
	at org.codehaus.groovy.runtime.callsite.AbstractCallSite.callCurrent(AbstractCallSite.java:182)
	at io.restassured.internal.RequestSpecificationImpl.get(RequestSpecificationImpl.groovy:170)
	at io.restassured.internal.RequestSpecificationImpl.get(RequestSpecificationImpl.groovy)
	at org.fcrepo.spec.testsuite.AbstractTest.doGetUnverified(AbstractTest.java:406)
	at org.fcrepo.spec.testsuite.AbstractTest.doGet(AbstractTest.java:386)
	at org.fcrepo.spec.testsuite.AbstractTest.doGet(AbstractTest.java:394)
	at org.fcrepo.spec.testsuite.versioning.LdprvHttpPut.ldpnrvMustSupportPUTForExistingResources(LdprvHttpPut.java:160)
	at org.fcrepo.spec.testsuite.App.main(App.java:309)
... Removed 36 stack frames]]>
    </failure>
  </testcase> <!-- ldpnrvMustSupportPUTForExistingResources -->
  <testcase name="ldprvMustSupportPUT" time="0.01" classname="org.fcrepo.spec.testsuite.versioning.LdprvHttpPut">
    <failure type="java.lang.IllegalArgumentException" message="path cannot be null">
      <![CDATA[java.lang.IllegalArgumentException: path cannot be null
	at org.codehaus.groovy.runtime.callsite.ConstructorSite$ConstructorSiteNoUnwrap.callConstructor(ConstructorSite.java:84)
	at org.codehaus.groovy.runtime.callsite.AbstractCallSite.callConstructor(AbstractCallSite.java:247)
	at io.restassured.internal.assertion.AssertParameter.notNull(AssertParameter.groovy:26)
	at io.restassured.internal.assertion.AssertParameter$notNull.callStatic(Unknown Source)
	at org.codehaus.groovy.runtime.callsite.CallSiteArray.defaultCallStatic(CallSiteArray.java:56)
	at io.restassured.internal.assertion.AssertParameter$notNull.callStatic(Unknown Source)
	at io.restassured.internal.RequestSpecificationImpl.applyPathParamsAndSendRequest(RequestSpecificationImpl.groovy:1680)
	at groovy.lang.MetaMethod.doMethodInvoke(MetaMethod.java:325)
	at groovy.lang.MetaClassImpl.invokeMethod(MetaClassImpl.java:1213)
	at groovy.lang.MetaClassImpl.invokeMethod(MetaClassImpl.java:1022)
	at groovy.lang.MetaClassImpl.invokeMethod(MetaClassImpl.java:810)
	at io.restassured.internal.RequestSpecificationImpl.invokeMethod(RequestSpecificationImpl.groovy)
	at org.codehaus.groovy.runtime.callsite.PogoInterceptableSite.call(PogoInterceptableSite.java:48)
	at org.codehaus.groovy.runtime.callsite.PogoInterceptableSite.callCurrent(PogoInterceptableSite.java:58)
	at org.codehaus.groovy.runtime.callsite.AbstractCallSite.callCurrent(AbstractCallSite.java:182)
	at io.restassured.internal.RequestSpecificationImpl.applyPathParamsAndSendRequest(RequestSpecificationImpl.groovy:1738)
	at groovy.lang.MetaMethod.doMethodInvoke(MetaMethod.java:325)
	at groovy.lang.MetaClassImpl.invokeMethod(MetaClassImpl.java:1213)
	at groovy.lang.MetaClassImpl.invokeMethod(MetaClassImpl.java:1022)
	at groovy.lang.MetaClassImpl.invokeMethod(MetaClassImpl.java:810)
	at io.restassured.internal.RequestSpecificationImpl.invokeMethod(RequestSpecificationImpl.groovy)
	at org.codehaus.groovy.runtime.callsite.PogoInterceptableSite.call(PogoInterceptableSite.java:48)
	at org.codehaus.groovy.runtime.callsite.PogoInterceptableSite.callCurrent(PogoInterceptableSite.java:58)
	at org.codehaus.groovy.runtime.callsite.AbstractCallSite.callCurrent(AbstractCallSite.java:182)
	at io.restassured.internal.RequestSpecificationImpl.get(RequestSpecificationImpl.groovy:170)
	at io.restassured.internal.RequestSpecificationImpl.get(RequestSpecificationImpl.groovy)
	at org.fcrepo.spec.testsuite.AbstractTest.doGetUnverified(AbstractTest.java:406)
	at org.fcrepo.spec.testsuite.AbstractTest.doGet(AbstractTest.java:386)
	at org.fcrepo.spec.testsuite.AbstractTest.doGet(AbstractTest.java:394)
	at org.fcrepo.spec.testsuite.versioning.LdprvHttpPut.ldprvMustSupportPUT(LdprvHttpPut.java:83)
	at org.fcrepo.spec.testsuite.App.main(App.java:309)
... Removed 36 stack frames]]>
    </failure>
  </testcase> <!-- ldprvMustSupportPUT -->
  <testcase name="ldprvMustSupportPUTForExistingResources" time="0.01" classname="org.fcrepo.spec.testsuite.versioning.LdprvHttpPut">
    <failure type="java.lang.IllegalArgumentException" message="path cannot be null">
      <![CDATA[java.lang.IllegalArgumentException: path cannot be null
	at org.codehaus.groovy.runtime.callsite.ConstructorSite$ConstructorSiteNoUnwrap.callConstructor(ConstructorSite.java:84)
	at org.codehaus.groovy.runtime.callsite.AbstractCallSite.callConstructor(AbstractCallSite.java:247)
	at io.restassured.internal.assertion.AssertParameter.notNull(AssertParameter.groovy:26)
	at io.restassured.internal.assertion.AssertParameter$notNull.callStatic(Unknown Source)
	at org.codehaus.groovy.runtime.callsite.CallSiteArray.defaultCallStatic(CallSiteArray.java:56)
	at io.restassured.internal.assertion.AssertParameter$notNull.callStatic(Unknown Source)
	at io.restassured.internal.RequestSpecificationImpl.applyPathParamsAndSendRequest(RequestSpecificationImpl.groovy:1680)
	at groovy.lang.MetaMethod.doMethodInvoke(MetaMethod.java:325)
	at groovy.lang.MetaClassImpl.invokeMethod(MetaClassImpl.java:1213)
	at groovy.lang.MetaClassImpl.invokeMethod(MetaClassImpl.java:1022)
	at groovy.lang.MetaClassImpl.invokeMethod(MetaClassImpl.java:810)
	at io.restassured.internal.RequestSpecificationImpl.invokeMethod(RequestSpecificationImpl.groovy)
	at org.codehaus.groovy.runtime.callsite.PogoInterceptableSite.call(PogoInterceptableSite.java:48)
	at org.codehaus.groovy.runtime.callsite.PogoInterceptableSite.callCurrent(PogoInterceptableSite.java:58)
	at org.codehaus.groovy.runtime.callsite.AbstractCallSite.callCurrent(AbstractCallSite.java:182)
	at io.restassured.internal.RequestSpecificationImpl.applyPathParamsAndSendRequest(RequestSpecificationImpl.groovy:1738)
	at groovy.lang.MetaMethod.doMethodInvoke(MetaMethod.java:325)
	at groovy.lang.MetaClassImpl.invokeMethod(MetaClassImpl.java:1213)
	at groovy.lang.MetaClassImpl.invokeMethod(MetaClassImpl.java:1022)
	at groovy.lang.MetaClassImpl.invokeMethod(MetaClassImpl.java:810)
	at io.restassured.internal.RequestSpecificationImpl.invokeMethod(RequestSpecificationImpl.groovy)
	at org.codehaus.groovy.runtime.callsite.PogoInterceptableSite.call(PogoInterceptableSite.java:48)
	at org.codehaus.groovy.runtime.callsite.PogoInterceptableSite.callCurrent(PogoInterceptableSite.java:58)
	at org.codehaus.groovy.runtime.callsite.AbstractCallSite.callCurrent(AbstractCallSite.java:182)
	at io.restassured.internal.RequestSpecificationImpl.get(RequestSpecificationImpl.groovy:170)
	at io.restassured.internal.RequestSpecificationImpl.get(RequestSpecificationImpl.groovy)
	at org.fcrepo.spec.testsuite.AbstractTest.doGetUnverified(AbstractTest.java:398)
	at org.fcrepo.spec.testsuite.AbstractTest.doGet(AbstractTest.java:378)
	at org.fcrepo.spec.testsuite.versioning.LdprvHttpPut.ldprvMustSupportPUTForExistingResources(LdprvHttpPut.java:104)
	at org.fcrepo.spec.testsuite.App.main(App.java:309)
... Removed 36 stack frames]]>
    </failure>
  </testcase> <!-- ldprvMustSupportPUTForExistingResources -->
  <testcase name="ldpnrmMustHaveCorrectTimeGate" time="0.06" classname="org.fcrepo.spec.testsuite.versioning.LdprmHttpGet"/>
  <testcase name="ldpnrmMustHaveMementoLinkHeader" time="0.068" classname="org.fcrepo.spec.testsuite.versioning.LdprmHttpGet">
    <failure type="java.lang.AssertionError" message="Link header with a value of &amp;lt;http://mementoweb.org/ns#Memento&amp;gt;; rel=&amp;quot;type&amp;quot; must be present but is not! expected [1] but found [0]">
      <![CDATA[java.lang.AssertionError: Link header with a value of <http://mementoweb.org/ns#Memento>; rel="type" must be present but is not! expected [1] but found [0]
	at org.fcrepo.spec.testsuite.AbstractTest.confirmPresenceOfLinkValue(AbstractTest.java:528)
	at org.fcrepo.spec.testsuite.AbstractTest.confirmPresenceOfLinkValue(AbstractTest.java:524)
	at org.fcrepo.spec.testsuite.versioning.LdprmHttpGet.ldpnrmMustHaveMementoLinkHeader(LdprmHttpGet.java:168)
	at org.fcrepo.spec.testsuite.App.main(App.java:309)
... Removed 27 stack frames]]>
    </failure>
  </testcase> <!-- ldpnrmMustHaveMementoLinkHeader -->
  <testcase name="ldpnrmMustSupportGet" time="0.062" classname="org.fcrepo.spec.testsuite.versioning.LdprmHttpGet"/>
  <testcase name="ldprmMustHaveCorrectTimeGate" time="0.053" classname="org.fcrepo.spec.testsuite.versioning.LdprmHttpGet"/>
  <testcase name="ldprmMustHaveMementoLinkHeader" time="0.055" classname="org.fcrepo.spec.testsuite.versioning.LdprmHttpGet">
    <failure type="java.lang.AssertionError" message="Link header with a value of &amp;lt;http://mementoweb.org/ns#Memento&amp;gt;; rel=&amp;quot;type&amp;quot; must be present but is not! expected [1] but found [0]">
      <![CDATA[java.lang.AssertionError: Link header with a value of <http://mementoweb.org/ns#Memento>; rel="type" must be present but is not! expected [1] but found [0]
	at org.fcrepo.spec.testsuite.AbstractTest.confirmPresenceOfLinkValue(AbstractTest.java:528)
	at org.fcrepo.spec.testsuite.AbstractTest.confirmPresenceOfLinkValue(AbstractTest.java:524)
	at org.fcrepo.spec.testsuite.versioning.LdprmHttpGet.ldprmMustHaveMementoLinkHeader(LdprmHttpGet.java:147)
	at org.fcrepo.spec.testsuite.App.main(App.java:309)
... Removed 27 stack frames]]>
    </failure>
  </testcase> <!-- ldprmMustHaveMementoLinkHeader -->
  <testcase name="ldprmMustSupportGet" time="0.052" classname="org.fcrepo.spec.testsuite.versioning.LdprmHttpGet"/>
  <testcase name="ldprmMustSupportDeleteIfAdvertised" time="0.06" classname="org.fcrepo.spec.testsuite.versioning.LdprmHttpDelete">
    <skipped/>
  </testcase> <!-- ldprmMustSupportDeleteIfAdvertised -->
  <testcase name="ldprmMustNotSupportPatch" time="0.06" classname="org.fcrepo.spec.testsuite.versioning.LdprmHttpOptions"/>
  <testcase name="ldprmMustNotSupportPost" time="0.06" classname="org.fcrepo.spec.testsuite.versioning.LdprmHttpOptions"/>
  <testcase name="ldprmMustNotSupportPut" time="0.064" classname="org.fcrepo.spec.testsuite.versioning.LdprmHttpOptions"/>
  <testcase name="ldprmMustSupportOptions" time="0.056" classname="org.fcrepo.spec.testsuite.versioning.LdprmHttpOptions"/>
  <testcase name="ldprmOptionsMaySupportDelete" time="0.062" classname="org.fcrepo.spec.testsuite.versioning.LdprmHttpOptions">
    <failure type="java.lang.AssertionError" message="Allow with a value of DELETE must be present but is not! expected [true] but found [false]">
      <![CDATA[java.lang.AssertionError: Allow with a value of DELETE must be present but is not! expected [true] but found [false]
	at org.fcrepo.spec.testsuite.versioning.AbstractVersioningTest.confirmPresenceOfHeaderValueInMultiValueHeader(AbstractVersioningTest.java:92)
	at org.fcrepo.spec.testsuite.versioning.LdprmHttpOptions.ldprmOptionsMaySupportDelete(LdprmHttpOptions.java:89)
	at org.fcrepo.spec.testsuite.App.main(App.java:309)
... Removed 25 stack frames]]>
    </failure>
  </testcase> <!-- ldprmOptionsMaySupportDelete -->
  <testcase name="ldprmOptionsMustSupportGetHeadAndOptions" time="0.057" classname="org.fcrepo.spec.testsuite.versioning.LdprmHttpOptions"/>
  <testcase name="ldpcvMustHaveContainerLinkHeader" time="0.026" classname="org.fcrepo.spec.testsuite.versioning.LdpcvHttpGet">
    <failure type="java.lang.AssertionError" message="Link header with a value of &amp;lt;http://www.w3.org/ns/ldp#Container&amp;gt;; rel=&amp;quot;type&amp;quot; must be present but is not! expected [1] but found [0]">
      <![CDATA[java.lang.AssertionError: Link header with a value of <http://www.w3.org/ns/ldp#Container>; rel="type" must be present but is not! expected [1] but found [0]
	at org.fcrepo.spec.testsuite.AbstractTest.confirmPresenceOfLinkValue(AbstractTest.java:528)
	at org.fcrepo.spec.testsuite.AbstractTest.confirmPresenceOfLinkValue(AbstractTest.java:524)
	at org.fcrepo.spec.testsuite.versioning.LdpcvHttpGet.ldpcvMustHaveContainerLinkHeader(LdpcvHttpGet.java:158)
	at org.fcrepo.spec.testsuite.App.main(App.java:309)
... Removed 27 stack frames]]>
    </failure>
  </testcase> <!-- ldpcvMustHaveContainerLinkHeader -->
  <testcase name="ldpcvMustHaveTimeMapLinkHeader" time="0.027" classname="org.fcrepo.spec.testsuite.versioning.LdpcvHttpGet">
    <failure type="java.lang.AssertionError" message="Link header with a value of &amp;lt;http://mementoweb.org/ns#TimeMap&amp;gt;; rel=&amp;quot;type&amp;quot; must be present but is not! expected [1] but found [0]">
      <![CDATA[java.lang.AssertionError: Link header with a value of <http://mementoweb.org/ns#TimeMap>; rel="type" must be present but is not! expected [1] but found [0]
	at org.fcrepo.spec.testsuite.AbstractTest.confirmPresenceOfLinkValue(AbstractTest.java:528)
	at org.fcrepo.spec.testsuite.AbstractTest.confirmPresenceOfLinkValue(AbstractTest.java:524)
	at org.fcrepo.spec.testsuite.versioning.LdpcvHttpGet.ldpcvMustHaveTimeMapLinkHeader(LdpcvHttpGet.java:63)
	at org.fcrepo.spec.testsuite.App.main(App.java:309)
... Removed 27 stack frames]]>
    </failure>
  </testcase> <!-- ldpcvMustHaveTimeMapLinkHeader -->
  <testcase name="ldpcvMustIncludeAcceptPatchIfPatchAllowed" time="0.023" classname="org.fcrepo.spec.testsuite.versioning.LdpcvHttpGet"/>
  <testcase name="ldpcvMustIncludeAcceptPostIfPostAllowed" time="0.023" classname="org.fcrepo.spec.testsuite.versioning.LdpcvHttpGet"/>
  <testcase name="ldpcvMustRespondToGetWithApplicationLinkAcceptHeader" time="0.023" classname="org.fcrepo.spec.testsuite.versioning.LdpcvHttpGet"/>
  <testcase name="ldpcvMustSupportGet" time="0.025" classname="org.fcrepo.spec.testsuite.versioning.LdpcvHttpGet"/>
  <testcase name="lpcvMustIncludeAllowHeader" time="0.025" classname="org.fcrepo.spec.testsuite.versioning.LdpcvHttpGet"/>
  <testcase name="ldpcvDoesNotSupportPost" time="0.028" classname="org.fcrepo.spec.testsuite.versioning.LdpcvHttpPost">
    <failure type="java.lang.AssertionError" message="Response does not contain a link of rel type = http://www.w3.org/ns/ldp#constrainedBy">
      <![CDATA[java.lang.AssertionError: Response does not contain a link of rel type = http://www.w3.org/ns/ldp#constrainedBy
	at org.fcrepo.spec.testsuite.AbstractTest.confirmPresenceOfConstrainedByLink(AbstractTest.java:558)
	at org.fcrepo.spec.testsuite.versioning.LdpcvHttpPost.ldpcvDoesNotSupportPost(LdpcvHttpPost.java:298)
	at org.fcrepo.spec.testsuite.App.main(App.java:309)
... Removed 23 stack frames]]>
    </failure>
  </testcase> <!-- ldpcvDoesNotSupportPost -->
  <testcase name="ldpcvMayDisallowPatch" time="0.031" classname="org.fcrepo.spec.testsuite.versioning.LdpcvHttpPost"/>
  <testcase name="ldpcvMayDisallowPost" time="0.012" classname="org.fcrepo.spec.testsuite.versioning.LdpcvHttpPost">
    <failure type="java.util.NoSuchElementException" message="No value present">
      <![CDATA[java.util.NoSuchElementException: No value present
	at java.util.Optional.get(Optional.java:135)
	at org.fcrepo.spec.testsuite.versioning.AbstractVersioningTest.getTimeMapUri(AbstractVersioningTest.java:50)
	at org.fcrepo.spec.testsuite.versioning.LdpcvHttpPost.ldpcvMayDisallowPost(LdpcvHttpPost.java:54)
	at org.fcrepo.spec.testsuite.App.main(App.java:309)
... Removed 22 stack frames]]>
    </failure>
  </testcase> <!-- ldpcvMayDisallowPost -->
  <testcase name="ldpcvMayDisallowPut" time="0.034" classname="org.fcrepo.spec.testsuite.versioning.LdpcvHttpPost"/>
  <testcase name="ldpcvOfLdpnrsShouldSupportPostWithoutMementoDatetimeHeader" time="0.027" classname="org.fcrepo.spec.testsuite.versioning.LdpcvHttpPost">
    <failure type="java.lang.AssertionError" message="1 expectation failed.
Expected status code &amp;lt;201&amp;gt; but was &amp;lt;405&amp;gt;.
">
      <![CDATA[java.lang.AssertionError: 1 expectation failed.
Expected status code <201> but was <405>.

	at org.codehaus.groovy.runtime.callsite.ConstructorSite$ConstructorSiteNoUnwrap.callConstructor(ConstructorSite.java:84)
	at org.codehaus.groovy.runtime.callsite.AbstractCallSite.callConstructor(AbstractCallSite.java:247)
	at io.restassured.internal.ResponseSpecificationImpl$HamcrestAssertionClosure.validate(ResponseSpecificationImpl.groovy:483)
	at io.restassured.internal.ResponseSpecificationImpl$HamcrestAssertionClosure$validate$1.call(Unknown Source)
	at io.restassured.internal.ResponseSpecificationImpl.validateResponseIfRequired(ResponseSpecificationImpl.groovy:655)
	at org.codehaus.groovy.runtime.callsite.PogoMetaMethodSite$PogoCachedMethodSiteNoUnwrapNoCoerce.invoke(PogoMetaMethodSite.java:210)
	at org.codehaus.groovy.runtime.callsite.PogoMetaMethodSite.callCurrent(PogoMetaMethodSite.java:59)
	at org.codehaus.groovy.runtime.callsite.AbstractCallSite.callCurrent(AbstractCallSite.java:166)
	at io.restassured.internal.ResponseSpecificationImpl.statusCode(ResponseSpecificationImpl.groovy:123)
	at io.restassured.specification.ResponseSpecification$statusCode$0.callCurrent(Unknown Source)
	at io.restassured.internal.ResponseSpecificationImpl.statusCode(ResponseSpecificationImpl.groovy:131)
	at io.restassured.internal.ValidatableResponseOptionsImpl.statusCode(ValidatableResponseOptionsImpl.java:119)
	at org.fcrepo.spec.testsuite.AbstractTest.doPost(AbstractTest.java:270)
	at org.fcrepo.spec.testsuite.AbstractTest.doPost(AbstractTest.java:287)
	at org.fcrepo.spec.testsuite.versioning.LdpcvHttpPost.ldpcvOfLdpnrsShouldSupportPostWithoutMementoDatetimeHeader(LdpcvHttpPost.java:128)
	at org.fcrepo.spec.testsuite.App.main(App.java:309)
... Removed 30 stack frames]]>
    </failure>
  </testcase> <!-- ldpcvOfLdpnrsShouldSupportPostWithoutMementoDatetimeHeader -->
  <testcase name="ldpcvOfLdprsShouldSupportPostWithoutMementoDatetimeHeader" time="0.026" classname="org.fcrepo.spec.testsuite.versioning.LdpcvHttpPost">
    <failure type="java.lang.AssertionError" message="1 expectation failed.
Expected status code &amp;lt;201&amp;gt; but was &amp;lt;405&amp;gt;.
">
      <![CDATA[java.lang.AssertionError: 1 expectation failed.
Expected status code <201> but was <405>.

	at org.codehaus.groovy.runtime.callsite.ConstructorSite$ConstructorSiteNoUnwrap.callConstructor(ConstructorSite.java:84)
	at org.codehaus.groovy.runtime.callsite.AbstractCallSite.callConstructor(AbstractCallSite.java:247)
	at io.restassured.internal.ResponseSpecificationImpl$HamcrestAssertionClosure.validate(ResponseSpecificationImpl.groovy:483)
	at io.restassured.internal.ResponseSpecificationImpl$HamcrestAssertionClosure$validate$1.call(Unknown Source)
	at io.restassured.internal.ResponseSpecificationImpl.validateResponseIfRequired(ResponseSpecificationImpl.groovy:655)
	at org.codehaus.groovy.runtime.callsite.PogoMetaMethodSite$PogoCachedMethodSiteNoUnwrapNoCoerce.invoke(PogoMetaMethodSite.java:210)
	at org.codehaus.groovy.runtime.callsite.PogoMetaMethodSite.callCurrent(PogoMetaMethodSite.java:59)
	at org.codehaus.groovy.runtime.callsite.AbstractCallSite.callCurrent(AbstractCallSite.java:166)
	at io.restassured.internal.ResponseSpecificationImpl.statusCode(ResponseSpecificationImpl.groovy:123)
	at io.restassured.specification.ResponseSpecification$statusCode$0.callCurrent(Unknown Source)
	at io.restassured.internal.ResponseSpecificationImpl.statusCode(ResponseSpecificationImpl.groovy:131)
	at io.restassured.internal.ValidatableResponseOptionsImpl.statusCode(ValidatableResponseOptionsImpl.java:119)
	at org.fcrepo.spec.testsuite.AbstractTest.doPost(AbstractTest.java:270)
	at org.fcrepo.spec.testsuite.AbstractTest.doPost(AbstractTest.java:287)
	at org.fcrepo.spec.testsuite.versioning.LdpcvHttpPost.ldpcvOfLdprsShouldSupportPostWithoutMementoDatetimeHeader(LdpcvHttpPost.java:91)
	at org.fcrepo.spec.testsuite.App.main(App.java:309)
... Removed 30 stack frames]]>
    </failure>
  </testcase> <!-- ldpcvOfLdprsShouldSupportPostWithoutMementoDatetimeHeader -->
  <testcase name="mementoDatetimeHeaderShouldMatchThatUsedWhenMementoCreated" time="0.034" classname="org.fcrepo.spec.testsuite.versioning.LdpcvHttpPost"/>
  <testcase name="postToldpcvOfLdpnrWithoutMementoDatetimeMustIgnoreBody" time="0.031" classname="org.fcrepo.spec.testsuite.versioning.LdpcvHttpPost">
    <failure type="java.lang.AssertionError" message="1 expectation failed.
Expected status code &amp;lt;201&amp;gt; but was &amp;lt;405&amp;gt;.
">
      <![CDATA[java.lang.AssertionError: 1 expectation failed.
Expected status code <201> but was <405>.

	at org.codehaus.groovy.runtime.callsite.ConstructorSite$ConstructorSiteNoUnwrap.callConstructor(ConstructorSite.java:84)
	at org.codehaus.groovy.runtime.callsite.AbstractCallSite.callConstructor(AbstractCallSite.java:247)
	at io.restassured.internal.ResponseSpecificationImpl$HamcrestAssertionClosure.validate(ResponseSpecificationImpl.groovy:483)
	at io.restassured.internal.ResponseSpecificationImpl$HamcrestAssertionClosure$validate$1.call(Unknown Source)
	at io.restassured.internal.ResponseSpecificationImpl.validateResponseIfRequired(ResponseSpecificationImpl.groovy:655)
	at org.codehaus.groovy.runtime.callsite.PogoMetaMethodSite$PogoCachedMethodSiteNoUnwrapNoCoerce.invoke(PogoMetaMethodSite.java:210)
	at org.codehaus.groovy.runtime.callsite.PogoMetaMethodSite.callCurrent(PogoMetaMethodSite.java:59)
	at org.codehaus.groovy.runtime.callsite.AbstractCallSite.callCurrent(AbstractCallSite.java:166)
	at io.restassured.internal.ResponseSpecificationImpl.statusCode(ResponseSpecificationImpl.groovy:123)
	at io.restassured.specification.ResponseSpecification$statusCode$0.callCurrent(Unknown Source)
	at io.restassured.internal.ResponseSpecificationImpl.statusCode(ResponseSpecificationImpl.groovy:131)
	at io.restassured.internal.ValidatableResponseOptionsImpl.statusCode(ValidatableResponseOptionsImpl.java:119)
	at org.fcrepo.spec.testsuite.AbstractTest.doPost(AbstractTest.java:270)
	at org.fcrepo.spec.testsuite.AbstractTest.doPost(AbstractTest.java:283)
	at org.fcrepo.spec.testsuite.versioning.LdpcvHttpPost.postToldpcvOfLdpnrWithoutMementoDatetimeMustIgnoreBody(LdpcvHttpPost.java:198)
	at org.fcrepo.spec.testsuite.App.main(App.java:309)
... Removed 30 stack frames]]>
    </failure>
  </testcase> <!-- postToldpcvOfLdpnrWithoutMementoDatetimeMustIgnoreBody -->
  <testcase name="postToldpcvOfLdprWithMementoDatetimeShouldCreateNewResource" time="0.035" classname="org.fcrepo.spec.testsuite.versioning.LdpcvHttpPost"/>
  <testcase name="postToldpcvOfLdprsWithoutMementoDatetimeMustIgnoreBody" time="0.033" classname="org.fcrepo.spec.testsuite.versioning.LdpcvHttpPost">
    <failure type="java.lang.AssertionError" message="1 expectation failed.
Expected status code &amp;lt;201&amp;gt; but was &amp;lt;405&amp;gt;.
">
      <![CDATA[java.lang.AssertionError: 1 expectation failed.
Expected status code <201> but was <405>.

	at org.codehaus.groovy.runtime.callsite.ConstructorSite$ConstructorSiteNoUnwrap.callConstructor(ConstructorSite.java:84)
	at org.codehaus.groovy.runtime.callsite.AbstractCallSite.callConstructor(AbstractCallSite.java:247)
	at io.restassured.internal.ResponseSpecificationImpl$HamcrestAssertionClosure.validate(ResponseSpecificationImpl.groovy:483)
	at io.restassured.internal.ResponseSpecificationImpl$HamcrestAssertionClosure$validate$1.call(Unknown Source)
	at io.restassured.internal.ResponseSpecificationImpl.validateResponseIfRequired(ResponseSpecificationImpl.groovy:655)
	at org.codehaus.groovy.runtime.callsite.PogoMetaMethodSite$PogoCachedMethodSiteNoUnwrapNoCoerce.invoke(PogoMetaMethodSite.java:210)
	at org.codehaus.groovy.runtime.callsite.PogoMetaMethodSite.callCurrent(PogoMetaMethodSite.java:59)
	at org.codehaus.groovy.runtime.callsite.AbstractCallSite.callCurrent(AbstractCallSite.java:166)
	at io.restassured.internal.ResponseSpecificationImpl.statusCode(ResponseSpecificationImpl.groovy:123)
	at io.restassured.specification.ResponseSpecification$statusCode$0.callCurrent(Unknown Source)
	at io.restassured.internal.ResponseSpecificationImpl.statusCode(ResponseSpecificationImpl.groovy:131)
	at io.restassured.internal.ValidatableResponseOptionsImpl.statusCode(ValidatableResponseOptionsImpl.java:119)
	at org.fcrepo.spec.testsuite.AbstractTest.doPost(AbstractTest.java:270)
	at org.fcrepo.spec.testsuite.AbstractTest.doPost(AbstractTest.java:283)
	at org.fcrepo.spec.testsuite.versioning.LdpcvHttpPost.postToldpcvOfLdprsWithoutMementoDatetimeMustIgnoreBody(LdpcvHttpPost.java:164)
	at org.fcrepo.spec.testsuite.App.main(App.java:309)
... Removed 30 stack frames]]>
    </failure>
  </testcase> <!-- postToldpcvOfLdprsWithoutMementoDatetimeMustIgnoreBody -->
  <testcase name="ldpcvMaySupportDelete" time="0.036" classname="org.fcrepo.spec.testsuite.versioning.LdpcvHttpDelete">
    <skipped/>
  </testcase> <!-- ldpcvMaySupportDelete -->
  <testcase name="ldpcvThatAdvertisesDeleteShouldRemoveContainerAndMementos" time="0.032" classname="org.fcrepo.spec.testsuite.versioning.LdpcvHttpDelete"/>
  <testcase name="ldpcvMaySupportDeleteOption" time="0.047" classname="org.fcrepo.spec.testsuite.versioning.LdpcvHttpOptions">
    <skipped/>
  </testcase> <!-- ldpcvMaySupportDeleteOption -->
  <testcase name="ldpcvMaySupportPatch" time="0.029" classname="org.fcrepo.spec.testsuite.versioning.LdpcvHttpOptions">
    <skipped/>
  </testcase> <!-- ldpcvMaySupportPatch -->
  <testcase name="ldpcvMaySupportPost" time="0.037" classname="org.fcrepo.spec.testsuite.versioning.LdpcvHttpOptions">
    <failure type="java.lang.AssertionError" message="Allow with a value of POST must be present but is not! expected [true] but found [false]">
      <![CDATA[java.lang.AssertionError: Allow with a value of POST must be present but is not! expected [true] but found [false]
	at org.fcrepo.spec.testsuite.versioning.AbstractVersioningTest.confirmPresenceOfHeaderValueInMultiValueHeader(AbstractVersioningTest.java:92)
	at org.fcrepo.spec.testsuite.versioning.LdpcvHttpOptions.ldpcvMaySupportPost(LdpcvHttpOptions.java:172)
	at org.fcrepo.spec.testsuite.App.main(App.java:309)
... Removed 25 stack frames]]>
    </failure>
  </testcase> <!-- ldpcvMaySupportPost -->
  <testcase name="ldpcvMustReturnAcceptPatchHeaderIfPatchIsSupported" time="0.044" classname="org.fcrepo.spec.testsuite.versioning.LdpcvHttpOptions"/>
  <testcase name="ldpcvMustReturnAcceptPostHeaderIfPostIsSupported" time="0.046" classname="org.fcrepo.spec.testsuite.versioning.LdpcvHttpOptions"/>
  <testcase name="ldpcvMustSupportOptions" time="0.038" classname="org.fcrepo.spec.testsuite.versioning.LdpcvHttpOptions"/>
  <testcase name="ldpcvOptionsMustAllowHeadGetOptions" time="0.035" classname="org.fcrepo.spec.testsuite.versioning.LdpcvHttpOptions"/>
  <testcase name="convertToLDPRViaPutWithType" time="0.027" classname="org.fcrepo.spec.testsuite.versioning.ResourceVersioning">
    <failure type="java.lang.AssertionError" message="Link header with a value of &amp;lt;http://mementoweb.org/ns#OriginalResource&amp;gt;; rel=&amp;quot;type&amp;quot; must be present but is not! expected [1] but found [0]">
      <![CDATA[java.lang.AssertionError: Link header with a value of <http://mementoweb.org/ns#OriginalResource>; rel="type" must be present but is not! expected [1] but found [0]
	at org.fcrepo.spec.testsuite.AbstractTest.confirmPresenceOfLinkValue(AbstractTest.java:528)
	at org.fcrepo.spec.testsuite.AbstractTest.confirmPresenceOfLinkValue(AbstractTest.java:524)
	at org.fcrepo.spec.testsuite.versioning.ResourceVersioning.convertToLDPRViaPutWithType(ResourceVersioning.java:83)
	at org.fcrepo.spec.testsuite.App.main(App.java:309)
... Removed 27 stack frames]]>
    </failure>
  </testcase> <!-- convertToLDPRViaPutWithType -->
  <testcase name="postLdprWithType" time="0.014" classname="org.fcrepo.spec.testsuite.versioning.ResourceVersioning">
    <failure type="java.lang.AssertionError" message="Link header with a value of &amp;lt;http://mementoweb.org/ns#OriginalResource&amp;gt;; rel=&amp;quot;type&amp;quot; must be present but is not! expected [1] but found [0]">
      <![CDATA[java.lang.AssertionError: Link header with a value of <http://mementoweb.org/ns#OriginalResource>; rel="type" must be present but is not! expected [1] but found [0]
	at org.fcrepo.spec.testsuite.AbstractTest.confirmPresenceOfLinkValue(AbstractTest.java:528)
	at org.fcrepo.spec.testsuite.AbstractTest.confirmPresenceOfLinkValue(AbstractTest.java:524)
	at org.fcrepo.spec.testsuite.versioning.ResourceVersioning.postLdprWithType(ResourceVersioning.java:52)
	at org.fcrepo.spec.testsuite.App.main(App.java:309)
... Removed 27 stack frames]]>
    </failure>
  </testcase> <!-- postLdprWithType -->
  <testcase name="conflictIfNotSupportingAclLink" time="0.026" classname="org.fcrepo.spec.testsuite.authz.WebACLinking">
    <failure type="java.lang.AssertionError" message="Response does not contain a link of rel type = http://www.w3.org/ns/ldp#constrainedBy">
      <![CDATA[java.lang.AssertionError: Response does not contain a link of rel type = http://www.w3.org/ns/ldp#constrainedBy
	at org.fcrepo.spec.testsuite.AbstractTest.confirmPresenceOfConstrainedByLink(AbstractTest.java:558)
	at org.fcrepo.spec.testsuite.authz.WebACLinking.conflictIfNotSupportingAclLink(WebACLinking.java:92)
	at org.fcrepo.spec.testsuite.App.main(App.java:309)
... Removed 23 stack frames]]>
    </failure>
  </testcase> <!-- conflictIfNotSupportingAclLink -->
  <testcase name="linkToAclOnCreation" time="0.027" classname="org.fcrepo.spec.testsuite.authz.WebACLinking">
    <skipped/>
  </testcase> <!-- linkToAclOnCreation -->
  <testcase name="appendAllowedPATCH" time="0.058" classname="org.fcrepo.spec.testsuite.authz.WebACModes">
    <failure type="java.lang.AssertionError" message="1 expectation failed.
Expected status code (a value equal to or greater than &amp;lt;200&amp;gt; and a value less than &amp;lt;300&amp;gt;) but a value less than &amp;lt;300&amp;gt; &amp;lt;403&amp;gt; was greater than &amp;lt;300&amp;gt;.
">
      <![CDATA[java.lang.AssertionError: 1 expectation failed.
Expected status code (a value equal to or greater than <200> and a value less than <300>) but a value less than <300> <403> was greater than <300>.

	at org.codehaus.groovy.runtime.callsite.ConstructorSite$ConstructorSiteNoUnwrap.callConstructor(ConstructorSite.java:84)
	at org.codehaus.groovy.runtime.callsite.AbstractCallSite.callConstructor(AbstractCallSite.java:247)
	at io.restassured.internal.ResponseSpecificationImpl$HamcrestAssertionClosure.validate(ResponseSpecificationImpl.groovy:483)
	at io.restassured.internal.ResponseSpecificationImpl$HamcrestAssertionClosure$validate$1.call(Unknown Source)
	at io.restassured.internal.ResponseSpecificationImpl.validateResponseIfRequired(ResponseSpecificationImpl.groovy:655)
	at org.codehaus.groovy.runtime.callsite.PogoMetaMethodSite$PogoCachedMethodSiteNoUnwrapNoCoerce.invoke(PogoMetaMethodSite.java:210)
	at org.codehaus.groovy.runtime.callsite.PogoMetaMethodSite.callCurrent(PogoMetaMethodSite.java:59)
	at org.codehaus.groovy.runtime.callsite.AbstractCallSite.callCurrent(AbstractCallSite.java:166)
	at io.restassured.internal.ResponseSpecificationImpl.statusCode(ResponseSpecificationImpl.groovy:123)
	at io.restassured.internal.ValidatableResponseOptionsImpl.statusCode(ValidatableResponseOptionsImpl.java:114)
	at org.fcrepo.spec.testsuite.AbstractTest.doPatch(AbstractTest.java:448)
	at org.fcrepo.spec.testsuite.authz.WebACModes.appendAllowedPATCH(WebACModes.java:294)
	at org.fcrepo.spec.testsuite.App.main(App.java:309)
... Removed 30 stack frames]]>
    </failure>
  </testcase> <!-- appendAllowedPATCH -->
  <testcase name="appendAllowedPOST" time="0.055" classname="org.fcrepo.spec.testsuite.authz.WebACModes">
    <failure type="java.lang.AssertionError" message="1 expectation failed.
Expected status code &amp;lt;201&amp;gt; but was &amp;lt;403&amp;gt;.
">
      <![CDATA[java.lang.AssertionError: 1 expectation failed.
Expected status code <201> but was <403>.

	at org.codehaus.groovy.runtime.callsite.ConstructorSite$ConstructorSiteNoUnwrap.callConstructor(ConstructorSite.java:84)
	at org.codehaus.groovy.runtime.callsite.AbstractCallSite.callConstructor(AbstractCallSite.java:247)
	at io.restassured.internal.ResponseSpecificationImpl$HamcrestAssertionClosure.validate(ResponseSpecificationImpl.groovy:483)
	at io.restassured.internal.ResponseSpecificationImpl$HamcrestAssertionClosure$validate$1.call(Unknown Source)
	at io.restassured.internal.ResponseSpecificationImpl.validateResponseIfRequired(ResponseSpecificationImpl.groovy:655)
	at org.codehaus.groovy.runtime.callsite.PogoMetaMethodSite$PogoCachedMethodSiteNoUnwrapNoCoerce.invoke(PogoMetaMethodSite.java:210)
	at org.codehaus.groovy.runtime.callsite.PogoMetaMethodSite.callCurrent(PogoMetaMethodSite.java:59)
	at org.codehaus.groovy.runtime.callsite.AbstractCallSite.callCurrent(AbstractCallSite.java:166)
	at io.restassured.internal.ResponseSpecificationImpl.statusCode(ResponseSpecificationImpl.groovy:123)
	at io.restassured.specification.ResponseSpecification$statusCode$0.callCurrent(Unknown Source)
	at io.restassured.internal.ResponseSpecificationImpl.statusCode(ResponseSpecificationImpl.groovy:131)
	at io.restassured.internal.ValidatableResponseOptionsImpl.statusCode(ValidatableResponseOptionsImpl.java:119)
	at org.fcrepo.spec.testsuite.AbstractTest.doPost(AbstractTest.java:270)
	at org.fcrepo.spec.testsuite.authz.WebACModes.appendAllowedPOST(WebACModes.java:270)
	at org.fcrepo.spec.testsuite.App.main(App.java:309)
... Removed 30 stack frames]]>
    </failure>
  </testcase> <!-- appendAllowedPOST -->
  <testcase name="appendDisallowed" time="0.051" classname="org.fcrepo.spec.testsuite.authz.WebACModes"/>
  <testcase name="appendNotWriteLdpCMust" time="0.051" classname="org.fcrepo.spec.testsuite.authz.WebACModes">
    <failure type="java.lang.AssertionError" message="1 expectation failed.
Expected status code &amp;lt;200&amp;gt; but was &amp;lt;403&amp;gt;.
">
      <![CDATA[java.lang.AssertionError: 1 expectation failed.
Expected status code <200> but was <403>.

	at org.codehaus.groovy.runtime.callsite.ConstructorSite$ConstructorSiteNoUnwrap.callConstructor(ConstructorSite.java:84)
	at org.codehaus.groovy.runtime.callsite.AbstractCallSite.callConstructor(AbstractCallSite.java:247)
	at io.restassured.internal.ResponseSpecificationImpl$HamcrestAssertionClosure.validate(ResponseSpecificationImpl.groovy:483)
	at io.restassured.internal.ResponseSpecificationImpl$HamcrestAssertionClosure$validate$1.call(Unknown Source)
	at io.restassured.internal.ResponseSpecificationImpl.validateResponseIfRequired(ResponseSpecificationImpl.groovy:655)
	at org.codehaus.groovy.runtime.callsite.PogoMetaMethodSite$PogoCachedMethodSiteNoUnwrapNoCoerce.invoke(PogoMetaMethodSite.java:210)
	at org.codehaus.groovy.runtime.callsite.PogoMetaMethodSite.callCurrent(PogoMetaMethodSite.java:59)
	at org.codehaus.groovy.runtime.callsite.AbstractCallSite.callCurrent(AbstractCallSite.java:166)
	at io.restassured.internal.ResponseSpecificationImpl.statusCode(ResponseSpecificationImpl.groovy:123)
	at io.restassured.specification.ResponseSpecification$statusCode$0.callCurrent(Unknown Source)
	at io.restassured.internal.ResponseSpecificationImpl.statusCode(ResponseSpecificationImpl.groovy:131)
	at io.restassured.internal.ValidatableResponseOptionsImpl.statusCode(ValidatableResponseOptionsImpl.java:119)
	at org.fcrepo.spec.testsuite.AbstractTest.doGet(AbstractTest.java:388)
	at org.fcrepo.spec.testsuite.authz.WebACModes.appendNotWriteLdpCMust(WebACModes.java:584)
	at org.fcrepo.spec.testsuite.App.main(App.java:309)
... Removed 30 stack frames]]>
    </failure>
  </testcase> <!-- appendNotWriteLdpCMust -->
  <testcase name="appendNotWriteLdpNr" time="0.096" classname="org.fcrepo.spec.testsuite.authz.WebACModes"/>
  <testcase name="appendNotWriteLdpRsMust" time="0.07" classname="org.fcrepo.spec.testsuite.authz.WebACModes"/>
  <testcase name="appendNotWriteLdpRsShould" time="0.05" classname="org.fcrepo.spec.testsuite.authz.WebACModes">
    <failure type="java.lang.AssertionError" message="1 expectation failed.
Expected status code &amp;lt;204&amp;gt; but was &amp;lt;403&amp;gt;.
">
      <![CDATA[java.lang.AssertionError: 1 expectation failed.
Expected status code <204> but was <403>.

	at org.codehaus.groovy.runtime.callsite.ConstructorSite$ConstructorSiteNoUnwrap.callConstructor(ConstructorSite.java:84)
	at org.codehaus.groovy.runtime.callsite.AbstractCallSite.callConstructor(AbstractCallSite.java:247)
	at io.restassured.internal.ResponseSpecificationImpl$HamcrestAssertionClosure.validate(ResponseSpecificationImpl.groovy:483)
	at io.restassured.internal.ResponseSpecificationImpl$HamcrestAssertionClosure$validate$1.call(Unknown Source)
	at io.restassured.internal.ResponseSpecificationImpl.validateResponseIfRequired(ResponseSpecificationImpl.groovy:655)
	at org.codehaus.groovy.runtime.callsite.PogoMetaMethodSite$PogoCachedMethodSiteNoUnwrapNoCoerce.invoke(PogoMetaMethodSite.java:210)
	at org.codehaus.groovy.runtime.callsite.PogoMetaMethodSite.callCurrent(PogoMetaMethodSite.java:59)
	at org.codehaus.groovy.runtime.callsite.AbstractCallSite.callCurrent(AbstractCallSite.java:166)
	at io.restassured.internal.ResponseSpecificationImpl.statusCode(ResponseSpecificationImpl.groovy:123)
	at io.restassured.specification.ResponseSpecification$statusCode$0.callCurrent(Unknown Source)
	at io.restassured.internal.ResponseSpecificationImpl.statusCode(ResponseSpecificationImpl.groovy:131)
	at io.restassured.internal.ValidatableResponseOptionsImpl.statusCode(ValidatableResponseOptionsImpl.java:119)
	at org.fcrepo.spec.testsuite.authz.WebACModes.appendNotWriteLdpRsShould(WebACModes.java:560)
	at org.fcrepo.spec.testsuite.App.main(App.java:309)
... Removed 30 stack frames]]>
    </failure>
  </testcase> <!-- appendNotWriteLdpRsShould -->
  <testcase name="appendNotWritePutToCreate" time="0.05" classname="org.fcrepo.spec.testsuite.authz.WebACModes">
    <failure type="java.lang.AssertionError" message="1 expectation failed.
Expected status code &amp;lt;201&amp;gt; but was &amp;lt;403&amp;gt;.
">
      <![CDATA[java.lang.AssertionError: 1 expectation failed.
Expected status code <201> but was <403>.

	at org.codehaus.groovy.runtime.callsite.ConstructorSite$ConstructorSiteNoUnwrap.callConstructor(ConstructorSite.java:84)
	at org.codehaus.groovy.runtime.callsite.AbstractCallSite.callConstructor(AbstractCallSite.java:247)
	at io.restassured.internal.ResponseSpecificationImpl$HamcrestAssertionClosure.validate(ResponseSpecificationImpl.groovy:483)
	at io.restassured.internal.ResponseSpecificationImpl$HamcrestAssertionClosure$validate$1.call(Unknown Source)
	at io.restassured.internal.ResponseSpecificationImpl.validateResponseIfRequired(ResponseSpecificationImpl.groovy:655)
	at org.codehaus.groovy.runtime.callsite.PogoMetaMethodSite$PogoCachedMethodSiteNoUnwrapNoCoerce.invoke(PogoMetaMethodSite.java:210)
	at org.codehaus.groovy.runtime.callsite.PogoMetaMethodSite.callCurrent(PogoMetaMethodSite.java:59)
	at org.codehaus.groovy.runtime.callsite.AbstractCallSite.callCurrent(AbstractCallSite.java:166)
	at io.restassured.internal.ResponseSpecificationImpl.statusCode(ResponseSpecificationImpl.groovy:123)
	at io.restassured.specification.ResponseSpecification$statusCode$0.callCurrent(Unknown Source)
	at io.restassured.internal.ResponseSpecificationImpl.statusCode(ResponseSpecificationImpl.groovy:131)
	at io.restassured.internal.ValidatableResponseOptionsImpl.statusCode(ValidatableResponseOptionsImpl.java:119)
	at org.fcrepo.spec.testsuite.authz.WebACModes.appendNotWritePutToCreate(WebACModes.java:537)
	at org.fcrepo.spec.testsuite.App.main(App.java:309)
... Removed 30 stack frames]]>
    </failure>
  </testcase> <!-- appendNotWritePutToCreate -->
  <testcase name="controlAllowedGET" time="0.049" classname="org.fcrepo.spec.testsuite.authz.WebACModes">
    <failure type="java.lang.AssertionError" message="1 expectation failed.
Expected status code &amp;lt;200&amp;gt; but was &amp;lt;403&amp;gt;.
">
      <![CDATA[java.lang.AssertionError: 1 expectation failed.
Expected status code <200> but was <403>.

	at org.codehaus.groovy.runtime.callsite.ConstructorSite$ConstructorSiteNoUnwrap.callConstructor(ConstructorSite.java:84)
	at org.codehaus.groovy.runtime.callsite.AbstractCallSite.callConstructor(AbstractCallSite.java:247)
	at io.restassured.internal.ResponseSpecificationImpl$HamcrestAssertionClosure.validate(ResponseSpecificationImpl.groovy:483)
	at io.restassured.internal.ResponseSpecificationImpl$HamcrestAssertionClosure$validate$1.call(Unknown Source)
	at io.restassured.internal.ResponseSpecificationImpl.validateResponseIfRequired(ResponseSpecificationImpl.groovy:655)
	at org.codehaus.groovy.runtime.callsite.PogoMetaMethodSite$PogoCachedMethodSiteNoUnwrapNoCoerce.invoke(PogoMetaMethodSite.java:210)
	at org.codehaus.groovy.runtime.callsite.PogoMetaMethodSite.callCurrent(PogoMetaMethodSite.java:59)
	at org.codehaus.groovy.runtime.callsite.AbstractCallSite.callCurrent(AbstractCallSite.java:166)
	at io.restassured.internal.ResponseSpecificationImpl.statusCode(ResponseSpecificationImpl.groovy:123)
	at io.restassured.specification.ResponseSpecification$statusCode$0.callCurrent(Unknown Source)
	at io.restassured.internal.ResponseSpecificationImpl.statusCode(ResponseSpecificationImpl.groovy:131)
	at io.restassured.internal.ValidatableResponseOptionsImpl.statusCode(ValidatableResponseOptionsImpl.java:119)
	at org.fcrepo.spec.testsuite.AbstractTest.doGet(AbstractTest.java:388)
	at org.fcrepo.spec.testsuite.authz.WebACModes.controlAllowedGET(WebACModes.java:339)
	at org.fcrepo.spec.testsuite.App.main(App.java:309)
... Removed 30 stack frames]]>
    </failure>
  </testcase> <!-- controlAllowedGET -->
  <testcase name="controlAllowedPATCH" time="0.054" classname="org.fcrepo.spec.testsuite.authz.WebACModes">
    <failure type="java.lang.AssertionError" message="1 expectation failed.
Expected status code (a value equal to or greater than &amp;lt;200&amp;gt; and a value less than &amp;lt;300&amp;gt;) but a value less than &amp;lt;300&amp;gt; &amp;lt;403&amp;gt; was greater than &amp;lt;300&amp;gt;.
">
      <![CDATA[java.lang.AssertionError: 1 expectation failed.
Expected status code (a value equal to or greater than <200> and a value less than <300>) but a value less than <300> <403> was greater than <300>.

	at org.codehaus.groovy.runtime.callsite.ConstructorSite$ConstructorSiteNoUnwrap.callConstructor(ConstructorSite.java:84)
	at org.codehaus.groovy.runtime.callsite.AbstractCallSite.callConstructor(AbstractCallSite.java:247)
	at io.restassured.internal.ResponseSpecificationImpl$HamcrestAssertionClosure.validate(ResponseSpecificationImpl.groovy:483)
	at io.restassured.internal.ResponseSpecificationImpl$HamcrestAssertionClosure$validate$1.call(Unknown Source)
	at io.restassured.internal.ResponseSpecificationImpl.validateResponseIfRequired(ResponseSpecificationImpl.groovy:655)
	at org.codehaus.groovy.runtime.callsite.PogoMetaMethodSite$PogoCachedMethodSiteNoUnwrapNoCoerce.invoke(PogoMetaMethodSite.java:210)
	at org.codehaus.groovy.runtime.callsite.PogoMetaMethodSite.callCurrent(PogoMetaMethodSite.java:59)
	at org.codehaus.groovy.runtime.callsite.AbstractCallSite.callCurrent(AbstractCallSite.java:166)
	at io.restassured.internal.ResponseSpecificationImpl.statusCode(ResponseSpecificationImpl.groovy:123)
	at io.restassured.internal.ValidatableResponseOptionsImpl.statusCode(ValidatableResponseOptionsImpl.java:114)
	at org.fcrepo.spec.testsuite.AbstractTest.doPatch(AbstractTest.java:448)
	at org.fcrepo.spec.testsuite.authz.WebACModes.controlAllowedPATCH(WebACModes.java:363)
	at org.fcrepo.spec.testsuite.App.main(App.java:309)
... Removed 30 stack frames]]>
    </failure>
  </testcase> <!-- controlAllowedPATCH -->
  <testcase name="controlAllowedPUT" time="0.07" classname="org.fcrepo.spec.testsuite.authz.WebACModes">
    <failure type="java.lang.AssertionError" message="1 expectation failed.
Expected status code (a value equal to or greater than &amp;lt;200&amp;gt; and a value less than &amp;lt;300&amp;gt;) but a value less than &amp;lt;300&amp;gt; &amp;lt;403&amp;gt; was greater than &amp;lt;300&amp;gt;.
">
      <![CDATA[java.lang.AssertionError: 1 expectation failed.
Expected status code (a value equal to or greater than <200> and a value less than <300>) but a value less than <300> <403> was greater than <300>.

	at org.codehaus.groovy.runtime.callsite.ConstructorSite$ConstructorSiteNoUnwrap.callConstructor(ConstructorSite.java:84)
	at org.codehaus.groovy.runtime.callsite.AbstractCallSite.callConstructor(AbstractCallSite.java:247)
	at io.restassured.internal.ResponseSpecificationImpl$HamcrestAssertionClosure.validate(ResponseSpecificationImpl.groovy:483)
	at io.restassured.internal.ResponseSpecificationImpl$HamcrestAssertionClosure$validate$1.call(Unknown Source)
	at io.restassured.internal.ResponseSpecificationImpl.validateResponseIfRequired(ResponseSpecificationImpl.groovy:655)
	at org.codehaus.groovy.runtime.callsite.PogoMetaMethodSite$PogoCachedMethodSiteNoUnwrapNoCoerce.invoke(PogoMetaMethodSite.java:210)
	at org.codehaus.groovy.runtime.callsite.PogoMetaMethodSite.callCurrent(PogoMetaMethodSite.java:59)
	at org.codehaus.groovy.runtime.callsite.AbstractCallSite.callCurrent(AbstractCallSite.java:166)
	at io.restassured.internal.ResponseSpecificationImpl.statusCode(ResponseSpecificationImpl.groovy:123)
	at io.restassured.internal.ValidatableResponseOptionsImpl.statusCode(ValidatableResponseOptionsImpl.java:114)
	at org.fcrepo.spec.testsuite.AbstractTest.doPatch(AbstractTest.java:448)
	at org.fcrepo.spec.testsuite.authz.WebACModes.controlAllowedPUT(WebACModes.java:396)
	at org.fcrepo.spec.testsuite.App.main(App.java:309)
... Removed 30 stack frames]]>
    </failure>
  </testcase> <!-- controlAllowedPUT -->
  <testcase name="controlDisallowedGET" time="0.054" classname="org.fcrepo.spec.testsuite.authz.WebACModes"/>
  <testcase name="controlDisallowedPATCH" time="0.048" classname="org.fcrepo.spec.testsuite.authz.WebACModes"/>
  <testcase name="controlDisallowedPUT" time="0.051" classname="org.fcrepo.spec.testsuite.authz.WebACModes">
    <failure type="java.lang.AssertionError" message="1 expectation failed.
Expected status code &amp;lt;201&amp;gt; but was &amp;lt;403&amp;gt;.
">
      <![CDATA[java.lang.AssertionError: 1 expectation failed.
Expected status code <201> but was <403>.

	at org.codehaus.groovy.runtime.callsite.ConstructorSite$ConstructorSiteNoUnwrap.callConstructor(ConstructorSite.java:84)
	at org.codehaus.groovy.runtime.callsite.AbstractCallSite.callConstructor(AbstractCallSite.java:247)
	at io.restassured.internal.ResponseSpecificationImpl$HamcrestAssertionClosure.validate(ResponseSpecificationImpl.groovy:483)
	at io.restassured.internal.ResponseSpecificationImpl$HamcrestAssertionClosure$validate$1.call(Unknown Source)
	at io.restassured.internal.ResponseSpecificationImpl.validateResponseIfRequired(ResponseSpecificationImpl.groovy:655)
	at org.codehaus.groovy.runtime.callsite.PogoMetaMethodSite$PogoCachedMethodSiteNoUnwrapNoCoerce.invoke(PogoMetaMethodSite.java:210)
	at org.codehaus.groovy.runtime.callsite.PogoMetaMethodSite.callCurrent(PogoMetaMethodSite.java:59)
	at org.codehaus.groovy.runtime.callsite.AbstractCallSite.callCurrent(AbstractCallSite.java:166)
	at io.restassured.internal.ResponseSpecificationImpl.statusCode(ResponseSpecificationImpl.groovy:123)
	at io.restassured.specification.ResponseSpecification$statusCode$0.callCurrent(Unknown Source)
	at io.restassured.internal.ResponseSpecificationImpl.statusCode(ResponseSpecificationImpl.groovy:131)
	at io.restassured.internal.ValidatableResponseOptionsImpl.statusCode(ValidatableResponseOptionsImpl.java:119)
	at org.fcrepo.spec.testsuite.authz.WebACModes.controlDisallowedPUT(WebACModes.java:464)
	at org.fcrepo.spec.testsuite.App.main(App.java:309)
... Removed 30 stack frames]]>
    </failure>
  </testcase> <!-- controlDisallowedPUT -->
  <testcase name="readAllowedGET" time="0.045" classname="org.fcrepo.spec.testsuite.authz.WebACModes">
    <failure type="java.lang.AssertionError" message="1 expectation failed.
Expected status code &amp;lt;200&amp;gt; but was &amp;lt;403&amp;gt;.
">
      <![CDATA[java.lang.AssertionError: 1 expectation failed.
Expected status code <200> but was <403>.

	at org.codehaus.groovy.runtime.callsite.ConstructorSite$ConstructorSiteNoUnwrap.callConstructor(ConstructorSite.java:84)
	at org.codehaus.groovy.runtime.callsite.AbstractCallSite.callConstructor(AbstractCallSite.java:247)
	at io.restassured.internal.ResponseSpecificationImpl$HamcrestAssertionClosure.validate(ResponseSpecificationImpl.groovy:483)
	at io.restassured.internal.ResponseSpecificationImpl$HamcrestAssertionClosure$validate$1.call(Unknown Source)
	at io.restassured.internal.ResponseSpecificationImpl.validateResponseIfRequired(ResponseSpecificationImpl.groovy:655)
	at org.codehaus.groovy.runtime.callsite.PogoMetaMethodSite$PogoCachedMethodSiteNoUnwrapNoCoerce.invoke(PogoMetaMethodSite.java:210)
	at org.codehaus.groovy.runtime.callsite.PogoMetaMethodSite.callCurrent(PogoMetaMethodSite.java:59)
	at org.codehaus.groovy.runtime.callsite.AbstractCallSite.callCurrent(AbstractCallSite.java:166)
	at io.restassured.internal.ResponseSpecificationImpl.statusCode(ResponseSpecificationImpl.groovy:123)
	at io.restassured.specification.ResponseSpecification$statusCode$0.callCurrent(Unknown Source)
	at io.restassured.internal.ResponseSpecificationImpl.statusCode(ResponseSpecificationImpl.groovy:131)
	at io.restassured.internal.ValidatableResponseOptionsImpl.statusCode(ValidatableResponseOptionsImpl.java:119)
	at org.fcrepo.spec.testsuite.AbstractTest.doGet(AbstractTest.java:388)
	at org.fcrepo.spec.testsuite.authz.WebACModes.readAllowedGET(WebACModes.java:68)
	at org.fcrepo.spec.testsuite.App.main(App.java:309)
... Removed 30 stack frames]]>
    </failure>
  </testcase> <!-- readAllowedGET -->
  <testcase name="readAllowedHEAD" time="0.047" classname="org.fcrepo.spec.testsuite.authz.WebACModes">
    <failure type="java.lang.AssertionError" message="1 expectation failed.
Expected status code &amp;lt;200&amp;gt; but was &amp;lt;403&amp;gt;.
">
      <![CDATA[java.lang.AssertionError: 1 expectation failed.
Expected status code <200> but was <403>.

	at org.codehaus.groovy.runtime.callsite.ConstructorSite$ConstructorSiteNoUnwrap.callConstructor(ConstructorSite.java:84)
	at org.codehaus.groovy.runtime.callsite.AbstractCallSite.callConstructor(AbstractCallSite.java:247)
	at io.restassured.internal.ResponseSpecificationImpl$HamcrestAssertionClosure.validate(ResponseSpecificationImpl.groovy:483)
	at io.restassured.internal.ResponseSpecificationImpl$HamcrestAssertionClosure$validate$1.call(Unknown Source)
	at io.restassured.internal.ResponseSpecificationImpl.validateResponseIfRequired(ResponseSpecificationImpl.groovy:655)
	at org.codehaus.groovy.runtime.callsite.PogoMetaMethodSite$PogoCachedMethodSiteNoUnwrapNoCoerce.invoke(PogoMetaMethodSite.java:210)
	at org.codehaus.groovy.runtime.callsite.PogoMetaMethodSite.callCurrent(PogoMetaMethodSite.java:59)
	at org.codehaus.groovy.runtime.callsite.AbstractCallSite.callCurrent(AbstractCallSite.java:166)
	at io.restassured.internal.ResponseSpecificationImpl.statusCode(ResponseSpecificationImpl.groovy:123)
	at io.restassured.specification.ResponseSpecification$statusCode$0.callCurrent(Unknown Source)
	at io.restassured.internal.ResponseSpecificationImpl.statusCode(ResponseSpecificationImpl.groovy:131)
	at io.restassured.internal.ValidatableResponseOptionsImpl.statusCode(ValidatableResponseOptionsImpl.java:119)
	at org.fcrepo.spec.testsuite.AbstractTest.doHead(AbstractTest.java:432)
	at org.fcrepo.spec.testsuite.authz.WebACModes.readAllowedHEAD(WebACModes.java:51)
	at org.fcrepo.spec.testsuite.App.main(App.java:309)
... Removed 30 stack frames]]>
    </failure>
  </testcase> <!-- readAllowedHEAD -->
  <testcase name="readDisallowed" time="0.045" classname="org.fcrepo.spec.testsuite.authz.WebACModes"/>
  <testcase name="writeAllowedDELETE" time="0.038" classname="org.fcrepo.spec.testsuite.authz.WebACModes">
    <failure type="java.lang.AssertionError" message="1 expectation failed.
Expected status code &amp;lt;204&amp;gt; but was &amp;lt;403&amp;gt;.
">
      <![CDATA[java.lang.AssertionError: 1 expectation failed.
Expected status code <204> but was <403>.

	at org.codehaus.groovy.runtime.callsite.ConstructorSite$ConstructorSiteNoUnwrap.callConstructor(ConstructorSite.java:84)
	at org.codehaus.groovy.runtime.callsite.AbstractCallSite.callConstructor(AbstractCallSite.java:247)
	at io.restassured.internal.ResponseSpecificationImpl$HamcrestAssertionClosure.validate(ResponseSpecificationImpl.groovy:483)
	at io.restassured.internal.ResponseSpecificationImpl$HamcrestAssertionClosure$validate$1.call(Unknown Source)
	at io.restassured.internal.ResponseSpecificationImpl.validateResponseIfRequired(ResponseSpecificationImpl.groovy:655)
	at org.codehaus.groovy.runtime.callsite.PogoMetaMethodSite$PogoCachedMethodSiteNoUnwrapNoCoerce.invoke(PogoMetaMethodSite.java:210)
	at org.codehaus.groovy.runtime.callsite.PogoMetaMethodSite.callCurrent(PogoMetaMethodSite.java:59)
	at org.codehaus.groovy.runtime.callsite.AbstractCallSite.callCurrent(AbstractCallSite.java:166)
	at io.restassured.internal.ResponseSpecificationImpl.statusCode(ResponseSpecificationImpl.groovy:123)
	at io.restassured.specification.ResponseSpecification$statusCode$0.callCurrent(Unknown Source)
	at io.restassured.internal.ResponseSpecificationImpl.statusCode(ResponseSpecificationImpl.groovy:131)
	at io.restassured.internal.ValidatableResponseOptionsImpl.statusCode(ValidatableResponseOptionsImpl.java:119)
	at org.fcrepo.spec.testsuite.AbstractTest.doDelete(AbstractTest.java:420)
	at org.fcrepo.spec.testsuite.authz.WebACModes.writeAllowedDELETE(WebACModes.java:148)
	at org.fcrepo.spec.testsuite.App.main(App.java:309)
... Removed 30 stack frames]]>
    </failure>
  </testcase> <!-- writeAllowedDELETE -->
  <testcase name="writeAllowedPATCH" time="0.031" classname="org.fcrepo.spec.testsuite.authz.WebACModes">
    <failure type="java.lang.AssertionError" message="1 expectation failed.
Expected status code (a value equal to or greater than &amp;lt;200&amp;gt; and a value less than &amp;lt;300&amp;gt;) but a value less than &amp;lt;300&amp;gt; &amp;lt;403&amp;gt; was greater than &amp;lt;300&amp;gt;.
">
      <![CDATA[java.lang.AssertionError: 1 expectation failed.
Expected status code (a value equal to or greater than <200> and a value less than <300>) but a value less than <300> <403> was greater than <300>.

	at org.codehaus.groovy.runtime.callsite.ConstructorSite$ConstructorSiteNoUnwrap.callConstructor(ConstructorSite.java:84)
	at org.codehaus.groovy.runtime.callsite.AbstractCallSite.callConstructor(AbstractCallSite.java:247)
	at io.restassured.internal.ResponseSpecificationImpl$HamcrestAssertionClosure.validate(ResponseSpecificationImpl.groovy:483)
	at io.restassured.internal.ResponseSpecificationImpl$HamcrestAssertionClosure$validate$1.call(Unknown Source)
	at io.restassured.internal.ResponseSpecificationImpl.validateResponseIfRequired(ResponseSpecificationImpl.groovy:655)
	at org.codehaus.groovy.runtime.callsite.PogoMetaMethodSite$PogoCachedMethodSiteNoUnwrapNoCoerce.invoke(PogoMetaMethodSite.java:210)
	at org.codehaus.groovy.runtime.callsite.PogoMetaMethodSite.callCurrent(PogoMetaMethodSite.java:59)
	at org.codehaus.groovy.runtime.callsite.AbstractCallSite.callCurrent(AbstractCallSite.java:166)
	at io.restassured.internal.ResponseSpecificationImpl.statusCode(ResponseSpecificationImpl.groovy:123)
	at io.restassured.internal.ValidatableResponseOptionsImpl.statusCode(ValidatableResponseOptionsImpl.java:114)
	at org.fcrepo.spec.testsuite.AbstractTest.doPatch(AbstractTest.java:448)
	at org.fcrepo.spec.testsuite.authz.WebACModes.writeAllowedPATCH(WebACModes.java:171)
	at org.fcrepo.spec.testsuite.App.main(App.java:309)
... Removed 30 stack frames]]>
    </failure>
  </testcase> <!-- writeAllowedPATCH -->
  <testcase name="writeAllowedPOST" time="0.033" classname="org.fcrepo.spec.testsuite.authz.WebACModes">
    <failure type="java.lang.AssertionError" message="1 expectation failed.
Expected status code &amp;lt;201&amp;gt; but was &amp;lt;403&amp;gt;.
">
      <![CDATA[java.lang.AssertionError: 1 expectation failed.
Expected status code <201> but was <403>.

	at org.codehaus.groovy.runtime.callsite.ConstructorSite$ConstructorSiteNoUnwrap.callConstructor(ConstructorSite.java:84)
	at org.codehaus.groovy.runtime.callsite.AbstractCallSite.callConstructor(AbstractCallSite.java:247)
	at io.restassured.internal.ResponseSpecificationImpl$HamcrestAssertionClosure.validate(ResponseSpecificationImpl.groovy:483)
	at io.restassured.internal.ResponseSpecificationImpl$HamcrestAssertionClosure$validate$1.call(Unknown Source)
	at io.restassured.internal.ResponseSpecificationImpl.validateResponseIfRequired(ResponseSpecificationImpl.groovy:655)
	at org.codehaus.groovy.runtime.callsite.PogoMetaMethodSite$PogoCachedMethodSiteNoUnwrapNoCoerce.invoke(PogoMetaMethodSite.java:210)
	at org.codehaus.groovy.runtime.callsite.PogoMetaMethodSite.callCurrent(PogoMetaMethodSite.java:59)
	at org.codehaus.groovy.runtime.callsite.AbstractCallSite.callCurrent(AbstractCallSite.java:166)
	at io.restassured.internal.ResponseSpecificationImpl.statusCode(ResponseSpecificationImpl.groovy:123)
	at io.restassured.specification.ResponseSpecification$statusCode$0.callCurrent(Unknown Source)
	at io.restassured.internal.ResponseSpecificationImpl.statusCode(ResponseSpecificationImpl.groovy:131)
	at io.restassured.internal.ValidatableResponseOptionsImpl.statusCode(ValidatableResponseOptionsImpl.java:119)
	at org.fcrepo.spec.testsuite.AbstractTest.doPost(AbstractTest.java:270)
	at org.fcrepo.spec.testsuite.authz.WebACModes.writeAllowedPOST(WebACModes.java:130)
	at org.fcrepo.spec.testsuite.App.main(App.java:309)
... Removed 30 stack frames]]>
    </failure>
  </testcase> <!-- writeAllowedPOST -->
  <testcase name="writeAllowedPUT" time="0.04" classname="org.fcrepo.spec.testsuite.authz.WebACModes">
    <failure type="java.lang.AssertionError" message="1 expectation failed.
Expected status code &amp;lt;201&amp;gt; but was &amp;lt;403&amp;gt;.
">
      <![CDATA[java.lang.AssertionError: 1 expectation failed.
Expected status code <201> but was <403>.

	at org.codehaus.groovy.runtime.callsite.ConstructorSite$ConstructorSiteNoUnwrap.callConstructor(ConstructorSite.java:84)
	at org.codehaus.groovy.runtime.callsite.AbstractCallSite.callConstructor(AbstractCallSite.java:247)
	at io.restassured.internal.ResponseSpecificationImpl$HamcrestAssertionClosure.validate(ResponseSpecificationImpl.groovy:483)
	at io.restassured.internal.ResponseSpecificationImpl$HamcrestAssertionClosure$validate$1.call(Unknown Source)
	at io.restassured.internal.ResponseSpecificationImpl.validateResponseIfRequired(ResponseSpecificationImpl.groovy:655)
	at org.codehaus.groovy.runtime.callsite.PogoMetaMethodSite$PogoCachedMethodSiteNoUnwrapNoCoerce.invoke(PogoMetaMethodSite.java:210)
	at org.codehaus.groovy.runtime.callsite.PogoMetaMethodSite.callCurrent(PogoMetaMethodSite.java:59)
	at org.codehaus.groovy.runtime.callsite.AbstractCallSite.callCurrent(AbstractCallSite.java:166)
	at io.restassured.internal.ResponseSpecificationImpl.statusCode(ResponseSpecificationImpl.groovy:123)
	at io.restassured.specification.ResponseSpecification$statusCode$0.callCurrent(Unknown Source)
	at io.restassured.internal.ResponseSpecificationImpl.statusCode(ResponseSpecificationImpl.groovy:131)
	at io.restassured.internal.ValidatableResponseOptionsImpl.statusCode(ValidatableResponseOptionsImpl.java:119)
	at org.fcrepo.spec.testsuite.authz.WebACModes.writeAllowedPUT(WebACModes.java:111)
	at org.fcrepo.spec.testsuite.App.main(App.java:309)
... Removed 30 stack frames]]>
    </failure>
  </testcase> <!-- writeAllowedPUT -->
  <testcase name="writeDisallowedDelete" time="0.037" classname="org.fcrepo.spec.testsuite.authz.WebACModes"/>
  <testcase name="writeDisallowedPatch" time="0.037" classname="org.fcrepo.spec.testsuite.authz.WebACModes"/>
  <testcase name="writeDisallowedPost" time="0.036" classname="org.fcrepo.spec.testsuite.authz.WebACModes"/>
  <testcase name="writeDisallowedPut" time="0.043" classname="org.fcrepo.spec.testsuite.authz.WebACModes"/>
  <testcase name="aclOnSameServer" time="0.029" classname="org.fcrepo.spec.testsuite.authz.WebACLinkHeaders"/>
  <testcase name="linkToAclExisting" time="0.075" classname="org.fcrepo.spec.testsuite.authz.WebACLinkHeaders"/>
  <testcase name="linkToAclNonexisting" time="0.026" classname="org.fcrepo.spec.testsuite.authz.WebACLinkHeaders"/>
  <testcase name="accessDenied" time="0.037" classname="org.fcrepo.spec.testsuite.authz.WebACRepresentation"/>
  <testcase name="aclExamined" time="0.038" classname="org.fcrepo.spec.testsuite.authz.WebACRepresentation">
    <failure type="java.lang.AssertionError" message="1 expectation failed.
Expected status code &amp;lt;200&amp;gt; but was &amp;lt;403&amp;gt;.
">
      <![CDATA[java.lang.AssertionError: 1 expectation failed.
Expected status code <200> but was <403>.

	at org.codehaus.groovy.runtime.callsite.ConstructorSite$ConstructorSiteNoUnwrap.callConstructor(ConstructorSite.java:84)
	at org.codehaus.groovy.runtime.callsite.AbstractCallSite.callConstructor(AbstractCallSite.java:247)
	at io.restassured.internal.ResponseSpecificationImpl$HamcrestAssertionClosure.validate(ResponseSpecificationImpl.groovy:483)
	at io.restassured.internal.ResponseSpecificationImpl$HamcrestAssertionClosure$validate$1.call(Unknown Source)
	at io.restassured.internal.ResponseSpecificationImpl.validateResponseIfRequired(ResponseSpecificationImpl.groovy:655)
	at org.codehaus.groovy.runtime.callsite.PogoMetaMethodSite$PogoCachedMethodSiteNoUnwrapNoCoerce.invoke(PogoMetaMethodSite.java:210)
	at org.codehaus.groovy.runtime.callsite.PogoMetaMethodSite.callCurrent(PogoMetaMethodSite.java:59)
	at org.codehaus.groovy.runtime.callsite.AbstractCallSite.callCurrent(AbstractCallSite.java:166)
	at io.restassured.internal.ResponseSpecificationImpl.statusCode(ResponseSpecificationImpl.groovy:123)
	at io.restassured.specification.ResponseSpecification$statusCode$0.callCurrent(Unknown Source)
	at io.restassured.internal.ResponseSpecificationImpl.statusCode(ResponseSpecificationImpl.groovy:131)
	at io.restassured.internal.ValidatableResponseOptionsImpl.statusCode(ValidatableResponseOptionsImpl.java:119)
	at org.fcrepo.spec.testsuite.AbstractTest.doGet(AbstractTest.java:388)
	at org.fcrepo.spec.testsuite.authz.WebACRepresentation.aclExamined(WebACRepresentation.java:121)
	at org.fcrepo.spec.testsuite.App.main(App.java:309)
... Removed 30 stack frames]]>
    </failure>
  </testcase> <!-- aclExamined -->
  <testcase name="aclRepresentation" time="0.038" classname="org.fcrepo.spec.testsuite.authz.WebACRepresentation">
    <failure type="java.lang.AssertionError" message="1 expectation failed.
Expected status code &amp;lt;200&amp;gt; but was &amp;lt;403&amp;gt;.
">
      <![CDATA[java.lang.AssertionError: 1 expectation failed.
Expected status code <200> but was <403>.

	at org.codehaus.groovy.runtime.callsite.ConstructorSite$ConstructorSiteNoUnwrap.callConstructor(ConstructorSite.java:84)
	at org.codehaus.groovy.runtime.callsite.AbstractCallSite.callConstructor(AbstractCallSite.java:247)
	at io.restassured.internal.ResponseSpecificationImpl$HamcrestAssertionClosure.validate(ResponseSpecificationImpl.groovy:483)
	at io.restassured.internal.ResponseSpecificationImpl$HamcrestAssertionClosure$validate$1.call(Unknown Source)
	at io.restassured.internal.ResponseSpecificationImpl.validateResponseIfRequired(ResponseSpecificationImpl.groovy:655)
	at org.codehaus.groovy.runtime.callsite.PogoMetaMethodSite$PogoCachedMethodSiteNoUnwrapNoCoerce.invoke(PogoMetaMethodSite.java:210)
	at org.codehaus.groovy.runtime.callsite.PogoMetaMethodSite.callCurrent(PogoMetaMethodSite.java:59)
	at org.codehaus.groovy.runtime.callsite.AbstractCallSite.callCurrent(AbstractCallSite.java:166)
	at io.restassured.internal.ResponseSpecificationImpl.statusCode(ResponseSpecificationImpl.groovy:123)
	at io.restassured.specification.ResponseSpecification$statusCode$0.callCurrent(Unknown Source)
	at io.restassured.internal.ResponseSpecificationImpl.statusCode(ResponseSpecificationImpl.groovy:131)
	at io.restassured.internal.ValidatableResponseOptionsImpl.statusCode(ValidatableResponseOptionsImpl.java:119)
	at org.fcrepo.spec.testsuite.AbstractTest.doGet(AbstractTest.java:388)
	at org.fcrepo.spec.testsuite.authz.WebACRepresentation.aclRepresentation(WebACRepresentation.java:51)
	at org.fcrepo.spec.testsuite.App.main(App.java:309)
... Removed 30 stack frames]]>
    </failure>
  </testcase> <!-- aclRepresentation -->
  <testcase name="dereferencingGroups" time="0.06" classname="org.fcrepo.spec.testsuite.authz.WebACRepresentation">
    <failure type="java.lang.AssertionError" message="1 expectation failed.
Expected status code &amp;lt;200&amp;gt; but was &amp;lt;403&amp;gt;.
">
      <![CDATA[java.lang.AssertionError: 1 expectation failed.
Expected status code <200> but was <403>.

	at org.codehaus.groovy.runtime.callsite.ConstructorSite$ConstructorSiteNoUnwrap.callConstructor(ConstructorSite.java:84)
	at org.codehaus.groovy.runtime.callsite.AbstractCallSite.callConstructor(AbstractCallSite.java:247)
	at io.restassured.internal.ResponseSpecificationImpl$HamcrestAssertionClosure.validate(ResponseSpecificationImpl.groovy:483)
	at io.restassured.internal.ResponseSpecificationImpl$HamcrestAssertionClosure$validate$1.call(Unknown Source)
	at io.restassured.internal.ResponseSpecificationImpl.validateResponseIfRequired(ResponseSpecificationImpl.groovy:655)
	at org.codehaus.groovy.runtime.callsite.PogoMetaMethodSite$PogoCachedMethodSiteNoUnwrapNoCoerce.invoke(PogoMetaMethodSite.java:210)
	at org.codehaus.groovy.runtime.callsite.PogoMetaMethodSite.callCurrent(PogoMetaMethodSite.java:59)
	at org.codehaus.groovy.runtime.callsite.AbstractCallSite.callCurrent(AbstractCallSite.java:166)
	at io.restassured.internal.ResponseSpecificationImpl.statusCode(ResponseSpecificationImpl.groovy:123)
	at io.restassured.specification.ResponseSpecification$statusCode$0.callCurrent(Unknown Source)
	at io.restassured.internal.ResponseSpecificationImpl.statusCode(ResponseSpecificationImpl.groovy:131)
	at io.restassured.internal.ValidatableResponseOptionsImpl.statusCode(ValidatableResponseOptionsImpl.java:119)
	at org.fcrepo.spec.testsuite.AbstractTest.doGet(AbstractTest.java:388)
	at org.fcrepo.spec.testsuite.authz.WebACRepresentation.dereferencingGroups(WebACRepresentation.java:104)
	at org.fcrepo.spec.testsuite.App.main(App.java:309)
... Removed 30 stack frames]]>
    </failure>
  </testcase> <!-- dereferencingGroups -->
  <testcase name="onlyAuthorizationStatementsUsed" time="0.046" classname="org.fcrepo.spec.testsuite.authz.WebACRepresentation"/>
  <testcase name="aclIsLDPRS" time="0.056" classname="org.fcrepo.spec.testsuite.authz.WebACRdfSources"/>
  <testcase name="agentAll" time="0.04" classname="org.fcrepo.spec.testsuite.authz.WebACGeneral">
    <failure type="java.lang.AssertionError" message="1 expectation failed.
Expected status code &amp;lt;200&amp;gt; but was &amp;lt;403&amp;gt;.
">
      <![CDATA[java.lang.AssertionError: 1 expectation failed.
Expected status code <200> but was <403>.

	at org.codehaus.groovy.runtime.callsite.ConstructorSite$ConstructorSiteNoUnwrap.callConstructor(ConstructorSite.java:84)
	at org.codehaus.groovy.runtime.callsite.AbstractCallSite.callConstructor(AbstractCallSite.java:247)
	at io.restassured.internal.ResponseSpecificationImpl$HamcrestAssertionClosure.validate(ResponseSpecificationImpl.groovy:483)
	at io.restassured.internal.ResponseSpecificationImpl$HamcrestAssertionClosure$validate$1.call(Unknown Source)
	at io.restassured.internal.ResponseSpecificationImpl.validateResponseIfRequired(ResponseSpecificationImpl.groovy:655)
	at org.codehaus.groovy.runtime.callsite.PogoMetaMethodSite$PogoCachedMethodSiteNoUnwrapNoCoerce.invoke(PogoMetaMethodSite.java:210)
	at org.codehaus.groovy.runtime.callsite.PogoMetaMethodSite.callCurrent(PogoMetaMethodSite.java:59)
	at org.codehaus.groovy.runtime.callsite.AbstractCallSite.callCurrent(AbstractCallSite.java:166)
	at io.restassured.internal.ResponseSpecificationImpl.statusCode(ResponseSpecificationImpl.groovy:123)
	at io.restassured.specification.ResponseSpecification$statusCode$0.callCurrent(Unknown Source)
	at io.restassured.internal.ResponseSpecificationImpl.statusCode(ResponseSpecificationImpl.groovy:131)
	at io.restassured.internal.ValidatableResponseOptionsImpl.statusCode(ValidatableResponseOptionsImpl.java:119)
	at org.fcrepo.spec.testsuite.AbstractTest.doGet(AbstractTest.java:388)
	at org.fcrepo.spec.testsuite.authz.WebACGeneral.agentAll(WebACGeneral.java:148)
	at org.fcrepo.spec.testsuite.App.main(App.java:309)
... Removed 30 stack frames]]>
    </failure>
  </testcase> <!-- agentAll -->
  <testcase name="agentDouble" time="0.04" classname="org.fcrepo.spec.testsuite.authz.WebACGeneral">
    <failure type="java.lang.AssertionError" message="1 expectation failed.
Expected status code &amp;lt;200&amp;gt; but was &amp;lt;403&amp;gt;.
">
      <![CDATA[java.lang.AssertionError: 1 expectation failed.
Expected status code <200> but was <403>.

	at org.codehaus.groovy.runtime.callsite.ConstructorSite$ConstructorSiteNoUnwrap.callConstructor(ConstructorSite.java:84)
	at org.codehaus.groovy.runtime.callsite.AbstractCallSite.callConstructor(AbstractCallSite.java:247)
	at io.restassured.internal.ResponseSpecificationImpl$HamcrestAssertionClosure.validate(ResponseSpecificationImpl.groovy:483)
	at io.restassured.internal.ResponseSpecificationImpl$HamcrestAssertionClosure$validate$1.call(Unknown Source)
	at io.restassured.internal.ResponseSpecificationImpl.validateResponseIfRequired(ResponseSpecificationImpl.groovy:655)
	at org.codehaus.groovy.runtime.callsite.PogoMetaMethodSite$PogoCachedMethodSiteNoUnwrapNoCoerce.invoke(PogoMetaMethodSite.java:210)
	at org.codehaus.groovy.runtime.callsite.PogoMetaMethodSite.callCurrent(PogoMetaMethodSite.java:59)
	at org.codehaus.groovy.runtime.callsite.AbstractCallSite.callCurrent(AbstractCallSite.java:166)
	at io.restassured.internal.ResponseSpecificationImpl.statusCode(ResponseSpecificationImpl.groovy:123)
	at io.restassured.specification.ResponseSpecification$statusCode$0.callCurrent(Unknown Source)
	at io.restassured.internal.ResponseSpecificationImpl.statusCode(ResponseSpecificationImpl.groovy:131)
	at io.restassured.internal.ValidatableResponseOptionsImpl.statusCode(ValidatableResponseOptionsImpl.java:119)
	at org.fcrepo.spec.testsuite.AbstractTest.doGet(AbstractTest.java:388)
	at org.fcrepo.spec.testsuite.authz.WebACGeneral.agentDouble(WebACGeneral.java:65)
	at org.fcrepo.spec.testsuite.App.main(App.java:309)
... Removed 30 stack frames]]>
    </failure>
  </testcase> <!-- agentDouble -->
  <testcase name="agentGroup" time="0.064" classname="org.fcrepo.spec.testsuite.authz.WebACGeneral">
    <failure type="java.lang.AssertionError" message="1 expectation failed.
Expected status code &amp;lt;200&amp;gt; but was &amp;lt;403&amp;gt;.
">
      <![CDATA[java.lang.AssertionError: 1 expectation failed.
Expected status code <200> but was <403>.

	at org.codehaus.groovy.runtime.callsite.ConstructorSite$ConstructorSiteNoUnwrap.callConstructor(ConstructorSite.java:84)
	at org.codehaus.groovy.runtime.callsite.AbstractCallSite.callConstructor(AbstractCallSite.java:247)
	at io.restassured.internal.ResponseSpecificationImpl$HamcrestAssertionClosure.validate(ResponseSpecificationImpl.groovy:483)
	at io.restassured.internal.ResponseSpecificationImpl$HamcrestAssertionClosure$validate$1.call(Unknown Source)
	at io.restassured.internal.ResponseSpecificationImpl.validateResponseIfRequired(ResponseSpecificationImpl.groovy:655)
	at org.codehaus.groovy.runtime.callsite.PogoMetaMethodSite$PogoCachedMethodSiteNoUnwrapNoCoerce.invoke(PogoMetaMethodSite.java:210)
	at org.codehaus.groovy.runtime.callsite.PogoMetaMethodSite.callCurrent(PogoMetaMethodSite.java:59)
	at org.codehaus.groovy.runtime.callsite.AbstractCallSite.callCurrent(AbstractCallSite.java:166)
	at io.restassured.internal.ResponseSpecificationImpl.statusCode(ResponseSpecificationImpl.groovy:123)
	at io.restassured.specification.ResponseSpecification$statusCode$0.callCurrent(Unknown Source)
	at io.restassured.internal.ResponseSpecificationImpl.statusCode(ResponseSpecificationImpl.groovy:131)
	at io.restassured.internal.ValidatableResponseOptionsImpl.statusCode(ValidatableResponseOptionsImpl.java:119)
	at org.fcrepo.spec.testsuite.AbstractTest.doGet(AbstractTest.java:388)
	at org.fcrepo.spec.testsuite.authz.WebACGeneral.agentGroup(WebACGeneral.java:98)
	at org.fcrepo.spec.testsuite.App.main(App.java:309)
... Removed 30 stack frames]]>
    </failure>
  </testcase> <!-- agentGroup -->
  <testcase name="agentGroupWithHashUris" time="0.055" classname="org.fcrepo.spec.testsuite.authz.WebACGeneral">
    <failure type="java.lang.AssertionError" message="1 expectation failed.
Expected status code &amp;lt;200&amp;gt; but was &amp;lt;403&amp;gt;.
">
      <![CDATA[java.lang.AssertionError: 1 expectation failed.
Expected status code <200> but was <403>.

	at org.codehaus.groovy.runtime.callsite.ConstructorSite$ConstructorSiteNoUnwrap.callConstructor(ConstructorSite.java:84)
	at org.codehaus.groovy.runtime.callsite.AbstractCallSite.callConstructor(AbstractCallSite.java:247)
	at io.restassured.internal.ResponseSpecificationImpl$HamcrestAssertionClosure.validate(ResponseSpecificationImpl.groovy:483)
	at io.restassured.internal.ResponseSpecificationImpl$HamcrestAssertionClosure$validate$1.call(Unknown Source)
	at io.restassured.internal.ResponseSpecificationImpl.validateResponseIfRequired(ResponseSpecificationImpl.groovy:655)
	at org.codehaus.groovy.runtime.callsite.PogoMetaMethodSite$PogoCachedMethodSiteNoUnwrapNoCoerce.invoke(PogoMetaMethodSite.java:210)
	at org.codehaus.groovy.runtime.callsite.PogoMetaMethodSite.callCurrent(PogoMetaMethodSite.java:59)
	at org.codehaus.groovy.runtime.callsite.AbstractCallSite.callCurrent(AbstractCallSite.java:166)
	at io.restassured.internal.ResponseSpecificationImpl.statusCode(ResponseSpecificationImpl.groovy:123)
	at io.restassured.specification.ResponseSpecification$statusCode$0.callCurrent(Unknown Source)
	at io.restassured.internal.ResponseSpecificationImpl.statusCode(ResponseSpecificationImpl.groovy:131)
	at io.restassured.internal.ValidatableResponseOptionsImpl.statusCode(ValidatableResponseOptionsImpl.java:119)
	at org.fcrepo.spec.testsuite.AbstractTest.doGet(AbstractTest.java:388)
	at org.fcrepo.spec.testsuite.authz.WebACGeneral.agentGroupWithHashUris(WebACGeneral.java:131)
	at org.fcrepo.spec.testsuite.App.main(App.java:309)
... Removed 30 stack frames]]>
    </failure>
  </testcase> <!-- agentGroupWithHashUris -->
  <testcase name="agentSingle" time="0.032" classname="org.fcrepo.spec.testsuite.authz.WebACGeneral">
    <failure type="java.lang.AssertionError" message="1 expectation failed.
Expected status code &amp;lt;200&amp;gt; but was &amp;lt;403&amp;gt;.
">
      <![CDATA[java.lang.AssertionError: 1 expectation failed.
Expected status code <200> but was <403>.

	at org.codehaus.groovy.runtime.callsite.ConstructorSite$ConstructorSiteNoUnwrap.callConstructor(ConstructorSite.java:84)
	at org.codehaus.groovy.runtime.callsite.AbstractCallSite.callConstructor(AbstractCallSite.java:247)
	at io.restassured.internal.ResponseSpecificationImpl$HamcrestAssertionClosure.validate(ResponseSpecificationImpl.groovy:483)
	at io.restassured.internal.ResponseSpecificationImpl$HamcrestAssertionClosure$validate$1.call(Unknown Source)
	at io.restassured.internal.ResponseSpecificationImpl.validateResponseIfRequired(ResponseSpecificationImpl.groovy:655)
	at org.codehaus.groovy.runtime.callsite.PogoMetaMethodSite$PogoCachedMethodSiteNoUnwrapNoCoerce.invoke(PogoMetaMethodSite.java:210)
	at org.codehaus.groovy.runtime.callsite.PogoMetaMethodSite.callCurrent(PogoMetaMethodSite.java:59)
	at org.codehaus.groovy.runtime.callsite.AbstractCallSite.callCurrent(AbstractCallSite.java:166)
	at io.restassured.internal.ResponseSpecificationImpl.statusCode(ResponseSpecificationImpl.groovy:123)
	at io.restassured.specification.ResponseSpecification$statusCode$0.callCurrent(Unknown Source)
	at io.restassured.internal.ResponseSpecificationImpl.statusCode(ResponseSpecificationImpl.groovy:131)
	at io.restassured.internal.ValidatableResponseOptionsImpl.statusCode(ValidatableResponseOptionsImpl.java:119)
	at org.fcrepo.spec.testsuite.AbstractTest.doGet(AbstractTest.java:388)
	at org.fcrepo.spec.testsuite.authz.WebACGeneral.agentSingle(WebACGeneral.java:50)
	at org.fcrepo.spec.testsuite.App.main(App.java:309)
... Removed 30 stack frames]]>
    </failure>
  </testcase> <!-- agentSingle -->
  <testcase name="allAuthenticatedAgents" time="0.035" classname="org.fcrepo.spec.testsuite.authz.WebACGeneral">
    <failure type="java.lang.AssertionError" message="1 expectation failed.
Expected status code &amp;lt;200&amp;gt; but was &amp;lt;403&amp;gt;.
">
      <![CDATA[java.lang.AssertionError: 1 expectation failed.
Expected status code <200> but was <403>.

	at org.codehaus.groovy.runtime.callsite.ConstructorSite$ConstructorSiteNoUnwrap.callConstructor(ConstructorSite.java:84)
	at org.codehaus.groovy.runtime.callsite.AbstractCallSite.callConstructor(AbstractCallSite.java:247)
	at io.restassured.internal.ResponseSpecificationImpl$HamcrestAssertionClosure.validate(ResponseSpecificationImpl.groovy:483)
	at io.restassured.internal.ResponseSpecificationImpl$HamcrestAssertionClosure$validate$1.call(Unknown Source)
	at io.restassured.internal.ResponseSpecificationImpl.validateResponseIfRequired(ResponseSpecificationImpl.groovy:655)
	at org.codehaus.groovy.runtime.callsite.PogoMetaMethodSite$PogoCachedMethodSiteNoUnwrapNoCoerce.invoke(PogoMetaMethodSite.java:210)
	at org.codehaus.groovy.runtime.callsite.PogoMetaMethodSite.callCurrent(PogoMetaMethodSite.java:59)
	at org.codehaus.groovy.runtime.callsite.AbstractCallSite.callCurrent(AbstractCallSite.java:166)
	at io.restassured.internal.ResponseSpecificationImpl.statusCode(ResponseSpecificationImpl.groovy:123)
	at io.restassured.specification.ResponseSpecification$statusCode$0.callCurrent(Unknown Source)
	at io.restassured.internal.ResponseSpecificationImpl.statusCode(ResponseSpecificationImpl.groovy:131)
	at io.restassured.internal.ValidatableResponseOptionsImpl.statusCode(ValidatableResponseOptionsImpl.java:119)
	at org.fcrepo.spec.testsuite.AbstractTest.doGet(AbstractTest.java:388)
	at org.fcrepo.spec.testsuite.authz.WebACGeneral.allAuthenticatedAgents(WebACGeneral.java:166)
	at org.fcrepo.spec.testsuite.App.main(App.java:309)
... Removed 30 stack frames]]>
    </failure>
  </testcase> <!-- allAuthenticatedAgents -->
  <testcase name="resourceSingle" time="0.054" classname="org.fcrepo.spec.testsuite.authz.WebACGeneral">
    <failure type="java.lang.AssertionError" message="1 expectation failed.
Expected status code &amp;lt;200&amp;gt; but was &amp;lt;403&amp;gt;.
">
      <![CDATA[java.lang.AssertionError: 1 expectation failed.
Expected status code <200> but was <403>.

	at org.codehaus.groovy.runtime.callsite.ConstructorSite$ConstructorSiteNoUnwrap.callConstructor(ConstructorSite.java:84)
	at org.codehaus.groovy.runtime.callsite.AbstractCallSite.callConstructor(AbstractCallSite.java:247)
	at io.restassured.internal.ResponseSpecificationImpl$HamcrestAssertionClosure.validate(ResponseSpecificationImpl.groovy:483)
	at io.restassured.internal.ResponseSpecificationImpl$HamcrestAssertionClosure$validate$1.call(Unknown Source)
	at io.restassured.internal.ResponseSpecificationImpl.validateResponseIfRequired(ResponseSpecificationImpl.groovy:655)
	at org.codehaus.groovy.runtime.callsite.PogoMetaMethodSite$PogoCachedMethodSiteNoUnwrapNoCoerce.invoke(PogoMetaMethodSite.java:210)
	at org.codehaus.groovy.runtime.callsite.PogoMetaMethodSite.callCurrent(PogoMetaMethodSite.java:59)
	at org.codehaus.groovy.runtime.callsite.AbstractCallSite.callCurrent(AbstractCallSite.java:166)
	at io.restassured.internal.ResponseSpecificationImpl.statusCode(ResponseSpecificationImpl.groovy:123)
	at io.restassured.specification.ResponseSpecification$statusCode$0.callCurrent(Unknown Source)
	at io.restassured.internal.ResponseSpecificationImpl.statusCode(ResponseSpecificationImpl.groovy:131)
	at io.restassured.internal.ValidatableResponseOptionsImpl.statusCode(ValidatableResponseOptionsImpl.java:119)
	at org.fcrepo.spec.testsuite.AbstractTest.doGet(AbstractTest.java:388)
	at org.fcrepo.spec.testsuite.authz.WebACGeneral.resourceSingle(WebACGeneral.java:191)
	at org.fcrepo.spec.testsuite.App.main(App.java:309)
... Removed 30 stack frames]]>
    </failure>
  </testcase> <!-- resourceSingle -->
  <testcase name="aclInheritanceMustUseLdpContainmentRelationships" time="0.007" classname="org.fcrepo.spec.testsuite.authz.WebACDefaultACLs">
    <failure type="java.lang.AssertionError" message="1 expectation failed.
Expected status code &amp;lt;201&amp;gt; but was &amp;lt;409&amp;gt;.
">
      <![CDATA[java.lang.AssertionError: 1 expectation failed.
Expected status code <201> but was <409>.

	at org.codehaus.groovy.runtime.callsite.ConstructorSite$ConstructorSiteNoUnwrap.callConstructor(ConstructorSite.java:84)
	at org.codehaus.groovy.runtime.callsite.AbstractCallSite.callConstructor(AbstractCallSite.java:247)
	at io.restassured.internal.ResponseSpecificationImpl$HamcrestAssertionClosure.validate(ResponseSpecificationImpl.groovy:483)
	at io.restassured.internal.ResponseSpecificationImpl$HamcrestAssertionClosure$validate$1.call(Unknown Source)
	at io.restassured.internal.ResponseSpecificationImpl.validateResponseIfRequired(ResponseSpecificationImpl.groovy:655)
	at org.codehaus.groovy.runtime.callsite.PogoMetaMethodSite$PogoCachedMethodSiteNoUnwrapNoCoerce.invoke(PogoMetaMethodSite.java:210)
	at org.codehaus.groovy.runtime.callsite.PogoMetaMethodSite.callCurrent(PogoMetaMethodSite.java:59)
	at org.codehaus.groovy.runtime.callsite.AbstractCallSite.callCurrent(AbstractCallSite.java:166)
	at io.restassured.internal.ResponseSpecificationImpl.statusCode(ResponseSpecificationImpl.groovy:123)
	at io.restassured.specification.ResponseSpecification$statusCode$0.callCurrent(Unknown Source)
	at io.restassured.internal.ResponseSpecificationImpl.statusCode(ResponseSpecificationImpl.groovy:131)
	at io.restassured.internal.ValidatableResponseOptionsImpl.statusCode(ValidatableResponseOptionsImpl.java:119)
	at org.fcrepo.spec.testsuite.AbstractTest.createBasicContainer(AbstractTest.java:187)
	at org.fcrepo.spec.testsuite.AbstractTest.createBasicContainer(AbstractTest.java:177)
	at org.fcrepo.spec.testsuite.authz.AbstractAuthzTest.createResource(AbstractAuthzTest.java:63)
	at org.fcrepo.spec.testsuite.authz.WebACDefaultACLs.aclInheritanceMustUseLdpContainmentRelationships(WebACDefaultACLs.java:53)
	at org.fcrepo.spec.testsuite.App.main(App.java:309)
... Removed 30 stack frames]]>
    </failure>
  </testcase> <!-- aclInheritanceMustUseLdpContainmentRelationships -->
  <testcase name="defaultAclOnSameServer" time="0.007" classname="org.fcrepo.spec.testsuite.authz.WebACDefaultACLs"/>
  <testcase name="serverSuppliedDefaultAcl" time="0.014" classname="org.fcrepo.spec.testsuite.authz.WebACDefaultACLs"/>
  <testcase name="accessToClassMayUseInference" time="0.07" classname="org.fcrepo.spec.testsuite.authz.WebACAccessToClass">
    <skipped/>
  </testcase> <!-- accessToClassMayUseInference -->
  <testcase name="accessToClassMustGiveAccessToBinary" time="0.059" classname="org.fcrepo.spec.testsuite.authz.WebACAccessToClass">
    <failure type="java.lang.AssertionError" message="1 expectation failed.
Expected status code &amp;lt;200&amp;gt; but was &amp;lt;403&amp;gt;.
">
      <![CDATA[java.lang.AssertionError: 1 expectation failed.
Expected status code <200> but was <403>.

	at org.codehaus.groovy.runtime.callsite.ConstructorSite$ConstructorSiteNoUnwrap.callConstructor(ConstructorSite.java:84)
	at org.codehaus.groovy.runtime.callsite.AbstractCallSite.callConstructor(AbstractCallSite.java:247)
	at io.restassured.internal.ResponseSpecificationImpl$HamcrestAssertionClosure.validate(ResponseSpecificationImpl.groovy:483)
	at io.restassured.internal.ResponseSpecificationImpl$HamcrestAssertionClosure$validate$1.call(Unknown Source)
	at io.restassured.internal.ResponseSpecificationImpl.validateResponseIfRequired(ResponseSpecificationImpl.groovy:655)
	at org.codehaus.groovy.runtime.callsite.PogoMetaMethodSite$PogoCachedMethodSiteNoUnwrapNoCoerce.invoke(PogoMetaMethodSite.java:210)
	at org.codehaus.groovy.runtime.callsite.PogoMetaMethodSite.callCurrent(PogoMetaMethodSite.java:59)
	at org.codehaus.groovy.runtime.callsite.AbstractCallSite.callCurrent(AbstractCallSite.java:166)
	at io.restassured.internal.ResponseSpecificationImpl.statusCode(ResponseSpecificationImpl.groovy:123)
	at io.restassured.specification.ResponseSpecification$statusCode$0.callCurrent(Unknown Source)
	at io.restassured.internal.ResponseSpecificationImpl.statusCode(ResponseSpecificationImpl.groovy:131)
	at io.restassured.internal.ValidatableResponseOptionsImpl.statusCode(ValidatableResponseOptionsImpl.java:119)
	at org.fcrepo.spec.testsuite.AbstractTest.doGet(AbstractTest.java:388)
	at org.fcrepo.spec.testsuite.authz.WebACAccessToClass.accessToClassMustGiveAccessToBinary(WebACAccessToClass.java:92)
	at org.fcrepo.spec.testsuite.App.main(App.java:309)
... Removed 30 stack frames]]>
    </failure>
  </testcase> <!-- accessToClassMustGiveAccessToBinary -->
  <testcase name="accessToClassMustGiveAccessToContainer" time="0.052" classname="org.fcrepo.spec.testsuite.authz.WebACAccessToClass">
    <failure type="java.lang.AssertionError" message="1 expectation failed.
Expected status code &amp;lt;200&amp;gt; but was &amp;lt;403&amp;gt;.
">
      <![CDATA[java.lang.AssertionError: 1 expectation failed.
Expected status code <200> but was <403>.

	at org.codehaus.groovy.runtime.callsite.ConstructorSite$ConstructorSiteNoUnwrap.callConstructor(ConstructorSite.java:84)
	at org.codehaus.groovy.runtime.callsite.AbstractCallSite.callConstructor(AbstractCallSite.java:247)
	at io.restassured.internal.ResponseSpecificationImpl$HamcrestAssertionClosure.validate(ResponseSpecificationImpl.groovy:483)
	at io.restassured.internal.ResponseSpecificationImpl$HamcrestAssertionClosure$validate$1.call(Unknown Source)
	at io.restassured.internal.ResponseSpecificationImpl.validateResponseIfRequired(ResponseSpecificationImpl.groovy:655)
	at org.codehaus.groovy.runtime.callsite.PogoMetaMethodSite$PogoCachedMethodSiteNoUnwrapNoCoerce.invoke(PogoMetaMethodSite.java:210)
	at org.codehaus.groovy.runtime.callsite.PogoMetaMethodSite.callCurrent(PogoMetaMethodSite.java:59)
	at org.codehaus.groovy.runtime.callsite.AbstractCallSite.callCurrent(AbstractCallSite.java:166)
	at io.restassured.internal.ResponseSpecificationImpl.statusCode(ResponseSpecificationImpl.groovy:123)
	at io.restassured.specification.ResponseSpecification$statusCode$0.callCurrent(Unknown Source)
	at io.restassured.internal.ResponseSpecificationImpl.statusCode(ResponseSpecificationImpl.groovy:131)
	at io.restassured.internal.ValidatableResponseOptionsImpl.statusCode(ValidatableResponseOptionsImpl.java:119)
	at org.fcrepo.spec.testsuite.AbstractTest.doGet(AbstractTest.java:388)
	at org.fcrepo.spec.testsuite.authz.WebACAccessToClass.accessToClassMustGiveAccessToContainer(WebACAccessToClass.java:60)
	at org.fcrepo.spec.testsuite.App.main(App.java:309)
... Removed 30 stack frames]]>
    </failure>
  </testcase> <!-- accessToClassMustGiveAccessToContainer -->
  <testcase name="rejectRemoteAclConstraint" time="0.016" classname="org.fcrepo.spec.testsuite.authz.WebACCrossDomain">
    <skipped/>
  </testcase> <!-- rejectRemoteAclConstraint -->
  <testcase name="rejectRemoteAclStatus" time="0.006" classname="org.fcrepo.spec.testsuite.authz.WebACCrossDomain">
    <failure type="java.lang.AssertionError" message="1 expectation failed.
Expected status code &amp;lt;201&amp;gt; but was &amp;lt;409&amp;gt;.
">
      <![CDATA[java.lang.AssertionError: 1 expectation failed.
Expected status code <201> but was <409>.

	at org.codehaus.groovy.runtime.callsite.ConstructorSite$ConstructorSiteNoUnwrap.callConstructor(ConstructorSite.java:84)
	at org.codehaus.groovy.runtime.callsite.AbstractCallSite.callConstructor(AbstractCallSite.java:247)
	at io.restassured.internal.ResponseSpecificationImpl$HamcrestAssertionClosure.validate(ResponseSpecificationImpl.groovy:483)
	at io.restassured.internal.ResponseSpecificationImpl$HamcrestAssertionClosure$validate$1.call(Unknown Source)
	at io.restassured.internal.ResponseSpecificationImpl.validateResponseIfRequired(ResponseSpecificationImpl.groovy:655)
	at org.codehaus.groovy.runtime.callsite.PogoMetaMethodSite$PogoCachedMethodSiteNoUnwrapNoCoerce.invoke(PogoMetaMethodSite.java:210)
	at org.codehaus.groovy.runtime.callsite.PogoMetaMethodSite.callCurrent(PogoMetaMethodSite.java:59)
	at org.codehaus.groovy.runtime.callsite.AbstractCallSite.callCurrent(AbstractCallSite.java:166)
	at io.restassured.internal.ResponseSpecificationImpl.statusCode(ResponseSpecificationImpl.groovy:123)
	at io.restassured.specification.ResponseSpecification$statusCode$0.callCurrent(Unknown Source)
	at io.restassured.internal.ResponseSpecificationImpl.statusCode(ResponseSpecificationImpl.groovy:131)
	at io.restassured.internal.ValidatableResponseOptionsImpl.statusCode(ValidatableResponseOptionsImpl.java:119)
	at org.fcrepo.spec.testsuite.AbstractTest.createBasicContainer(AbstractTest.java:187)
	at org.fcrepo.spec.testsuite.AbstractTest.createBasicContainer(AbstractTest.java:177)
	at org.fcrepo.spec.testsuite.authz.AbstractAuthzTest.isClientAclLinkingSupported(AbstractAuthzTest.java:90)
	at org.fcrepo.spec.testsuite.authz.WebACCrossDomain.createResourceWithRemoteAcl(WebACCrossDomain.java:57)
	at org.fcrepo.spec.testsuite.authz.WebACCrossDomain.rejectRemoteAclStatus(WebACCrossDomain.java:79)
	at org.fcrepo.spec.testsuite.App.main(App.java:309)
... Removed 30 stack frames]]>
    </failure>
  </testcase> <!-- rejectRemoteAclStatus -->
  <testcase name="rejectRemoteGroupConstraint" time="0.025" classname="org.fcrepo.spec.testsuite.authz.WebACCrossDomain">
    <skipped/>
  </testcase> <!-- rejectRemoteGroupConstraint -->
  <testcase name="rejectRemoteGroupStatus" time="0.027" classname="org.fcrepo.spec.testsuite.authz.WebACCrossDomain">
    <skipped/>
  </testcase> <!-- rejectRemoteGroupStatus -->
  <testcase name="restrictAclToLocal" time="0.006" classname="org.fcrepo.spec.testsuite.authz.WebACCrossDomain">
    <failure type="java.lang.AssertionError" message="1 expectation failed.
Expected status code &amp;lt;201&amp;gt; but was &amp;lt;409&amp;gt;.
">
      <![CDATA[java.lang.AssertionError: 1 expectation failed.
Expected status code <201> but was <409>.

	at org.codehaus.groovy.runtime.callsite.ConstructorSite$ConstructorSiteNoUnwrap.callConstructor(ConstructorSite.java:84)
	at org.codehaus.groovy.runtime.callsite.AbstractCallSite.callConstructor(AbstractCallSite.java:247)
	at io.restassured.internal.ResponseSpecificationImpl$HamcrestAssertionClosure.validate(ResponseSpecificationImpl.groovy:483)
	at io.restassured.internal.ResponseSpecificationImpl$HamcrestAssertionClosure$validate$1.call(Unknown Source)
	at io.restassured.internal.ResponseSpecificationImpl.validateResponseIfRequired(ResponseSpecificationImpl.groovy:655)
	at org.codehaus.groovy.runtime.callsite.PogoMetaMethodSite$PogoCachedMethodSiteNoUnwrapNoCoerce.invoke(PogoMetaMethodSite.java:210)
	at org.codehaus.groovy.runtime.callsite.PogoMetaMethodSite.callCurrent(PogoMetaMethodSite.java:59)
	at org.codehaus.groovy.runtime.callsite.AbstractCallSite.callCurrent(AbstractCallSite.java:166)
	at io.restassured.internal.ResponseSpecificationImpl.statusCode(ResponseSpecificationImpl.groovy:123)
	at io.restassured.specification.ResponseSpecification$statusCode$0.callCurrent(Unknown Source)
	at io.restassured.internal.ResponseSpecificationImpl.statusCode(ResponseSpecificationImpl.groovy:131)
	at io.restassured.internal.ValidatableResponseOptionsImpl.statusCode(ValidatableResponseOptionsImpl.java:119)
	at org.fcrepo.spec.testsuite.AbstractTest.createBasicContainer(AbstractTest.java:187)
	at org.fcrepo.spec.testsuite.AbstractTest.createBasicContainer(AbstractTest.java:177)
	at org.fcrepo.spec.testsuite.authz.AbstractAuthzTest.isClientAclLinkingSupported(AbstractAuthzTest.java:90)
	at org.fcrepo.spec.testsuite.authz.WebACCrossDomain.createResourceWithRemoteAcl(WebACCrossDomain.java:57)
	at org.fcrepo.spec.testsuite.authz.WebACCrossDomain.restrictAclToLocal(WebACCrossDomain.java:47)
	at org.fcrepo.spec.testsuite.App.main(App.java:309)
... Removed 30 stack frames]]>
    </failure>
  </testcase> <!-- restrictAclToLocal -->
  <testcase name="restrictGroupToLocal" time="0.026" classname="org.fcrepo.spec.testsuite.authz.WebACCrossDomain">
    <skipped/>
  </testcase> <!-- restrictGroupToLocal -->
  <testcase name="testCatchMessage" time="10.103" classname="org.fcrepo.spec.testsuite.event.NotificationTest">
    <failure type="org.awaitility.core.ConditionTimeoutException" message="Condition with lambda expression in org.fcrepo.spec.testsuite.event.NotificationTest that uses org.fcrepo.spec.testsuite.event.MessageBank was not fulfilled within 10 seconds.">
      <![CDATA[org.awaitility.core.ConditionTimeoutException: Condition with lambda expression in org.fcrepo.spec.testsuite.event.NotificationTest that uses org.fcrepo.spec.testsuite.event.MessageBank was not fulfilled within 10 seconds.
	at org.awaitility.core.ConditionAwaiter.await(ConditionAwaiter.java:145)
	at org.awaitility.core.CallableCondition.await(CallableCondition.java:79)
	at org.awaitility.core.CallableCondition.await(CallableCondition.java:27)
	at org.awaitility.core.ConditionFactory.until(ConditionFactory.java:902)
	at org.awaitility.core.ConditionFactory.until(ConditionFactory.java:860)
	at org.fcrepo.spec.testsuite.event.NotificationTest.testCatchMessage(NotificationTest.java:102)
	at org.fcrepo.spec.testsuite.App.main(App.java:309)
... Removed 22 stack frames]]>
    </failure>
  </testcase> <!-- testCatchMessage -->
  <testcase name="testEventSerialization" time="10.111" classname="org.fcrepo.spec.testsuite.event.NotificationTest">
    <failure type="org.awaitility.core.ConditionTimeoutException" message="Condition with lambda expression in org.fcrepo.spec.testsuite.event.NotificationTest that uses org.fcrepo.spec.testsuite.event.MessageBank was not fulfilled within 10 seconds.">
      <![CDATA[org.awaitility.core.ConditionTimeoutException: Condition with lambda expression in org.fcrepo.spec.testsuite.event.NotificationTest that uses org.fcrepo.spec.testsuite.event.MessageBank was not fulfilled within 10 seconds.
	at org.awaitility.core.ConditionAwaiter.await(ConditionAwaiter.java:145)
	at org.awaitility.core.CallableCondition.await(CallableCondition.java:79)
	at org.awaitility.core.CallableCondition.await(CallableCondition.java:27)
	at org.awaitility.core.ConditionFactory.until(ConditionFactory.java:902)
	at org.awaitility.core.ConditionFactory.until(ConditionFactory.java:860)
	at org.fcrepo.spec.testsuite.event.NotificationTest.testEventSerialization(NotificationTest.java:162)
	at org.fcrepo.spec.testsuite.App.main(App.java:309)
... Removed 22 stack frames]]>
    </failure>
  </testcase> <!-- testEventSerialization -->
  <testcase name="testEventSerializationShould" time="10.094" classname="org.fcrepo.spec.testsuite.event.NotificationTest">
    <failure type="org.awaitility.core.ConditionTimeoutException" message="Condition with lambda expression in org.fcrepo.spec.testsuite.event.NotificationTest that uses org.fcrepo.spec.testsuite.event.MessageBank was not fulfilled within 10 seconds.">
      <![CDATA[org.awaitility.core.ConditionTimeoutException: Condition with lambda expression in org.fcrepo.spec.testsuite.event.NotificationTest that uses org.fcrepo.spec.testsuite.event.MessageBank was not fulfilled within 10 seconds.
	at org.awaitility.core.ConditionAwaiter.await(ConditionAwaiter.java:145)
	at org.awaitility.core.CallableCondition.await(CallableCondition.java:79)
	at org.awaitility.core.CallableCondition.await(CallableCondition.java:27)
	at org.awaitility.core.ConditionFactory.until(ConditionFactory.java:902)
	at org.awaitility.core.ConditionFactory.until(ConditionFactory.java:860)
	at org.fcrepo.spec.testsuite.event.NotificationTest.doContainerTypeTest(NotificationTest.java:249)
	at org.fcrepo.spec.testsuite.event.NotificationTest.lambda$7(NotificationTest.java:228)
	at java.util.Spliterators$ArraySpliterator.forEachRemaining(Spliterators.java:948)
	at java.util.stream.ReferencePipeline$Head.forEach(ReferencePipeline.java:580)
	at org.fcrepo.spec.testsuite.event.NotificationTest.testEventSerializationShould(NotificationTest.java:227)
	at org.fcrepo.spec.testsuite.App.main(App.java:309)
... Removed 22 stack frames]]>
    </failure>
  </testcase> <!-- testEventSerializationShould -->
</testsuite> <!-- Fedora API Specification Tests -->
