<?xml version="1.0" encoding="UTF-8"?>
<!-- Generated by org.testng.reporters.JUnitReportReporter -->
<testsuite name="org.fcrepo.spec.testsuite.crud.HttpGet" tests="12" time="0.598" ignored="0" failures="8" timestamp="02 Aug 2019 16:48:21 GMT" skipped="0" hostname="deck" errors="2">
  <testcase name="additionalValuesForPreferHeader" time="0.057" classname="org.fcrepo.spec.testsuite.crud.HttpGet">
    <failure type="java.lang.AssertionError" message="1 expectation failed.
Expected status code &lt;201&gt; but was &lt;409&gt;.
">
      <![CDATA[java.lang.AssertionError: 1 expectation failed.
Expected status code <201> but was <409>.

	at sun.reflect.GeneratedConstructorAccessor61.newInstance(Unknown Source)
	at sun.reflect.DelegatingConstructorAccessorImpl.newInstance(DelegatingConstructorAccessorImpl.java:45)
	at java.lang.reflect.Constructor.newInstance(Constructor.java:423)
	at org.codehaus.groovy.reflection.CachedConstructor.invoke(CachedConstructor.java:83)
	at org.codehaus.groovy.reflection.CachedConstructor.doConstructorInvoke(CachedConstructor.java:77)
	at org.codehaus.groovy.runtime.callsite.ConstructorSite$ConstructorSiteNoUnwrap.callConstructor(ConstructorSite.java:84)
	at org.codehaus.groovy.runtime.callsite.AbstractCallSite.callConstructor(AbstractCallSite.java:247)
	at io.restassured.internal.ResponseSpecificationImpl$HamcrestAssertionClosure.validate(ResponseSpecificationImpl.groovy:483)
	at io.restassured.internal.ResponseSpecificationImpl$HamcrestAssertionClosure$validate$1.call(Unknown Source)
	at io.restassured.internal.ResponseSpecificationImpl.validateResponseIfRequired(ResponseSpecificationImpl.groovy:655)
	at sun.reflect.GeneratedMethodAccessor142.invoke(Unknown Source)
	at sun.reflect.DelegatingMethodAccessorImpl.invoke(DelegatingMethodAccessorImpl.java:43)
	at java.lang.reflect.Method.invoke(Method.java:498)
	at org.codehaus.groovy.runtime.callsite.PogoMetaMethodSite$PogoCachedMethodSiteNoUnwrapNoCoerce.invoke(PogoMetaMethodSite.java:210)
	at org.codehaus.groovy.runtime.callsite.PogoMetaMethodSite.callCurrent(PogoMetaMethodSite.java:59)
	at org.codehaus.groovy.runtime.callsite.AbstractCallSite.callCurrent(AbstractCallSite.java:166)
	at io.restassured.internal.ResponseSpecificationImpl.statusCode(ResponseSpecificationImpl.groovy:123)
	at io.restassured.specification.ResponseSpecification$statusCode$0.callCurrent(Unknown Source)
	at io.restassured.internal.ResponseSpecificationImpl.statusCode(ResponseSpecificationImpl.groovy:131)
	at io.restassured.internal.ValidatableResponseOptionsImpl.statusCode(ValidatableResponseOptionsImpl.java:119)
	at org.fcrepo.spec.testsuite.AbstractTest.createBasicContainer(AbstractTest.java:187)
	at org.fcrepo.spec.testsuite.AbstractTest.createBasicContainer(AbstractTest.java:173)
	at org.fcrepo.spec.testsuite.crud.HttpGet.additionalValuesForPreferHeader(HttpGet.java:62)
	at sun.reflect.NativeMethodAccessorImpl.invoke0(Native Method)
	at sun.reflect.NativeMethodAccessorImpl.invoke(NativeMethodAccessorImpl.java:62)
	at sun.reflect.DelegatingMethodAccessorImpl.invoke(DelegatingMethodAccessorImpl.java:43)
	at java.lang.reflect.Method.invoke(Method.java:498)
	at org.testng.internal.MethodInvocationHelper.invokeMethod(MethodInvocationHelper.java:104)
	at org.testng.internal.Invoker.invokeMethod(Invoker.java:645)
	at org.testng.internal.Invoker.invokeTestMethod(Invoker.java:851)
	at org.testng.internal.Invoker.invokeTestMethods(Invoker.java:1177)
	at org.testng.internal.TestMethodWorker.invokeTestMethods(TestMethodWorker.java:129)
	at org.testng.internal.TestMethodWorker.run(TestMethodWorker.java:112)
	at org.testng.TestRunner.privateRun(TestRunner.java:756)
	at org.testng.TestRunner.run(TestRunner.java:610)
	at org.testng.SuiteRunner.runTest(SuiteRunner.java:387)
	at org.testng.SuiteRunner.runSequentially(SuiteRunner.java:382)
	at org.testng.SuiteRunner.privateRun(SuiteRunner.java:340)
	at org.testng.SuiteRunner.run(SuiteRunner.java:289)
	at org.testng.SuiteRunnerWorker.runSuite(SuiteRunnerWorker.java:52)
	at org.testng.SuiteRunnerWorker.run(SuiteRunnerWorker.java:86)
	at org.testng.TestNG.runSuitesSequentially(TestNG.java:1293)
	at org.testng.TestNG.runSuitesLocally(TestNG.java:1218)
	at org.testng.TestNG.runSuites(TestNG.java:1133)
	at org.testng.TestNG.run(TestNG.java:1104)
	at org.fcrepo.spec.testsuite.App.main(App.java:309)
]]>
    </failure>
  </testcase> <!-- additionalValuesForPreferHeader -->
  <testcase name="additionalValuesForPreferHeaderContainedDescriptions" time="0.091" classname="org.fcrepo.spec.testsuite.crud.HttpGet">
    <failure type="java.lang.AssertionError" message="1 expectation failed.
Response body doesn&#039;t match expectation.
Expected: To contain triple: [http://0.0.0.0:8080/testsuitecontainer08022019124735/3.2.1-B/child, http://xmlns.com/foaf/0.1/name, &quot;Pythagoras&quot;]
  Actual: @prefix schema:  &lt;http://schema.org/&gt; .
@prefix owl:  &lt;http://www.w3.org/2002/07/owl#&gt; .
@prefix xsd:  &lt;http://www.w3.org/2001/XMLSchema#&gt; .
@prefix memento:  &lt;http://mementoweb.org/ns#&gt; .
@prefix skos:  &lt;http://www.w3.org/2004/02/skos/core#&gt; .
@prefix rdfs:  &lt;http://www.w3.org/2000/01/rdf-schema#&gt; .
@prefix acl:  &lt;http://www.w3.org/ns/auth/acl#&gt; .
@prefix geo:  &lt;http://www.w3.org/2003/01/geo/wgs84_pos#&gt; .
@prefix dc11:  &lt;http://purl.org/dc/elements/1.1/&gt; .
@prefix as:  &lt;https://www.w3.org/ns/activitystreams#&gt; .
@prefix rdf:  &lt;http://www.w3.org/1999/02/22-rdf-syntax-ns#&gt; .
@prefix ldp:  &lt;http://www.w3.org/ns/ldp#&gt; .
@prefix time:  &lt;http://www.w3.org/2006/time#&gt; .
@prefix prov:  &lt;http://www.w3.org/ns/prov#&gt; .
@prefix foaf:  &lt;http://xmlns.com/foaf/0.1/&gt; .
@prefix dc:  &lt;http://purl.org/dc/terms/&gt; .

&lt;http://0.0.0.0:8080/testsuitecontainer08022019124735/3.2.1-B&gt;
        dc:description  &quot;This is a crud container for the Fedora API Test Suite.&quot; ;
        dc:title        &quot;Container class Container&quot; ;
        ldp:contains    &lt;http://0.0.0.0:8080/testsuitecontainer08022019124735/3.2.1-B/child&gt; .

">
      <![CDATA[java.lang.AssertionError: 1 expectation failed.
Response body doesn't match expectation.
Expected: To contain triple: [http://0.0.0.0:8080/testsuitecontainer08022019124735/3.2.1-B/child, http://xmlns.com/foaf/0.1/name, "Pythagoras"]
  Actual: @prefix schema:  <http://schema.org/> .
@prefix owl:  <http://www.w3.org/2002/07/owl#> .
@prefix xsd:  <http://www.w3.org/2001/XMLSchema#> .
@prefix memento:  <http://mementoweb.org/ns#> .
@prefix skos:  <http://www.w3.org/2004/02/skos/core#> .
@prefix rdfs:  <http://www.w3.org/2000/01/rdf-schema#> .
@prefix acl:  <http://www.w3.org/ns/auth/acl#> .
@prefix geo:  <http://www.w3.org/2003/01/geo/wgs84_pos#> .
@prefix dc11:  <http://purl.org/dc/elements/1.1/> .
@prefix as:  <https://www.w3.org/ns/activitystreams#> .
@prefix rdf:  <http://www.w3.org/1999/02/22-rdf-syntax-ns#> .
@prefix ldp:  <http://www.w3.org/ns/ldp#> .
@prefix time:  <http://www.w3.org/2006/time#> .
@prefix prov:  <http://www.w3.org/ns/prov#> .
@prefix foaf:  <http://xmlns.com/foaf/0.1/> .
@prefix dc:  <http://purl.org/dc/terms/> .

<http://0.0.0.0:8080/testsuitecontainer08022019124735/3.2.1-B>
        dc:description  "This is a crud container for the Fedora API Test Suite." ;
        dc:title        "Container class Container" ;
        ldp:contains    <http://0.0.0.0:8080/testsuitecontainer08022019124735/3.2.1-B/child> .


	at sun.reflect.GeneratedConstructorAccessor61.newInstance(Unknown Source)
	at sun.reflect.DelegatingConstructorAccessorImpl.newInstance(DelegatingConstructorAccessorImpl.java:45)
	at java.lang.reflect.Constructor.newInstance(Constructor.java:423)
	at org.codehaus.groovy.reflection.CachedConstructor.invoke(CachedConstructor.java:83)
	at org.codehaus.groovy.reflection.CachedConstructor.doConstructorInvoke(CachedConstructor.java:77)
	at org.codehaus.groovy.runtime.callsite.ConstructorSite$ConstructorSiteNoUnwrap.callConstructor(ConstructorSite.java:84)
	at org.codehaus.groovy.runtime.callsite.AbstractCallSite.callConstructor(AbstractCallSite.java:247)
	at io.restassured.internal.ResponseSpecificationImpl$HamcrestAssertionClosure.validate(ResponseSpecificationImpl.groovy:483)
	at io.restassured.internal.ResponseSpecificationImpl$HamcrestAssertionClosure$validate$1.call(Unknown Source)
	at io.restassured.internal.ResponseSpecificationImpl.validateResponseIfRequired(ResponseSpecificationImpl.groovy:655)
	at sun.reflect.GeneratedMethodAccessor142.invoke(Unknown Source)
	at sun.reflect.DelegatingMethodAccessorImpl.invoke(DelegatingMethodAccessorImpl.java:43)
	at java.lang.reflect.Method.invoke(Method.java:498)
	at org.codehaus.groovy.runtime.callsite.PogoMetaMethodSite$PogoCachedMethodSiteNoUnwrapNoCoerce.invoke(PogoMetaMethodSite.java:210)
	at org.codehaus.groovy.runtime.callsite.PogoMetaMethodSite.callCurrent(PogoMetaMethodSite.java:59)
	at org.codehaus.groovy.runtime.callsite.CallSiteArray.defaultCallCurrent(CallSiteArray.java:52)
	at org.codehaus.groovy.runtime.callsite.AbstractCallSite.callCurrent(AbstractCallSite.java:154)
	at org.codehaus.groovy.runtime.callsite.AbstractCallSite.callCurrent(AbstractCallSite.java:166)
	at io.restassured.internal.ResponseSpecificationImpl.content(ResponseSpecificationImpl.groovy:95)
	at io.restassured.specification.ResponseSpecification$content$3.callCurrent(Unknown Source)
	at org.codehaus.groovy.runtime.callsite.CallSiteArray.defaultCallCurrent(CallSiteArray.java:52)
	at org.codehaus.groovy.runtime.callsite.AbstractCallSite.callCurrent(AbstractCallSite.java:154)
	at org.codehaus.groovy.runtime.callsite.AbstractCallSite.callCurrent(AbstractCallSite.java:174)
	at io.restassured.internal.ResponseSpecificationImpl.body(ResponseSpecificationImpl.groovy:254)
	at io.restassured.internal.ValidatableResponseOptionsImpl.body(ValidatableResponseOptionsImpl.java:268)
	at org.fcrepo.spec.testsuite.crud.HttpGet.additionalValuesForPreferHeaderContainedDescriptions(HttpGet.java:107)
	at sun.reflect.NativeMethodAccessorImpl.invoke0(Native Method)
	at sun.reflect.NativeMethodAccessorImpl.invoke(NativeMethodAccessorImpl.java:62)
	at sun.reflect.DelegatingMethodAccessorImpl.invoke(DelegatingMethodAccessorImpl.java:43)
	at java.lang.reflect.Method.invoke(Method.java:498)
	at org.testng.internal.MethodInvocationHelper.invokeMethod(MethodInvocationHelper.java:104)
	at org.testng.internal.Invoker.invokeMethod(Invoker.java:645)
	at org.testng.internal.Invoker.invokeTestMethod(Invoker.java:851)
	at org.testng.internal.Invoker.invokeTestMethods(Invoker.java:1177)
	at org.testng.internal.TestMethodWorker.invokeTestMethods(TestMethodWorker.java:129)
	at org.testng.internal.TestMethodWorker.run(TestMethodWorker.java:112)
	at org.testng.TestRunner.privateRun(TestRunner.java:756)
	at org.testng.TestRunner.run(TestRunner.java:610)
	at org.testng.SuiteRunner.runTest(SuiteRunner.java:387)
	at org.testng.SuiteRunner.runSequentially(SuiteRunner.java:382)
	at org.testng.SuiteRunner.privateRun(SuiteRunner.java:340)
	at org.testng.SuiteRunner.run(SuiteRunner.java:289)
	at org.testng.SuiteRunnerWorker.runSuite(SuiteRunnerWorker.java:52)
	at org.testng.SuiteRunnerWorker.run(SuiteRunnerWorker.java:86)
	at org.testng.TestNG.runSuitesSequentially(TestNG.java:1293)
	at org.testng.TestNG.runSuitesLocally(TestNG.java:1218)
	at org.testng.TestNG.runSuites(TestNG.java:1133)
	at org.testng.TestNG.run(TestNG.java:1104)
	at org.fcrepo.spec.testsuite.App.main(App.java:309)
]]>
    </failure>
  </testcase> <!-- additionalValuesForPreferHeaderContainedDescriptions -->
  <testcase name="responsePreferenceAppliedHeader" time="0.050" classname="org.fcrepo.spec.testsuite.crud.HttpGet"/>
  <testcase name="respondWantDigestTwoSupportedQvalueNonZero" time="0.044" classname="org.fcrepo.spec.testsuite.crud.HttpGet">
    <error type="java.lang.NullPointerException">
      <![CDATA[java.lang.NullPointerException
	at org.fcrepo.spec.testsuite.crud.HttpGet.respondWantDigestTwoSupportedQvalueNonZero(HttpGet.java:302)
	at sun.reflect.NativeMethodAccessorImpl.invoke0(Native Method)
	at sun.reflect.NativeMethodAccessorImpl.invoke(NativeMethodAccessorImpl.java:62)
	at sun.reflect.DelegatingMethodAccessorImpl.invoke(DelegatingMethodAccessorImpl.java:43)
	at java.lang.reflect.Method.invoke(Method.java:498)
	at org.testng.internal.MethodInvocationHelper.invokeMethod(MethodInvocationHelper.java:104)
	at org.testng.internal.Invoker.invokeMethod(Invoker.java:645)
	at org.testng.internal.Invoker.invokeTestMethod(Invoker.java:851)
	at org.testng.internal.Invoker.invokeTestMethods(Invoker.java:1177)
	at org.testng.internal.TestMethodWorker.invokeTestMethods(TestMethodWorker.java:129)
	at org.testng.internal.TestMethodWorker.run(TestMethodWorker.java:112)
	at org.testng.TestRunner.privateRun(TestRunner.java:756)
	at org.testng.TestRunner.run(TestRunner.java:610)
	at org.testng.SuiteRunner.runTest(SuiteRunner.java:387)
	at org.testng.SuiteRunner.runSequentially(SuiteRunner.java:382)
	at org.testng.SuiteRunner.privateRun(SuiteRunner.java:340)
	at org.testng.SuiteRunner.run(SuiteRunner.java:289)
	at org.testng.SuiteRunnerWorker.runSuite(SuiteRunnerWorker.java:52)
	at org.testng.SuiteRunnerWorker.run(SuiteRunnerWorker.java:86)
	at org.testng.TestNG.runSuitesSequentially(TestNG.java:1293)
	at org.testng.TestNG.runSuitesLocally(TestNG.java:1218)
	at org.testng.TestNG.runSuites(TestNG.java:1133)
	at org.testng.TestNG.run(TestNG.java:1104)
	at org.fcrepo.spec.testsuite.App.main(App.java:309)
]]>
    </error>
  </testcase> <!-- respondWantDigestTwoSupportedQvalueNonZero -->
  <testcase name="responseDescribesHeader" time="0.067" classname="org.fcrepo.spec.testsuite.crud.HttpGet"/>
  <testcase name="respondWantDigestMd5" time="0.043" classname="org.fcrepo.spec.testsuite.crud.HttpGet">
    <failure type="java.lang.AssertionError" message="1 expectation failed.
Expected header &quot;Digest&quot; was not a string containing &quot;md5&quot;, was &quot;null&quot;. Headers are:
Date=Fri, 02 Aug 2019 16:47:40 GMT
Last-Modified=Fri, 02 Aug 2019 16:47:40 GMT
Vary=Accept
Vary=Accept-Datetime
Vary=Range
Link=&lt;http://www.w3.org/ns/ldp#NonRDFSource&gt;; rel=&quot;type&quot;
Link=&lt;http://www.w3.org/ns/ldp#Resource&gt;; rel=&quot;type&quot;
Link=&lt;http://0.0.0.0:8080/testsuitecontainer08022019124735/3.2.3-A-1&gt;; rel=&quot;original timegate&quot;
Link=&lt;http://0.0.0.0:8080/testsuitecontainer08022019124735/3.2.3-A-1?ext=timemap&gt;; rel=&quot;timemap&quot;; from=&quot;Fri, 2 Aug 2019 16:47:40 GMT&quot;; until=&quot;Fri, 2 Aug 2019 16:47:40 GMT&quot;; type=&quot;application/link-format&quot;
Link=&lt;http://0.0.0.0:8080/testsuitecontainer08022019124735/3.2.3-A-1?version=1564764460&gt;; rel=&quot;first last memento&quot;; datetime=&quot;Fri, 2 Aug 2019 16:47:40 GMT&quot;
Link=&lt;http://0.0.0.0:8080/testsuitecontainer08022019124735/3.2.3-A-1&gt;; rel=&quot;canonical&quot;
Link=&lt;http://0.0.0.0:8080/testsuitecontainer08022019124735/3.2.3-A-1?ext=description&gt;; rel=&quot;describedby&quot;
Link=&lt;http://0.0.0.0:8080/testsuitecontainer08022019124735/3.2.3-A-1&gt;; rel=&quot;self&quot;
Link=&lt;http://0.0.0.0:8080/testsuitecontainer08022019124735/3.2.3-A-1?ext=acl&gt;; rel=&quot;acl&quot;
Accept-Patch=application/sparql-update
Content-Type=text/plain;charset=iso-8859-1
Accept-Ranges=bytes
ETag=&quot;ca8445b64718c11b553f3e1816277908&quot;
Allow=GET,HEAD,OPTIONS,PUT,DELETE
Cache-Control=no-transform, must-revalidate, max-age=86400
Vary=Accept-Encoding
Content-Length=10
">
      <![CDATA[java.lang.AssertionError: 1 expectation failed.
Expected header "Digest" was not a string containing "md5", was "null". Headers are:
Date=Fri, 02 Aug 2019 16:47:40 GMT
Last-Modified=Fri, 02 Aug 2019 16:47:40 GMT
Vary=Accept
Vary=Accept-Datetime
Vary=Range
Link=<http://www.w3.org/ns/ldp#NonRDFSource>; rel="type"
Link=<http://www.w3.org/ns/ldp#Resource>; rel="type"
Link=<http://0.0.0.0:8080/testsuitecontainer08022019124735/3.2.3-A-1>; rel="original timegate"
Link=<http://0.0.0.0:8080/testsuitecontainer08022019124735/3.2.3-A-1?ext=timemap>; rel="timemap"; from="Fri, 2 Aug 2019 16:47:40 GMT"; until="Fri, 2 Aug 2019 16:47:40 GMT"; type="application/link-format"
Link=<http://0.0.0.0:8080/testsuitecontainer08022019124735/3.2.3-A-1?version=1564764460>; rel="first last memento"; datetime="Fri, 2 Aug 2019 16:47:40 GMT"
Link=<http://0.0.0.0:8080/testsuitecontainer08022019124735/3.2.3-A-1>; rel="canonical"
Link=<http://0.0.0.0:8080/testsuitecontainer08022019124735/3.2.3-A-1?ext=description>; rel="describedby"
Link=<http://0.0.0.0:8080/testsuitecontainer08022019124735/3.2.3-A-1>; rel="self"
Link=<http://0.0.0.0:8080/testsuitecontainer08022019124735/3.2.3-A-1?ext=acl>; rel="acl"
Accept-Patch=application/sparql-update
Content-Type=text/plain;charset=iso-8859-1
Accept-Ranges=bytes
ETag="ca8445b64718c11b553f3e1816277908"
Allow=GET,HEAD,OPTIONS,PUT,DELETE
Cache-Control=no-transform, must-revalidate, max-age=86400
Vary=Accept-Encoding
Content-Length=10

	at sun.reflect.GeneratedConstructorAccessor61.newInstance(Unknown Source)
	at sun.reflect.DelegatingConstructorAccessorImpl.newInstance(DelegatingConstructorAccessorImpl.java:45)
	at java.lang.reflect.Constructor.newInstance(Constructor.java:423)
	at org.codehaus.groovy.reflection.CachedConstructor.invoke(CachedConstructor.java:83)
	at org.codehaus.groovy.reflection.CachedConstructor.doConstructorInvoke(CachedConstructor.java:77)
	at org.codehaus.groovy.runtime.callsite.ConstructorSite$ConstructorSiteNoUnwrap.callConstructor(ConstructorSite.java:84)
	at org.codehaus.groovy.runtime.callsite.AbstractCallSite.callConstructor(AbstractCallSite.java:247)
	at io.restassured.internal.ResponseSpecificationImpl$HamcrestAssertionClosure.validate(ResponseSpecificationImpl.groovy:483)
	at io.restassured.internal.ResponseSpecificationImpl$HamcrestAssertionClosure$validate$1.call(Unknown Source)
	at io.restassured.internal.ResponseSpecificationImpl.validateResponseIfRequired(ResponseSpecificationImpl.groovy:655)
	at sun.reflect.GeneratedMethodAccessor142.invoke(Unknown Source)
	at sun.reflect.DelegatingMethodAccessorImpl.invoke(DelegatingMethodAccessorImpl.java:43)
	at java.lang.reflect.Method.invoke(Method.java:498)
	at org.codehaus.groovy.runtime.callsite.PogoMetaMethodSite$PogoCachedMethodSiteNoUnwrapNoCoerce.invoke(PogoMetaMethodSite.java:210)
	at org.codehaus.groovy.runtime.callsite.PogoMetaMethodSite.callCurrent(PogoMetaMethodSite.java:59)
	at org.codehaus.groovy.runtime.callsite.CallSiteArray.defaultCallCurrent(CallSiteArray.java:52)
	at org.codehaus.groovy.runtime.callsite.AbstractCallSite.callCurrent(AbstractCallSite.java:154)
	at org.codehaus.groovy.runtime.callsite.AbstractCallSite.callCurrent(AbstractCallSite.java:166)
	at io.restassured.internal.ResponseSpecificationImpl.header(ResponseSpecificationImpl.groovy:178)
	at io.restassured.internal.ValidatableResponseOptionsImpl.header(ValidatableResponseOptionsImpl.java:144)
	at org.fcrepo.spec.testsuite.crud.HttpGet.respondWantDigestMd5(HttpGet.java:190)
	at sun.reflect.NativeMethodAccessorImpl.invoke0(Native Method)
	at sun.reflect.NativeMethodAccessorImpl.invoke(NativeMethodAccessorImpl.java:62)
	at sun.reflect.DelegatingMethodAccessorImpl.invoke(DelegatingMethodAccessorImpl.java:43)
	at java.lang.reflect.Method.invoke(Method.java:498)
	at org.testng.internal.MethodInvocationHelper.invokeMethod(MethodInvocationHelper.java:104)
	at org.testng.internal.Invoker.invokeMethod(Invoker.java:645)
	at org.testng.internal.Invoker.invokeTestMethod(Invoker.java:851)
	at org.testng.internal.Invoker.invokeTestMethods(Invoker.java:1177)
	at org.testng.internal.TestMethodWorker.invokeTestMethods(TestMethodWorker.java:129)
	at org.testng.internal.TestMethodWorker.run(TestMethodWorker.java:112)
	at org.testng.TestRunner.privateRun(TestRunner.java:756)
	at org.testng.TestRunner.run(TestRunner.java:610)
	at org.testng.SuiteRunner.runTest(SuiteRunner.java:387)
	at org.testng.SuiteRunner.runSequentially(SuiteRunner.java:382)
	at org.testng.SuiteRunner.privateRun(SuiteRunner.java:340)
	at org.testng.SuiteRunner.run(SuiteRunner.java:289)
	at org.testng.SuiteRunnerWorker.runSuite(SuiteRunnerWorker.java:52)
	at org.testng.SuiteRunnerWorker.run(SuiteRunnerWorker.java:86)
	at org.testng.TestNG.runSuitesSequentially(TestNG.java:1293)
	at org.testng.TestNG.runSuitesLocally(TestNG.java:1218)
	at org.testng.TestNG.runSuites(TestNG.java:1133)
	at org.testng.TestNG.run(TestNG.java:1104)
	at org.fcrepo.spec.testsuite.App.main(App.java:309)
]]>
    </failure>
  </testcase> <!-- respondWantDigestMd5 -->
  <testcase name="respondWantDigestNonSupported" time="0.038" classname="org.fcrepo.spec.testsuite.crud.HttpGet">
    <failure type="java.lang.AssertionError" message="1 expectation failed.
Expected status code &lt;400&gt; but was &lt;200&gt;.
">
      <![CDATA[java.lang.AssertionError: 1 expectation failed.
Expected status code <400> but was <200>.

	at sun.reflect.GeneratedConstructorAccessor61.newInstance(Unknown Source)
	at sun.reflect.DelegatingConstructorAccessorImpl.newInstance(DelegatingConstructorAccessorImpl.java:45)
	at java.lang.reflect.Constructor.newInstance(Constructor.java:423)
	at org.codehaus.groovy.reflection.CachedConstructor.invoke(CachedConstructor.java:83)
	at org.codehaus.groovy.reflection.CachedConstructor.doConstructorInvoke(CachedConstructor.java:77)
	at org.codehaus.groovy.runtime.callsite.ConstructorSite$ConstructorSiteNoUnwrap.callConstructor(ConstructorSite.java:84)
	at org.codehaus.groovy.runtime.callsite.AbstractCallSite.callConstructor(AbstractCallSite.java:247)
	at io.restassured.internal.ResponseSpecificationImpl$HamcrestAssertionClosure.validate(ResponseSpecificationImpl.groovy:483)
	at io.restassured.internal.ResponseSpecificationImpl$HamcrestAssertionClosure$validate$1.call(Unknown Source)
	at io.restassured.internal.ResponseSpecificationImpl.validateResponseIfRequired(ResponseSpecificationImpl.groovy:655)
	at sun.reflect.GeneratedMethodAccessor142.invoke(Unknown Source)
	at sun.reflect.DelegatingMethodAccessorImpl.invoke(DelegatingMethodAccessorImpl.java:43)
	at java.lang.reflect.Method.invoke(Method.java:498)
	at org.codehaus.groovy.runtime.callsite.PogoMetaMethodSite$PogoCachedMethodSiteNoUnwrapNoCoerce.invoke(PogoMetaMethodSite.java:210)
	at org.codehaus.groovy.runtime.callsite.PogoMetaMethodSite.callCurrent(PogoMetaMethodSite.java:59)
	at org.codehaus.groovy.runtime.callsite.AbstractCallSite.callCurrent(AbstractCallSite.java:166)
	at io.restassured.internal.ResponseSpecificationImpl.statusCode(ResponseSpecificationImpl.groovy:123)
	at io.restassured.specification.ResponseSpecification$statusCode$0.callCurrent(Unknown Source)
	at io.restassured.internal.ResponseSpecificationImpl.statusCode(ResponseSpecificationImpl.groovy:131)
	at io.restassured.internal.ValidatableResponseOptionsImpl.statusCode(ValidatableResponseOptionsImpl.java:119)
	at org.fcrepo.spec.testsuite.crud.HttpGet.respondWantDigestNonSupported(HttpGet.java:372)
	at sun.reflect.NativeMethodAccessorImpl.invoke0(Native Method)
	at sun.reflect.NativeMethodAccessorImpl.invoke(NativeMethodAccessorImpl.java:62)
	at sun.reflect.DelegatingMethodAccessorImpl.invoke(DelegatingMethodAccessorImpl.java:43)
	at java.lang.reflect.Method.invoke(Method.java:498)
	at org.testng.internal.MethodInvocationHelper.invokeMethod(MethodInvocationHelper.java:104)
	at org.testng.internal.Invoker.invokeMethod(Invoker.java:645)
	at org.testng.internal.Invoker.invokeTestMethod(Invoker.java:851)
	at org.testng.internal.Invoker.invokeTestMethods(Invoker.java:1177)
	at org.testng.internal.TestMethodWorker.invokeTestMethods(TestMethodWorker.java:129)
	at org.testng.internal.TestMethodWorker.run(TestMethodWorker.java:112)
	at org.testng.TestRunner.privateRun(TestRunner.java:756)
	at org.testng.TestRunner.run(TestRunner.java:610)
	at org.testng.SuiteRunner.runTest(SuiteRunner.java:387)
	at org.testng.SuiteRunner.runSequentially(SuiteRunner.java:382)
	at org.testng.SuiteRunner.privateRun(SuiteRunner.java:340)
	at org.testng.SuiteRunner.run(SuiteRunner.java:289)
	at org.testng.SuiteRunnerWorker.runSuite(SuiteRunnerWorker.java:52)
	at org.testng.SuiteRunnerWorker.run(SuiteRunnerWorker.java:86)
	at org.testng.TestNG.runSuitesSequentially(TestNG.java:1293)
	at org.testng.TestNG.runSuitesLocally(TestNG.java:1218)
	at org.testng.TestNG.runSuites(TestNG.java:1133)
	at org.testng.TestNG.run(TestNG.java:1104)
	at org.fcrepo.spec.testsuite.App.main(App.java:309)
]]>
    </failure>
  </testcase> <!-- respondWantDigestNonSupported -->
  <testcase name="respondWantDigestTwoSupportedQvalueZero" time="0.043" classname="org.fcrepo.spec.testsuite.crud.HttpGet">
    <failure type="java.lang.AssertionError" message="1 expectation failed.
Expected header &quot;Digest&quot; was not a string containing &quot;md5&quot;, was &quot;null&quot;. Headers are:
Date=Fri, 02 Aug 2019 16:47:40 GMT
Last-Modified=Fri, 02 Aug 2019 16:47:40 GMT
Vary=Accept
Vary=Accept-Datetime
Vary=Range
Link=&lt;http://www.w3.org/ns/ldp#NonRDFSource&gt;; rel=&quot;type&quot;
Link=&lt;http://www.w3.org/ns/ldp#Resource&gt;; rel=&quot;type&quot;
Link=&lt;http://0.0.0.0:8080/testsuitecontainer08022019124735/3.2.3-D&gt;; rel=&quot;original timegate&quot;
Link=&lt;http://0.0.0.0:8080/testsuitecontainer08022019124735/3.2.3-D?ext=timemap&gt;; rel=&quot;timemap&quot;; from=&quot;Fri, 2 Aug 2019 16:47:40 GMT&quot;; until=&quot;Fri, 2 Aug 2019 16:47:40 GMT&quot;; type=&quot;application/link-format&quot;
Link=&lt;http://0.0.0.0:8080/testsuitecontainer08022019124735/3.2.3-D?version=1564764460&gt;; rel=&quot;first last memento&quot;; datetime=&quot;Fri, 2 Aug 2019 16:47:40 GMT&quot;
Link=&lt;http://0.0.0.0:8080/testsuitecontainer08022019124735/3.2.3-D&gt;; rel=&quot;canonical&quot;
Link=&lt;http://0.0.0.0:8080/testsuitecontainer08022019124735/3.2.3-D?ext=description&gt;; rel=&quot;describedby&quot;
Link=&lt;http://0.0.0.0:8080/testsuitecontainer08022019124735/3.2.3-D&gt;; rel=&quot;self&quot;
Link=&lt;http://0.0.0.0:8080/testsuitecontainer08022019124735/3.2.3-D?ext=acl&gt;; rel=&quot;acl&quot;
Accept-Patch=application/sparql-update
Content-Type=text/plain;charset=iso-8859-1
Accept-Ranges=bytes
ETag=&quot;517c934dda9f50afc0ecad888c9efd41&quot;
Allow=GET,HEAD,OPTIONS,PUT,DELETE
Cache-Control=no-transform, must-revalidate, max-age=86400
Vary=Accept-Encoding
Content-Length=10
">
      <![CDATA[java.lang.AssertionError: 1 expectation failed.
Expected header "Digest" was not a string containing "md5", was "null". Headers are:
Date=Fri, 02 Aug 2019 16:47:40 GMT
Last-Modified=Fri, 02 Aug 2019 16:47:40 GMT
Vary=Accept
Vary=Accept-Datetime
Vary=Range
Link=<http://www.w3.org/ns/ldp#NonRDFSource>; rel="type"
Link=<http://www.w3.org/ns/ldp#Resource>; rel="type"
Link=<http://0.0.0.0:8080/testsuitecontainer08022019124735/3.2.3-D>; rel="original timegate"
Link=<http://0.0.0.0:8080/testsuitecontainer08022019124735/3.2.3-D?ext=timemap>; rel="timemap"; from="Fri, 2 Aug 2019 16:47:40 GMT"; until="Fri, 2 Aug 2019 16:47:40 GMT"; type="application/link-format"
Link=<http://0.0.0.0:8080/testsuitecontainer08022019124735/3.2.3-D?version=1564764460>; rel="first last memento"; datetime="Fri, 2 Aug 2019 16:47:40 GMT"
Link=<http://0.0.0.0:8080/testsuitecontainer08022019124735/3.2.3-D>; rel="canonical"
Link=<http://0.0.0.0:8080/testsuitecontainer08022019124735/3.2.3-D?ext=description>; rel="describedby"
Link=<http://0.0.0.0:8080/testsuitecontainer08022019124735/3.2.3-D>; rel="self"
Link=<http://0.0.0.0:8080/testsuitecontainer08022019124735/3.2.3-D?ext=acl>; rel="acl"
Accept-Patch=application/sparql-update
Content-Type=text/plain;charset=iso-8859-1
Accept-Ranges=bytes
ETag="517c934dda9f50afc0ecad888c9efd41"
Allow=GET,HEAD,OPTIONS,PUT,DELETE
Cache-Control=no-transform, must-revalidate, max-age=86400
Vary=Accept-Encoding
Content-Length=10

	at sun.reflect.GeneratedConstructorAccessor61.newInstance(Unknown Source)
	at sun.reflect.DelegatingConstructorAccessorImpl.newInstance(DelegatingConstructorAccessorImpl.java:45)
	at java.lang.reflect.Constructor.newInstance(Constructor.java:423)
	at org.codehaus.groovy.reflection.CachedConstructor.invoke(CachedConstructor.java:83)
	at org.codehaus.groovy.reflection.CachedConstructor.doConstructorInvoke(CachedConstructor.java:77)
	at org.codehaus.groovy.runtime.callsite.ConstructorSite$ConstructorSiteNoUnwrap.callConstructor(ConstructorSite.java:84)
	at org.codehaus.groovy.runtime.callsite.AbstractCallSite.callConstructor(AbstractCallSite.java:247)
	at io.restassured.internal.ResponseSpecificationImpl$HamcrestAssertionClosure.validate(ResponseSpecificationImpl.groovy:483)
	at io.restassured.internal.ResponseSpecificationImpl$HamcrestAssertionClosure$validate$1.call(Unknown Source)
	at io.restassured.internal.ResponseSpecificationImpl.validateResponseIfRequired(ResponseSpecificationImpl.groovy:655)
	at sun.reflect.GeneratedMethodAccessor142.invoke(Unknown Source)
	at sun.reflect.DelegatingMethodAccessorImpl.invoke(DelegatingMethodAccessorImpl.java:43)
	at java.lang.reflect.Method.invoke(Method.java:498)
	at org.codehaus.groovy.runtime.callsite.PogoMetaMethodSite$PogoCachedMethodSiteNoUnwrapNoCoerce.invoke(PogoMetaMethodSite.java:210)
	at org.codehaus.groovy.runtime.callsite.PogoMetaMethodSite.callCurrent(PogoMetaMethodSite.java:59)
	at org.codehaus.groovy.runtime.callsite.AbstractCallSite.callCurrent(AbstractCallSite.java:166)
	at io.restassured.internal.ResponseSpecificationImpl.header(ResponseSpecificationImpl.groovy:178)
	at io.restassured.internal.ValidatableResponseOptionsImpl.header(ValidatableResponseOptionsImpl.java:144)
	at org.fcrepo.spec.testsuite.crud.HttpGet.respondWantDigestTwoSupportedQvalueZero(HttpGet.java:326)
	at sun.reflect.NativeMethodAccessorImpl.invoke0(Native Method)
	at sun.reflect.NativeMethodAccessorImpl.invoke(NativeMethodAccessorImpl.java:62)
	at sun.reflect.DelegatingMethodAccessorImpl.invoke(DelegatingMethodAccessorImpl.java:43)
	at java.lang.reflect.Method.invoke(Method.java:498)
	at org.testng.internal.MethodInvocationHelper.invokeMethod(MethodInvocationHelper.java:104)
	at org.testng.internal.Invoker.invokeMethod(Invoker.java:645)
	at org.testng.internal.Invoker.invokeTestMethod(Invoker.java:851)
	at org.testng.internal.Invoker.invokeTestMethods(Invoker.java:1177)
	at org.testng.internal.TestMethodWorker.invokeTestMethods(TestMethodWorker.java:129)
	at org.testng.internal.TestMethodWorker.run(TestMethodWorker.java:112)
	at org.testng.TestRunner.privateRun(TestRunner.java:756)
	at org.testng.TestRunner.run(TestRunner.java:610)
	at org.testng.SuiteRunner.runTest(SuiteRunner.java:387)
	at org.testng.SuiteRunner.runSequentially(SuiteRunner.java:382)
	at org.testng.SuiteRunner.privateRun(SuiteRunner.java:340)
	at org.testng.SuiteRunner.run(SuiteRunner.java:289)
	at org.testng.SuiteRunnerWorker.runSuite(SuiteRunnerWorker.java:52)
	at org.testng.SuiteRunnerWorker.run(SuiteRunnerWorker.java:86)
	at org.testng.TestNG.runSuitesSequentially(TestNG.java:1293)
	at org.testng.TestNG.runSuitesLocally(TestNG.java:1218)
	at org.testng.TestNG.runSuites(TestNG.java:1133)
	at org.testng.TestNG.run(TestNG.java:1104)
	at org.fcrepo.spec.testsuite.App.main(App.java:309)
]]>
    </failure>
  </testcase> <!-- respondWantDigestTwoSupportedQvalueZero -->
  <testcase name="respondWantDigestNonSupportedWithSupported" time="0.041" classname="org.fcrepo.spec.testsuite.crud.HttpGet">
    <failure type="java.lang.AssertionError" message="1 expectation failed.
Expected header &quot;Digest&quot; was not a string containing &quot;md5&quot;, was &quot;null&quot;. Headers are:
Date=Fri, 02 Aug 2019 16:47:40 GMT
Last-Modified=Fri, 02 Aug 2019 16:47:40 GMT
Vary=Accept
Vary=Accept-Datetime
Vary=Range
Link=&lt;http://www.w3.org/ns/ldp#NonRDFSource&gt;; rel=&quot;type&quot;
Link=&lt;http://www.w3.org/ns/ldp#Resource&gt;; rel=&quot;type&quot;
Link=&lt;http://0.0.0.0:8080/testsuitecontainer08022019124735/3.2.3-E&gt;; rel=&quot;original timegate&quot;
Link=&lt;http://0.0.0.0:8080/testsuitecontainer08022019124735/3.2.3-E?ext=timemap&gt;; rel=&quot;timemap&quot;; from=&quot;Fri, 2 Aug 2019 16:47:40 GMT&quot;; until=&quot;Fri, 2 Aug 2019 16:47:40 GMT&quot;; type=&quot;application/link-format&quot;
Link=&lt;http://0.0.0.0:8080/testsuitecontainer08022019124735/3.2.3-E?version=1564764460&gt;; rel=&quot;first last memento&quot;; datetime=&quot;Fri, 2 Aug 2019 16:47:40 GMT&quot;
Link=&lt;http://0.0.0.0:8080/testsuitecontainer08022019124735/3.2.3-E&gt;; rel=&quot;canonical&quot;
Link=&lt;http://0.0.0.0:8080/testsuitecontainer08022019124735/3.2.3-E?ext=description&gt;; rel=&quot;describedby&quot;
Link=&lt;http://0.0.0.0:8080/testsuitecontainer08022019124735/3.2.3-E&gt;; rel=&quot;self&quot;
Link=&lt;http://0.0.0.0:8080/testsuitecontainer08022019124735/3.2.3-E?ext=acl&gt;; rel=&quot;acl&quot;
Accept-Patch=application/sparql-update
Content-Type=text/plain;charset=iso-8859-1
Accept-Ranges=bytes
ETag=&quot;3147881b1512ff748ef01be3a3b64808&quot;
Allow=GET,HEAD,OPTIONS,PUT,DELETE
Cache-Control=no-transform, must-revalidate, max-age=86400
Vary=Accept-Encoding
Content-Length=10
">
      <![CDATA[java.lang.AssertionError: 1 expectation failed.
Expected header "Digest" was not a string containing "md5", was "null". Headers are:
Date=Fri, 02 Aug 2019 16:47:40 GMT
Last-Modified=Fri, 02 Aug 2019 16:47:40 GMT
Vary=Accept
Vary=Accept-Datetime
Vary=Range
Link=<http://www.w3.org/ns/ldp#NonRDFSource>; rel="type"
Link=<http://www.w3.org/ns/ldp#Resource>; rel="type"
Link=<http://0.0.0.0:8080/testsuitecontainer08022019124735/3.2.3-E>; rel="original timegate"
Link=<http://0.0.0.0:8080/testsuitecontainer08022019124735/3.2.3-E?ext=timemap>; rel="timemap"; from="Fri, 2 Aug 2019 16:47:40 GMT"; until="Fri, 2 Aug 2019 16:47:40 GMT"; type="application/link-format"
Link=<http://0.0.0.0:8080/testsuitecontainer08022019124735/3.2.3-E?version=1564764460>; rel="first last memento"; datetime="Fri, 2 Aug 2019 16:47:40 GMT"
Link=<http://0.0.0.0:8080/testsuitecontainer08022019124735/3.2.3-E>; rel="canonical"
Link=<http://0.0.0.0:8080/testsuitecontainer08022019124735/3.2.3-E?ext=description>; rel="describedby"
Link=<http://0.0.0.0:8080/testsuitecontainer08022019124735/3.2.3-E>; rel="self"
Link=<http://0.0.0.0:8080/testsuitecontainer08022019124735/3.2.3-E?ext=acl>; rel="acl"
Accept-Patch=application/sparql-update
Content-Type=text/plain;charset=iso-8859-1
Accept-Ranges=bytes
ETag="3147881b1512ff748ef01be3a3b64808"
Allow=GET,HEAD,OPTIONS,PUT,DELETE
Cache-Control=no-transform, must-revalidate, max-age=86400
Vary=Accept-Encoding
Content-Length=10

	at sun.reflect.GeneratedConstructorAccessor61.newInstance(Unknown Source)
	at sun.reflect.DelegatingConstructorAccessorImpl.newInstance(DelegatingConstructorAccessorImpl.java:45)
	at java.lang.reflect.Constructor.newInstance(Constructor.java:423)
	at org.codehaus.groovy.reflection.CachedConstructor.invoke(CachedConstructor.java:83)
	at org.codehaus.groovy.reflection.CachedConstructor.doConstructorInvoke(CachedConstructor.java:77)
	at org.codehaus.groovy.runtime.callsite.ConstructorSite$ConstructorSiteNoUnwrap.callConstructor(ConstructorSite.java:84)
	at org.codehaus.groovy.runtime.callsite.AbstractCallSite.callConstructor(AbstractCallSite.java:247)
	at io.restassured.internal.ResponseSpecificationImpl$HamcrestAssertionClosure.validate(ResponseSpecificationImpl.groovy:483)
	at io.restassured.internal.ResponseSpecificationImpl$HamcrestAssertionClosure$validate$1.call(Unknown Source)
	at io.restassured.internal.ResponseSpecificationImpl.validateResponseIfRequired(ResponseSpecificationImpl.groovy:655)
	at sun.reflect.GeneratedMethodAccessor142.invoke(Unknown Source)
	at sun.reflect.DelegatingMethodAccessorImpl.invoke(DelegatingMethodAccessorImpl.java:43)
	at java.lang.reflect.Method.invoke(Method.java:498)
	at org.codehaus.groovy.runtime.callsite.PogoMetaMethodSite$PogoCachedMethodSiteNoUnwrapNoCoerce.invoke(PogoMetaMethodSite.java:210)
	at org.codehaus.groovy.runtime.callsite.PogoMetaMethodSite.callCurrent(PogoMetaMethodSite.java:59)
	at org.codehaus.groovy.runtime.callsite.AbstractCallSite.callCurrent(AbstractCallSite.java:166)
	at io.restassured.internal.ResponseSpecificationImpl.header(ResponseSpecificationImpl.groovy:178)
	at io.restassured.internal.ValidatableResponseOptionsImpl.header(ValidatableResponseOptionsImpl.java:144)
	at org.fcrepo.spec.testsuite.crud.HttpGet.respondWantDigestNonSupportedWithSupported(HttpGet.java:349)
	at sun.reflect.NativeMethodAccessorImpl.invoke0(Native Method)
	at sun.reflect.NativeMethodAccessorImpl.invoke(NativeMethodAccessorImpl.java:62)
	at sun.reflect.DelegatingMethodAccessorImpl.invoke(DelegatingMethodAccessorImpl.java:43)
	at java.lang.reflect.Method.invoke(Method.java:498)
	at org.testng.internal.MethodInvocationHelper.invokeMethod(MethodInvocationHelper.java:104)
	at org.testng.internal.Invoker.invokeMethod(Invoker.java:645)
	at org.testng.internal.Invoker.invokeTestMethod(Invoker.java:851)
	at org.testng.internal.Invoker.invokeTestMethods(Invoker.java:1177)
	at org.testng.internal.TestMethodWorker.invokeTestMethods(TestMethodWorker.java:129)
	at org.testng.internal.TestMethodWorker.run(TestMethodWorker.java:112)
	at org.testng.TestRunner.privateRun(TestRunner.java:756)
	at org.testng.TestRunner.run(TestRunner.java:610)
	at org.testng.SuiteRunner.runTest(SuiteRunner.java:387)
	at org.testng.SuiteRunner.runSequentially(SuiteRunner.java:382)
	at org.testng.SuiteRunner.privateRun(SuiteRunner.java:340)
	at org.testng.SuiteRunner.run(SuiteRunner.java:289)
	at org.testng.SuiteRunnerWorker.runSuite(SuiteRunnerWorker.java:52)
	at org.testng.SuiteRunnerWorker.run(SuiteRunnerWorker.java:86)
	at org.testng.TestNG.runSuitesSequentially(TestNG.java:1293)
	at org.testng.TestNG.runSuitesLocally(TestNG.java:1218)
	at org.testng.TestNG.runSuites(TestNG.java:1133)
	at org.testng.TestNG.run(TestNG.java:1104)
	at org.fcrepo.spec.testsuite.App.main(App.java:309)
]]>
    </failure>
  </testcase> <!-- respondWantDigestNonSupportedWithSupported -->
  <testcase name="respondWantDigestTwoSupported" time="0.045" classname="org.fcrepo.spec.testsuite.crud.HttpGet">
    <error type="java.lang.NullPointerException">
      <![CDATA[java.lang.NullPointerException
	at org.fcrepo.spec.testsuite.crud.HttpGet.respondWantDigestTwoSupported(HttpGet.java:269)
	at sun.reflect.NativeMethodAccessorImpl.invoke0(Native Method)
	at sun.reflect.NativeMethodAccessorImpl.invoke(NativeMethodAccessorImpl.java:62)
	at sun.reflect.DelegatingMethodAccessorImpl.invoke(DelegatingMethodAccessorImpl.java:43)
	at java.lang.reflect.Method.invoke(Method.java:498)
	at org.testng.internal.MethodInvocationHelper.invokeMethod(MethodInvocationHelper.java:104)
	at org.testng.internal.Invoker.invokeMethod(Invoker.java:645)
	at org.testng.internal.Invoker.invokeTestMethod(Invoker.java:851)
	at org.testng.internal.Invoker.invokeTestMethods(Invoker.java:1177)
	at org.testng.internal.TestMethodWorker.invokeTestMethods(TestMethodWorker.java:129)
	at org.testng.internal.TestMethodWorker.run(TestMethodWorker.java:112)
	at org.testng.TestRunner.privateRun(TestRunner.java:756)
	at org.testng.TestRunner.run(TestRunner.java:610)
	at org.testng.SuiteRunner.runTest(SuiteRunner.java:387)
	at org.testng.SuiteRunner.runSequentially(SuiteRunner.java:382)
	at org.testng.SuiteRunner.privateRun(SuiteRunner.java:340)
	at org.testng.SuiteRunner.run(SuiteRunner.java:289)
	at org.testng.SuiteRunnerWorker.runSuite(SuiteRunnerWorker.java:52)
	at org.testng.SuiteRunnerWorker.run(SuiteRunnerWorker.java:86)
	at org.testng.TestNG.runSuitesSequentially(TestNG.java:1293)
	at org.testng.TestNG.runSuitesLocally(TestNG.java:1218)
	at org.testng.TestNG.runSuites(TestNG.java:1133)
	at org.testng.TestNG.run(TestNG.java:1104)
	at org.fcrepo.spec.testsuite.App.main(App.java:309)
]]>
    </error>
  </testcase> <!-- respondWantDigestTwoSupported -->
  <testcase name="respondWantDigestSha1" time="0.040" classname="org.fcrepo.spec.testsuite.crud.HttpGet">
    <failure type="java.lang.AssertionError" message="1 expectation failed.
Expected header &quot;Digest&quot; was not a string containing &quot;sha&quot;, was &quot;null&quot;. Headers are:
Date=Fri, 02 Aug 2019 16:47:40 GMT
Last-Modified=Fri, 02 Aug 2019 16:47:40 GMT
Vary=Accept
Vary=Accept-Datetime
Vary=Range
Link=&lt;http://www.w3.org/ns/ldp#NonRDFSource&gt;; rel=&quot;type&quot;
Link=&lt;http://www.w3.org/ns/ldp#Resource&gt;; rel=&quot;type&quot;
Link=&lt;http://0.0.0.0:8080/testsuitecontainer08022019124735/3.2.3-A-2&gt;; rel=&quot;original timegate&quot;
Link=&lt;http://0.0.0.0:8080/testsuitecontainer08022019124735/3.2.3-A-2?ext=timemap&gt;; rel=&quot;timemap&quot;; from=&quot;Fri, 2 Aug 2019 16:47:40 GMT&quot;; until=&quot;Fri, 2 Aug 2019 16:47:40 GMT&quot;; type=&quot;application/link-format&quot;
Link=&lt;http://0.0.0.0:8080/testsuitecontainer08022019124735/3.2.3-A-2?version=1564764460&gt;; rel=&quot;first last memento&quot;; datetime=&quot;Fri, 2 Aug 2019 16:47:40 GMT&quot;
Link=&lt;http://0.0.0.0:8080/testsuitecontainer08022019124735/3.2.3-A-2&gt;; rel=&quot;canonical&quot;
Link=&lt;http://0.0.0.0:8080/testsuitecontainer08022019124735/3.2.3-A-2?ext=description&gt;; rel=&quot;describedby&quot;
Link=&lt;http://0.0.0.0:8080/testsuitecontainer08022019124735/3.2.3-A-2&gt;; rel=&quot;self&quot;
Link=&lt;http://0.0.0.0:8080/testsuitecontainer08022019124735/3.2.3-A-2?ext=acl&gt;; rel=&quot;acl&quot;
Accept-Patch=application/sparql-update
Content-Type=text/plain;charset=iso-8859-1
Accept-Ranges=bytes
ETag=&quot;441fbacd0d08c07ccaf2da232b1490c8&quot;
Allow=GET,HEAD,OPTIONS,PUT,DELETE
Cache-Control=no-transform, must-revalidate, max-age=86400
Vary=Accept-Encoding
Content-Length=10
">
      <![CDATA[java.lang.AssertionError: 1 expectation failed.
Expected header "Digest" was not a string containing "sha", was "null". Headers are:
Date=Fri, 02 Aug 2019 16:47:40 GMT
Last-Modified=Fri, 02 Aug 2019 16:47:40 GMT
Vary=Accept
Vary=Accept-Datetime
Vary=Range
Link=<http://www.w3.org/ns/ldp#NonRDFSource>; rel="type"
Link=<http://www.w3.org/ns/ldp#Resource>; rel="type"
Link=<http://0.0.0.0:8080/testsuitecontainer08022019124735/3.2.3-A-2>; rel="original timegate"
Link=<http://0.0.0.0:8080/testsuitecontainer08022019124735/3.2.3-A-2?ext=timemap>; rel="timemap"; from="Fri, 2 Aug 2019 16:47:40 GMT"; until="Fri, 2 Aug 2019 16:47:40 GMT"; type="application/link-format"
Link=<http://0.0.0.0:8080/testsuitecontainer08022019124735/3.2.3-A-2?version=1564764460>; rel="first last memento"; datetime="Fri, 2 Aug 2019 16:47:40 GMT"
Link=<http://0.0.0.0:8080/testsuitecontainer08022019124735/3.2.3-A-2>; rel="canonical"
Link=<http://0.0.0.0:8080/testsuitecontainer08022019124735/3.2.3-A-2?ext=description>; rel="describedby"
Link=<http://0.0.0.0:8080/testsuitecontainer08022019124735/3.2.3-A-2>; rel="self"
Link=<http://0.0.0.0:8080/testsuitecontainer08022019124735/3.2.3-A-2?ext=acl>; rel="acl"
Accept-Patch=application/sparql-update
Content-Type=text/plain;charset=iso-8859-1
Accept-Ranges=bytes
ETag="441fbacd0d08c07ccaf2da232b1490c8"
Allow=GET,HEAD,OPTIONS,PUT,DELETE
Cache-Control=no-transform, must-revalidate, max-age=86400
Vary=Accept-Encoding
Content-Length=10

	at sun.reflect.GeneratedConstructorAccessor61.newInstance(Unknown Source)
	at sun.reflect.DelegatingConstructorAccessorImpl.newInstance(DelegatingConstructorAccessorImpl.java:45)
	at java.lang.reflect.Constructor.newInstance(Constructor.java:423)
	at org.codehaus.groovy.reflection.CachedConstructor.invoke(CachedConstructor.java:83)
	at org.codehaus.groovy.reflection.CachedConstructor.doConstructorInvoke(CachedConstructor.java:77)
	at org.codehaus.groovy.runtime.callsite.ConstructorSite$ConstructorSiteNoUnwrap.callConstructor(ConstructorSite.java:84)
	at org.codehaus.groovy.runtime.callsite.AbstractCallSite.callConstructor(AbstractCallSite.java:247)
	at io.restassured.internal.ResponseSpecificationImpl$HamcrestAssertionClosure.validate(ResponseSpecificationImpl.groovy:483)
	at io.restassured.internal.ResponseSpecificationImpl$HamcrestAssertionClosure$validate$1.call(Unknown Source)
	at io.restassured.internal.ResponseSpecificationImpl.validateResponseIfRequired(ResponseSpecificationImpl.groovy:655)
	at sun.reflect.GeneratedMethodAccessor142.invoke(Unknown Source)
	at sun.reflect.DelegatingMethodAccessorImpl.invoke(DelegatingMethodAccessorImpl.java:43)
	at java.lang.reflect.Method.invoke(Method.java:498)
	at org.codehaus.groovy.runtime.callsite.PogoMetaMethodSite$PogoCachedMethodSiteNoUnwrapNoCoerce.invoke(PogoMetaMethodSite.java:210)
	at org.codehaus.groovy.runtime.callsite.PogoMetaMethodSite.callCurrent(PogoMetaMethodSite.java:59)
	at org.codehaus.groovy.runtime.callsite.AbstractCallSite.callCurrent(AbstractCallSite.java:166)
	at io.restassured.internal.ResponseSpecificationImpl.header(ResponseSpecificationImpl.groovy:178)
	at io.restassured.internal.ValidatableResponseOptionsImpl.header(ValidatableResponseOptionsImpl.java:144)
	at org.fcrepo.spec.testsuite.crud.HttpGet.respondWantDigestSha1(HttpGet.java:214)
	at sun.reflect.NativeMethodAccessorImpl.invoke0(Native Method)
	at sun.reflect.NativeMethodAccessorImpl.invoke(NativeMethodAccessorImpl.java:62)
	at sun.reflect.DelegatingMethodAccessorImpl.invoke(DelegatingMethodAccessorImpl.java:43)
	at java.lang.reflect.Method.invoke(Method.java:498)
	at org.testng.internal.MethodInvocationHelper.invokeMethod(MethodInvocationHelper.java:104)
	at org.testng.internal.Invoker.invokeMethod(Invoker.java:645)
	at org.testng.internal.Invoker.invokeTestMethod(Invoker.java:851)
	at org.testng.internal.Invoker.invokeTestMethods(Invoker.java:1177)
	at org.testng.internal.TestMethodWorker.invokeTestMethods(TestMethodWorker.java:129)
	at org.testng.internal.TestMethodWorker.run(TestMethodWorker.java:112)
	at org.testng.TestRunner.privateRun(TestRunner.java:756)
	at org.testng.TestRunner.run(TestRunner.java:610)
	at org.testng.SuiteRunner.runTest(SuiteRunner.java:387)
	at org.testng.SuiteRunner.runSequentially(SuiteRunner.java:382)
	at org.testng.SuiteRunner.privateRun(SuiteRunner.java:340)
	at org.testng.SuiteRunner.run(SuiteRunner.java:289)
	at org.testng.SuiteRunnerWorker.runSuite(SuiteRunnerWorker.java:52)
	at org.testng.SuiteRunnerWorker.run(SuiteRunnerWorker.java:86)
	at org.testng.TestNG.runSuitesSequentially(TestNG.java:1293)
	at org.testng.TestNG.runSuitesLocally(TestNG.java:1218)
	at org.testng.TestNG.runSuites(TestNG.java:1133)
	at org.testng.TestNG.run(TestNG.java:1104)
	at org.fcrepo.spec.testsuite.App.main(App.java:309)
]]>
    </failure>
  </testcase> <!-- respondWantDigestSha1 -->
  <testcase name="respondWantDigestSha256" time="0.039" classname="org.fcrepo.spec.testsuite.crud.HttpGet">
    <failure type="java.lang.AssertionError" message="1 expectation failed.
Expected header &quot;Digest&quot; was not a string containing &quot;sha-256&quot;, was &quot;null&quot;. Headers are:
Date=Fri, 02 Aug 2019 16:47:40 GMT
Last-Modified=Fri, 02 Aug 2019 16:47:40 GMT
Vary=Accept
Vary=Accept-Datetime
Vary=Range
Link=&lt;http://www.w3.org/ns/ldp#NonRDFSource&gt;; rel=&quot;type&quot;
Link=&lt;http://www.w3.org/ns/ldp#Resource&gt;; rel=&quot;type&quot;
Link=&lt;http://0.0.0.0:8080/testsuitecontainer08022019124735/3.2.3-A-3&gt;; rel=&quot;original timegate&quot;
Link=&lt;http://0.0.0.0:8080/testsuitecontainer08022019124735/3.2.3-A-3?ext=timemap&gt;; rel=&quot;timemap&quot;; from=&quot;Fri, 2 Aug 2019 16:47:40 GMT&quot;; until=&quot;Fri, 2 Aug 2019 16:47:40 GMT&quot;; type=&quot;application/link-format&quot;
Link=&lt;http://0.0.0.0:8080/testsuitecontainer08022019124735/3.2.3-A-3?version=1564764460&gt;; rel=&quot;first last memento&quot;; datetime=&quot;Fri, 2 Aug 2019 16:47:40 GMT&quot;
Link=&lt;http://0.0.0.0:8080/testsuitecontainer08022019124735/3.2.3-A-3&gt;; rel=&quot;canonical&quot;
Link=&lt;http://0.0.0.0:8080/testsuitecontainer08022019124735/3.2.3-A-3?ext=description&gt;; rel=&quot;describedby&quot;
Link=&lt;http://0.0.0.0:8080/testsuitecontainer08022019124735/3.2.3-A-3&gt;; rel=&quot;self&quot;
Link=&lt;http://0.0.0.0:8080/testsuitecontainer08022019124735/3.2.3-A-3?ext=acl&gt;; rel=&quot;acl&quot;
Accept-Patch=application/sparql-update
Content-Type=text/plain;charset=iso-8859-1
Accept-Ranges=bytes
ETag=&quot;1d7e3a9799ee8b02773d3d9341473027&quot;
Allow=GET,HEAD,OPTIONS,PUT,DELETE
Cache-Control=no-transform, must-revalidate, max-age=86400
Vary=Accept-Encoding
Content-Length=10
">
      <![CDATA[java.lang.AssertionError: 1 expectation failed.
Expected header "Digest" was not a string containing "sha-256", was "null". Headers are:
Date=Fri, 02 Aug 2019 16:47:40 GMT
Last-Modified=Fri, 02 Aug 2019 16:47:40 GMT
Vary=Accept
Vary=Accept-Datetime
Vary=Range
Link=<http://www.w3.org/ns/ldp#NonRDFSource>; rel="type"
Link=<http://www.w3.org/ns/ldp#Resource>; rel="type"
Link=<http://0.0.0.0:8080/testsuitecontainer08022019124735/3.2.3-A-3>; rel="original timegate"
Link=<http://0.0.0.0:8080/testsuitecontainer08022019124735/3.2.3-A-3?ext=timemap>; rel="timemap"; from="Fri, 2 Aug 2019 16:47:40 GMT"; until="Fri, 2 Aug 2019 16:47:40 GMT"; type="application/link-format"
Link=<http://0.0.0.0:8080/testsuitecontainer08022019124735/3.2.3-A-3?version=1564764460>; rel="first last memento"; datetime="Fri, 2 Aug 2019 16:47:40 GMT"
Link=<http://0.0.0.0:8080/testsuitecontainer08022019124735/3.2.3-A-3>; rel="canonical"
Link=<http://0.0.0.0:8080/testsuitecontainer08022019124735/3.2.3-A-3?ext=description>; rel="describedby"
Link=<http://0.0.0.0:8080/testsuitecontainer08022019124735/3.2.3-A-3>; rel="self"
Link=<http://0.0.0.0:8080/testsuitecontainer08022019124735/3.2.3-A-3?ext=acl>; rel="acl"
Accept-Patch=application/sparql-update
Content-Type=text/plain;charset=iso-8859-1
Accept-Ranges=bytes
ETag="1d7e3a9799ee8b02773d3d9341473027"
Allow=GET,HEAD,OPTIONS,PUT,DELETE
Cache-Control=no-transform, must-revalidate, max-age=86400
Vary=Accept-Encoding
Content-Length=10

	at sun.reflect.GeneratedConstructorAccessor61.newInstance(Unknown Source)
	at sun.reflect.DelegatingConstructorAccessorImpl.newInstance(DelegatingConstructorAccessorImpl.java:45)
	at java.lang.reflect.Constructor.newInstance(Constructor.java:423)
	at org.codehaus.groovy.reflection.CachedConstructor.invoke(CachedConstructor.java:83)
	at org.codehaus.groovy.reflection.CachedConstructor.doConstructorInvoke(CachedConstructor.java:77)
	at org.codehaus.groovy.runtime.callsite.ConstructorSite$ConstructorSiteNoUnwrap.callConstructor(ConstructorSite.java:84)
	at org.codehaus.groovy.runtime.callsite.AbstractCallSite.callConstructor(AbstractCallSite.java:247)
	at io.restassured.internal.ResponseSpecificationImpl$HamcrestAssertionClosure.validate(ResponseSpecificationImpl.groovy:483)
	at io.restassured.internal.ResponseSpecificationImpl$HamcrestAssertionClosure$validate$1.call(Unknown Source)
	at io.restassured.internal.ResponseSpecificationImpl.validateResponseIfRequired(ResponseSpecificationImpl.groovy:655)
	at sun.reflect.GeneratedMethodAccessor142.invoke(Unknown Source)
	at sun.reflect.DelegatingMethodAccessorImpl.invoke(DelegatingMethodAccessorImpl.java:43)
	at java.lang.reflect.Method.invoke(Method.java:498)
	at org.codehaus.groovy.runtime.callsite.PogoMetaMethodSite$PogoCachedMethodSiteNoUnwrapNoCoerce.invoke(PogoMetaMethodSite.java:210)
	at org.codehaus.groovy.runtime.callsite.PogoMetaMethodSite.callCurrent(PogoMetaMethodSite.java:59)
	at org.codehaus.groovy.runtime.callsite.AbstractCallSite.callCurrent(AbstractCallSite.java:166)
	at io.restassured.internal.ResponseSpecificationImpl.header(ResponseSpecificationImpl.groovy:178)
	at io.restassured.internal.ValidatableResponseOptionsImpl.header(ValidatableResponseOptionsImpl.java:144)
	at org.fcrepo.spec.testsuite.crud.HttpGet.respondWantDigestSha256(HttpGet.java:238)
	at sun.reflect.NativeMethodAccessorImpl.invoke0(Native Method)
	at sun.reflect.NativeMethodAccessorImpl.invoke(NativeMethodAccessorImpl.java:62)
	at sun.reflect.DelegatingMethodAccessorImpl.invoke(DelegatingMethodAccessorImpl.java:43)
	at java.lang.reflect.Method.invoke(Method.java:498)
	at org.testng.internal.MethodInvocationHelper.invokeMethod(MethodInvocationHelper.java:104)
	at org.testng.internal.Invoker.invokeMethod(Invoker.java:645)
	at org.testng.internal.Invoker.invokeTestMethod(Invoker.java:851)
	at org.testng.internal.Invoker.invokeTestMethods(Invoker.java:1177)
	at org.testng.internal.TestMethodWorker.invokeTestMethods(TestMethodWorker.java:129)
	at org.testng.internal.TestMethodWorker.run(TestMethodWorker.java:112)
	at org.testng.TestRunner.privateRun(TestRunner.java:756)
	at org.testng.TestRunner.run(TestRunner.java:610)
	at org.testng.SuiteRunner.runTest(SuiteRunner.java:387)
	at org.testng.SuiteRunner.runSequentially(SuiteRunner.java:382)
	at org.testng.SuiteRunner.privateRun(SuiteRunner.java:340)
	at org.testng.SuiteRunner.run(SuiteRunner.java:289)
	at org.testng.SuiteRunnerWorker.runSuite(SuiteRunnerWorker.java:52)
	at org.testng.SuiteRunnerWorker.run(SuiteRunnerWorker.java:86)
	at org.testng.TestNG.runSuitesSequentially(TestNG.java:1293)
	at org.testng.TestNG.runSuitesLocally(TestNG.java:1218)
	at org.testng.TestNG.runSuites(TestNG.java:1133)
	at org.testng.TestNG.run(TestNG.java:1104)
	at org.fcrepo.spec.testsuite.App.main(App.java:309)
]]>
    </failure>
  </testcase> <!-- respondWantDigestSha256 -->
</testsuite> <!-- org.fcrepo.spec.testsuite.crud.HttpGet -->
